

<!DOCTYPE html>
<html>
<head>
<meta charset="UTF-8">
<meta name="viewport" content="width=device-width, initial-scale=1, shrink-to-fit=no">
<title></title>
<link rel="apple-touch-icon" href="https://cdn.jsdelivr.net/gh/extent-framework/extent-github-cdn@b00a2d0486596e73dd7326beacf352c639623a0e/commons/img/logo.png">
<link rel="shortcut icon" href="https://cdn.jsdelivr.net/gh/extent-framework/extent-github-cdn@b00a2d0486596e73dd7326beacf352c639623a0e/commons/img/logo.png">
<link href="https://cdn.jsdelivr.net/gh/extent-framework/extent-github-cdn@d6562a79075e061305ccfdb82f01e5e195e2d307/spark/css/spark-style.css" rel="stylesheet" />
<link href="https://stackpath.bootstrapcdn.com/font-awesome/4.7.0/css/font-awesome.min.css" rel="stylesheet">
<script src="https://cdn.jsdelivr.net/gh/extent-framework/extent-github-cdn@7cc78ce/spark/js/jsontree.js"></script>
<style type="text/css"></style></head><body class="spa bdd-report standard">
  <div class="app">
    <div class="layout">
<div class="header navbar">
<div class="vheader">
<div class="nav-logo">
<a href="#">
<div class="logo" style="background-image: url('https://cdn.jsdelivr.net/gh/extent-framework/extent-github-cdn@b00a2d0486596e73dd7326beacf352c639623a0e/commons/img/logo.png')"></div>
</a>
</div>
<ul class="nav-left">
<li class="search-box">
<a class="search-toggle" href="#">
<i class="search-icon fa fa-search"></i>
<i class="search-icon-close fa fa-close"></i>
</a>
</li>
<li class="search-input"><input id="search-tests" class="form-control" type="text" placeholder="Search..."></li>
</ul>
<ul class="nav-right">
<li class="m-r-10">
<a href="#"><span class="badge badge-primary"></span></a>
</li>
<li class="m-r-10">
<a href="#"><span class="badge badge-primary">Dec 13, 2022 09:58:53 pm</span></a>
</li>
</ul>
</div>
</div><div class="side-nav">
<div class="side-nav-inner">
<ul class="side-nav-menu">
<li class="nav-item dropdown" onclick="toggleView('test-view')">
<a id="nav-test" class="dropdown-toggle" href="#">
<span class="ico"><i class="fa fa-list"></i></span>
</a>
</li>
<li class="nav-item dropdown" onclick="toggleView('exception-view')">
<a id="nav-exception" class="dropdown-toggle" href="#">
<span class="ico"><i class="fa fa-bug"></i></span>
</a>
</li>
<li class="nav-item dropdown" onclick="toggleView('category-view')">
<a id="nav-category" class="dropdown-toggle" href="#">
<span class="ico"><i class="fa fa-tag"></i></span>
</a>
</li>
<li class="nav-item dropdown" onclick="toggleView('dashboard-view')">
<a id="nav-dashboard" class="dropdown-toggle" href="#">
<span class="ico"><i class="fa fa-bar-chart"></i></span>
</a>
</li>
</ul>
</div>
</div>      <div class="vcontainer">
        <div class="main-content">
<div class="test-wrapper row view test-view">
  <div class="test-list">
    <div class="test-list-tools">
<ul class="tools pull-left">
<li><a href="#"><span class="font-size-14">Tests</span></a></li>
</ul>
<ul class="tools text-right">
<li class="dropdown">
<a href="#" class="dropdown-toggle" data-toggle="dropdown"><i class="fa fa-exclamation-circle"></i></a>
<ul id="status-toggle" class="dropdown-menu dropdown-md p-v-0">
<a class="dropdown-item" status="fail" href="#"><span>Fail</span><span class="status danger"></span></a>
<div class="dropdown-divider"></div>
<a status="clear" class="dropdown-item" href="#"><span>Clear</span><span class="pull-right"><i class="fa fa-close"></i></span></a>
</ul>
</li>
<li class="dropdown">
<a href="#" class="dropdown-toggle" data-toggle="dropdown"><i class="fa fa-tag"></i></a>
<ul id="tag-toggle" class="dropdown-menu dropdown-md p-v-0">
<a class="dropdown-item" href="#">@1ClickApplyJobPosting</a><a class="dropdown-item" href="#">@accountViewActiveJobsOne</a><a class="dropdown-item" href="#">@deleteSavedSearch</a><a class="dropdown-item" href="#">@AccountViewApplications</a><a class="dropdown-item" href="#">@Admin</a><a class="dropdown-item" href="#">@AccountView</a><a class="dropdown-item" href="#">@deleteSavedCard</a><a class="dropdown-item" href="#">@AccountSearch</a><a class="dropdown-item" href="#">@accountValidation</a><a class="dropdown-item" href="#">@accountViewApplicationsOne</a><a class="dropdown-item" href="#">@featuredJobPosting</a><a class="dropdown-item" href="#">@jobPosingSpendTypeAccount</a><a class="dropdown-item" href="#">@Recruiters</a><a class="dropdown-item" href="#">@screeningQuestionJobPosting</a><a class="dropdown-item" href="#">@AdminE2E</a><a class="dropdown-item" href="#">@Regression</a><a class="dropdown-item" href="#">@accountModify</a><a class="dropdown-item" href="#">@accountViewApplicationsTwo</a><a class="dropdown-item" href="#">@nonExternalJobPosting</a><a class="dropdown-item" href="#">@DataSetupForAllTests</a><a class="dropdown-item" href="#">@AdminAccountValidation</a><a class="dropdown-item" href="#">@accountRejection</a><a class="dropdown-item" href="#">@accountViewOne</a><a class="dropdown-item" href="#">@AccountViewActiveJobs</a><a class="dropdown-item" href="#">@Web</a><a class="dropdown-item" href="#">@ReleaseRegression1</a><a class="dropdown-item" href="#">@quickApplyJobPosting</a>
</ul>
</li>
</ul>
</div>    <div class="test-list-wrapper scrollable">
      <ul class="test-list-item">
        <li class="test-item"  status="fail" test-id="1"
          author=""
          tag=""
          device="">
          <div class="test-detail">
            <p class="name">Data setup for candidate tests</p>
            <p class="text-sm">
              <span>9:58:54 pm</span> / <span>00:05:19:911</span>
              <span class="badge fail-bg log float-right">Fail</span>
            </p>
          </div>
          <div class="test-contents d-none">
<div class="detail-head">
<div class="p-v-10">
<div class="info">
<h5 class="test-status text-fail">Data setup for candidate tests</h5>
<span class='badge badge-success'>12.13.2022 9:58:54 pm</span>
<span class='badge badge-danger'>12.13.2022 10:04:14 pm</span>
<span class='badge badge-default'>00:05:19:911</span>
&middot; <span class='uri-anchor badge badge-default'>#test-id=1</span>
<span class='badge badge-default pointer float-right ml-1 et'><i class="fa fa-chevron-down"></i></span>
<span class='badge badge-default pointer float-right ct'><i class="fa fa-chevron-up"></i></span>
</div>
<div class="m-t-10 m-l-5"></div>
</div>
</div>
<div class="accordion mt-4">
  <div class="card">
    <div class="card-header" role="tab">
      <div class="card-title">
        <div class="node" id="2"><span class="badge log fail-bg mr-2">Fail</span>Posting a non external job</div>
          <div class="status-avatar float-right mr-4">
            <i class="fa fa-paperclip"></i>
          </div>
      </div>
    </div>
        <div class="">
          <div class="card-body">
              <div class="step fail-bg" title="com.resumelibrary.cucumber.stepdefinitions.web.client.JobPost.iLoginAsAClientAndPostANonExternalJob()">
                <span>Given I login as a client and post a non external job</span>
      <div>
        <textarea disabled class="code-block">org.openqa.selenium.TimeoutException: Expected condition failed: waiting for url to contain "https://www-master.ci.resume-library.com/hiring/login". Current url: "https://www.resume-library.com/403.html" (tried for 50 second(s) with 500 milliseconds interval)
Build info: version: '4.3.0', revision: 'a4995e2c09*'
System info: host: 'LT-MBP-191', ip: 'fe80:0:0:0:896:f353:16e:55a9%en0', os.name: 'Mac OS X', os.arch: 'aarch64', os.version: '13.0.1', java.version: '19'
Driver info: org.openqa.selenium.remote.RemoteWebDriver
Capabilities {acceptInsecureCerts: false, browserName: chrome, browserVersion: 100.0.4896.127, chrome: {chromedriverVersion: 100.0.4896.60 (6a5d10861ce8..., userDataDir: C:\Users\ltuser\AppData\Loc...}, goog:chromeOptions: {debuggerAddress: localhost:52656}, goog:loggingPrefs: {browser: ALL}, networkConnectionEnabled: false, pageLoadStrategy: normal, performance: false, platformName: WINDOWS, proxy: Proxy(), se:cdpVersion: 100.0.4896.127, setWindowRect: true, strictFileInteractability: false, timeouts: {implicit: 0, pageLoad: 300000, script: 30000}, unhandledPromptBehavior: dismiss and notify, video: true, webauthn:extension:credBlob: true, webauthn:extension:largeBlob: true, webauthn:virtualAuthenticators: true}
Session ID: 3312fb58796e566543a561e87e6cb5bf
	at org.openqa.selenium.support.ui.WebDriverWait.timeoutException(WebDriverWait.java:87)
	at org.openqa.selenium.support.ui.FluentWait.until(FluentWait.java:231)
	at com.resumelibrary.utilities.Utility.webDriverWaitContainsUrl(Utility.java:147)
	at com.resumelibrary.utilities.Utility.waitUntil(Utility.java:131)
	at com.resumelibrary.utilities.Utility.loadWebUrl(Utility.java:66)
	at com.resumelibrary.webtest.misc.MiscPage.loginAsClient(MiscPage.java:306)
	at com.resumelibrary.cucumber.stepdefinitions.web.client.JobPost.iLoginAsAClientAndPostANonExternalJob(JobPost.java:72)
	at ✽.I login as a client and post a non external job(file:///Users/shubhamr/Desktop/rl-selenium-web/./src/test/java/resources/featurefiles/aaajobposting/AADataSetup.feature:70)
</textarea>
      
      </div>
              </div>
              <div class="step pass-bg" title="AFTER">
                <span>com.resumelibrary.cucumber.Hooks.tearDown(io.cucumber.java.Scenario)</span>
      <div>[--->--------------------------------------------<---]
      </div>
      <div>[--->CURRENT URL IS ----> https://www.resume-library.com/403.html<---]
      </div>
      <div>[--->BROWSER NAME   ----> chrome-100.0.4896.127<---]
      </div>
      <div>[--->CURRENT TAG IS : [@DataSetupForAllTests, @Regression, @Web, @ReleaseRegression1, @Recruiters, @nonExternalJobPosting]<---]
      </div>
      <div>[--->--------------------------------------------<---]
      </div>
      <div>Posting a non external job
          <div class="row mb-3"><div class="col-md-3">
<img data-featherlight='./screenshots/embedded4.jpg' src="./screenshots/embedded4.jpg">
    
    </div></div>
</div>
      <div>
      </div>
              </div>
          </div>
        </div>
  </div>
  <div class="card">
    <div class="card-header" role="tab">
      <div class="card-title">
        <div class="node" id="3"><span class="badge log fail-bg mr-2">Fail</span>Posting a screening question job</div>
          <div class="status-avatar float-right mr-4">
            <i class="fa fa-paperclip"></i>
          </div>
      </div>
    </div>
        <div class="">
          <div class="card-body">
              <div class="step fail-bg" title="com.resumelibrary.cucumber.stepdefinitions.web.misc.Misc.iLoginAsAClient()">
                <span>Given I login as a client</span>
      <div>
        <textarea disabled class="code-block">org.openqa.selenium.TimeoutException: Expected condition failed: waiting for url to contain "https://www-master.ci.resume-library.com/hiring/login". Current url: "https://www.resume-library.com/403.html" (tried for 50 second(s) with 500 milliseconds interval)
Build info: version: '4.3.0', revision: 'a4995e2c09*'
System info: host: 'LT-MBP-191', ip: 'fe80:0:0:0:896:f353:16e:55a9%en0', os.name: 'Mac OS X', os.arch: 'aarch64', os.version: '13.0.1', java.version: '19'
Driver info: org.openqa.selenium.remote.RemoteWebDriver
Capabilities {acceptInsecureCerts: false, browserName: chrome, browserVersion: 100.0.4896.127, chrome: {chromedriverVersion: 100.0.4896.60 (6a5d10861ce8..., userDataDir: C:\Users\ltuser\AppData\Loc...}, goog:chromeOptions: {debuggerAddress: localhost:55915}, goog:loggingPrefs: {browser: ALL}, networkConnectionEnabled: false, pageLoadStrategy: normal, performance: false, platformName: WINDOWS, proxy: Proxy(), se:cdpVersion: 100.0.4896.127, setWindowRect: true, strictFileInteractability: false, timeouts: {implicit: 0, pageLoad: 300000, script: 30000}, unhandledPromptBehavior: dismiss and notify, video: true, webauthn:extension:credBlob: true, webauthn:extension:largeBlob: true, webauthn:virtualAuthenticators: true}
Session ID: af76822feea2fd2c8d45dd32c728f30d
	at org.openqa.selenium.support.ui.WebDriverWait.timeoutException(WebDriverWait.java:87)
	at org.openqa.selenium.support.ui.FluentWait.until(FluentWait.java:231)
	at com.resumelibrary.utilities.Utility.webDriverWaitContainsUrl(Utility.java:147)
	at com.resumelibrary.utilities.Utility.waitUntil(Utility.java:131)
	at com.resumelibrary.utilities.Utility.loadWebUrl(Utility.java:66)
	at com.resumelibrary.webtest.misc.MiscPage.loginAsClient(MiscPage.java:306)
	at com.resumelibrary.cucumber.stepdefinitions.web.misc.Misc.iLoginAsAClient(Misc.java:91)
	at ✽.I login as a client(file:///Users/shubhamr/Desktop/rl-selenium-web/./src/test/java/resources/featurefiles/aaajobposting/AADataSetup.feature:29)
</textarea>
      
      </div>
              </div>
              <div class="step skip-bg" title="com.resumelibrary.cucumber.stepdefinitions.web.candidate.Others.iNavigateToPage(java.lang.String)">
                <span>When I navigate to page "Job Post"</span>
      <div>Step skipped
      </div>
              </div>
              <div class="step skip-bg" title="com.resumelibrary.cucumber.stepdefinitions.web.candidate.JobApply.iFillInWith(java.lang.String)">
                <span>And I fill in title with "Screening Questions"</span>
      <div>Step skipped
      </div>
              </div>
              <div class="step skip-bg" title="com.resumelibrary.cucumber.stepdefinitions.web.client.JobPost.iSelectFromStateDropdown(java.lang.String)">
                <span>And I select "California" from state dropdown</span>
      <div>Step skipped
      </div>
              </div>
              <div class="step skip-bg" title="com.resumelibrary.cucumber.stepdefinitions.web.candidate.Register.iEnterCity(java.lang.String)">
                <span>And I enter city "90001"</span>
      <div>Step skipped
      </div>
              </div>
              <div class="step skip-bg" title="com.resumelibrary.cucumber.stepdefinitions.web.client.JobPost.iEnterSalaryMin(java.lang.String)">
                <span>And I enter salary min "10000"</span>
      <div>Step skipped
      </div>
              </div>
              <div class="step skip-bg" title="com.resumelibrary.cucumber.stepdefinitions.web.client.JobPost.iEnterSalaryMax(java.lang.String)">
                <span>And I enter salary max "30000"</span>
      <div>Step skipped
      </div>
              </div>
              <div class="step skip-bg" title="com.resumelibrary.cucumber.stepdefinitions.web.client.JobPost.iEnterJobDescription(java.lang.String)">
                <span>Then I enter job description "Project via Test 1 Project via Test 1 test job Project via Test 1 Project via Test 1 test job Project via Test 1 Project via Test 1 test job Project via Test 1 Project via Test 1 test job Project via Test 1 Project via Test 1 test job Project via Test 1 Project via Test 1 test job Project via Test 1 Project via Test 1 test job Project via Test 1 Project via Test 1 test job Project via Test 1 Project via Test 1 test job Project via Test 1 Project via Test 1 test job Project via Test 1 Project via Test 1 test job Project via Test 1 Project via Test 1 test job"</span>
      <div>Step skipped
      </div>
              </div>
              <div class="step skip-bg" title="com.resumelibrary.cucumber.stepdefinitions.web.candidate.Others.iClickOn(java.lang.String)">
                <span>And I click on "Add Question"</span>
      <div>Step skipped
      </div>
              </div>
              <div class="step skip-bg" title="com.resumelibrary.cucumber.stepdefinitions.web.candidate.JobApply.iFillInQuestion1With(java.lang.String)">
                <span>And I fill in Question 1  with "Behat test"</span>
      <div>Step skipped
      </div>
              </div>
              <div class="step skip-bg" title="com.resumelibrary.cucumber.stepdefinitions.web.candidate.JobApply.iFillInAnswer1With(java.lang.String)">
                <span>And I fill in Answer 1 with "Yes"</span>
      <div>Step skipped
      </div>
              </div>
              <div class="step skip-bg" title="com.resumelibrary.cucumber.stepdefinitions.web.candidate.JobApply.iFillInAnswer2With(java.lang.String)">
                <span>And I fill in Answer 2 with "No"</span>
      <div>Step skipped
      </div>
              </div>
              <div class="step skip-bg" title="com.resumelibrary.cucumber.stepdefinitions.web.candidate.JobApply.iClickOnDesirableAnswer1()">
                <span>And I click on Desirable Answer 1</span>
      <div>Step skipped
      </div>
              </div>
              <div class="step skip-bg" title="com.resumelibrary.cucumber.stepdefinitions.web.candidate.Others.iClickOn(java.lang.String)">
                <span>And I click on "Save Question"</span>
      <div>Step skipped
      </div>
              </div>
              <div class="step skip-bg" title="com.resumelibrary.cucumber.stepdefinitions.web.client.JobPost.iClickOnPreviewButton()">
                <span>And I click on preview button</span>
      <div>Step skipped
      </div>
              </div>
              <div class="step skip-bg" title="com.resumelibrary.cucumber.stepdefinitions.web.client.JobPost.iClickOnPostJobButton()">
                <span>And I click on post job button</span>
      <div>Step skipped
      </div>
              </div>
              <div class="step skip-bg" title="com.resumelibrary.cucumber.stepdefinitions.web.client.JobPost.iClickOnPostJobSubmitButton()">
                <span>And I click on post job submit button</span>
      <div>Step skipped
      </div>
              </div>
              <div class="step skip-bg" title="com.resumelibrary.cucumber.stepdefinitions.web.candidate.Others.iShouldBeAbleToSeeInBrowserURL(java.lang.String)">
                <span>Then I should be able to see in browser URL "Client Jobs New Job Posted"</span>
      <div>Step skipped
      </div>
              </div>
              <div class="step skip-bg" title="com.resumelibrary.cucumber.stepdefinitions.web.candidate.Others.iShouldSeeTextPTagAndVerifyMessage(java.lang.String,java.lang.String)">
                <span>And I should see text p tag "Your job can now be seen in matching search results." and verify message "Job Posted Successfully! Your job can now be seen in matching search results."</span>
      <div>Step skipped
      </div>
              </div>
              <div class="step skip-bg" title="com.resumelibrary.cucumber.stepdefinitions.web.misc.Misc.iShouldSeeText(java.lang.String)">
                <span>And I should see text "Job Posted Successfully!"</span>
      <div>Step skipped
      </div>
              </div>
              <div class="step skip-bg" title="com.resumelibrary.cucumber.stepdefinitions.web.client.Client.iAmOnPageAndIShouldSeeBrowserURL(java.lang.String,java.lang.String)">
                <span>And I am on page "Logout" and I should see browser URL "Hiring"</span>
      <div>Step skipped
      </div>
              </div>
              <div class="step pass-bg" title="AFTER">
                <span>com.resumelibrary.cucumber.Hooks.tearDown(io.cucumber.java.Scenario)</span>
      <div>[--->--------------------------------------------<---]
      </div>
      <div>[--->CURRENT URL IS ----> https://www.resume-library.com/403.html<---]
      </div>
      <div>[--->BROWSER NAME   ----> chrome-100.0.4896.127<---]
      </div>
      <div>[--->CURRENT TAG IS : [@DataSetupForAllTests, @Regression, @Web, @ReleaseRegression1, @Recruiters, @screeningQuestionJobPosting]<---]
      </div>
      <div>[--->--------------------------------------------<---]
      </div>
      <div>Posting a screening question job
          <div class="row mb-3"><div class="col-md-3">
<img data-featherlight='./screenshots/embedded2.jpg' src="./screenshots/embedded2.jpg">
    
    </div></div>
</div>
      <div>
      </div>
              </div>
          </div>
        </div>
  </div>
  <div class="card">
    <div class="card-header" role="tab">
      <div class="card-title">
        <div class="node" id="4"><span class="badge log fail-bg mr-2">Fail</span>Posting a quick apply job</div>
          <div class="status-avatar float-right mr-4">
            <i class="fa fa-paperclip"></i>
          </div>
      </div>
    </div>
        <div class="">
          <div class="card-body">
              <div class="step fail-bg" title="com.resumelibrary.cucumber.stepdefinitions.web.misc.Misc.iLoginAsAClient()">
                <span>Given I login as a client</span>
      <div>
        <textarea disabled class="code-block">org.openqa.selenium.TimeoutException: Expected condition failed: waiting for url to contain "https://www-master.ci.resume-library.com/hiring/login". Current url: "https://www.resume-library.com/403.html" (tried for 50 second(s) with 500 milliseconds interval)
Build info: version: '4.3.0', revision: 'a4995e2c09*'
System info: host: 'LT-MBP-191', ip: 'fe80:0:0:0:896:f353:16e:55a9%en0', os.name: 'Mac OS X', os.arch: 'aarch64', os.version: '13.0.1', java.version: '19'
Driver info: org.openqa.selenium.remote.RemoteWebDriver
Capabilities {acceptInsecureCerts: false, browserName: chrome, browserVersion: 100.0.4896.127, chrome: {chromedriverVersion: 100.0.4896.60 (6a5d10861ce8..., userDataDir: C:\Users\ltuser\AppData\Loc...}, goog:chromeOptions: {debuggerAddress: localhost:50298}, goog:loggingPrefs: {browser: ALL}, networkConnectionEnabled: false, pageLoadStrategy: normal, performance: false, platformName: WINDOWS, proxy: Proxy(), se:cdpVersion: 100.0.4896.127, setWindowRect: true, strictFileInteractability: false, timeouts: {implicit: 0, pageLoad: 300000, script: 30000}, unhandledPromptBehavior: dismiss and notify, video: true, webauthn:extension:credBlob: true, webauthn:extension:largeBlob: true, webauthn:virtualAuthenticators: true}
Session ID: 9cdad639de27cc8bc4d3e0cfe8d74bcb
	at org.openqa.selenium.support.ui.WebDriverWait.timeoutException(WebDriverWait.java:87)
	at org.openqa.selenium.support.ui.FluentWait.until(FluentWait.java:231)
	at com.resumelibrary.utilities.Utility.webDriverWaitContainsUrl(Utility.java:147)
	at com.resumelibrary.utilities.Utility.waitUntil(Utility.java:131)
	at com.resumelibrary.utilities.Utility.loadWebUrl(Utility.java:66)
	at com.resumelibrary.webtest.misc.MiscPage.loginAsClient(MiscPage.java:306)
	at com.resumelibrary.cucumber.stepdefinitions.web.misc.Misc.iLoginAsAClient(Misc.java:91)
	at ✽.I login as a client(file:///Users/shubhamr/Desktop/rl-selenium-web/./src/test/java/resources/featurefiles/aaajobposting/AADataSetup.feature:13)
</textarea>
      
      </div>
              </div>
              <div class="step skip-bg" title="com.resumelibrary.cucumber.stepdefinitions.web.candidate.Others.iNavigateToPage(java.lang.String)">
                <span>When I navigate to page "Job Post"</span>
      <div>Step skipped
      </div>
              </div>
              <div class="step skip-bg" title="com.resumelibrary.cucumber.stepdefinitions.web.candidate.JobApply.iFillInWith(java.lang.String)">
                <span>And I fill in title with "quick apply candidate job"</span>
      <div>Step skipped
      </div>
              </div>
              <div class="step skip-bg" title="com.resumelibrary.cucumber.stepdefinitions.web.client.JobPost.iSelectFromStateDropdown(java.lang.String)">
                <span>And I select "California" from state dropdown</span>
      <div>Step skipped
      </div>
              </div>
              <div class="step skip-bg" title="com.resumelibrary.cucumber.stepdefinitions.web.candidate.Register.iEnterCity(java.lang.String)">
                <span>And I enter city "90001"</span>
      <div>Step skipped
      </div>
              </div>
              <div class="step skip-bg" title="com.resumelibrary.cucumber.stepdefinitions.web.client.JobPost.iEnterSalaryMin(java.lang.String)">
                <span>And I enter salary min "10000"</span>
      <div>Step skipped
      </div>
              </div>
              <div class="step skip-bg" title="com.resumelibrary.cucumber.stepdefinitions.web.client.JobPost.iEnterSalaryMax(java.lang.String)">
                <span>And I enter salary max "30000"</span>
      <div>Step skipped
      </div>
              </div>
              <div class="step skip-bg" title="com.resumelibrary.cucumber.stepdefinitions.web.client.JobPost.iEnterJobDescription(java.lang.String)">
                <span>Then I enter job description "Project via Test 1 Project via Test 1 test job Project via Test 1 Project via Test 1 test job Project via Test 1 Project via Test 1 test job Project via Test 1 Project via Test 1 test job Project via Test 1 Project via Test 1 test job Project via Test 1 Project via Test 1 test job Project via Test 1 Project via Test 1 test job Project via Test 1 Project via Test 1 test job Project via Test 1 Project via Test 1 test job Project via Test 1 Project via Test 1 test job Project via Test 1 Project via Test 1 test job Project via Test 1 Project via Test 1 test job"</span>
      <div>Step skipped
      </div>
              </div>
              <div class="step skip-bg" title="com.resumelibrary.cucumber.stepdefinitions.web.client.JobPost.iClickOnQuickApplyToggle()">
                <span>And I click on quick apply toggle</span>
      <div>Step skipped
      </div>
              </div>
              <div class="step skip-bg" title="com.resumelibrary.cucumber.stepdefinitions.web.client.JobPost.iClickOnPreviewButton()">
                <span>Then I click on preview button</span>
      <div>Step skipped
      </div>
              </div>
              <div class="step skip-bg" title="com.resumelibrary.cucumber.stepdefinitions.web.client.JobPost.iClickOnPostJobButton()">
                <span>And I click on post job button</span>
      <div>Step skipped
      </div>
              </div>
              <div class="step skip-bg" title="com.resumelibrary.cucumber.stepdefinitions.web.client.JobPost.iClickOnPostJobSubmitButton()">
                <span>And I click on post job submit button</span>
      <div>Step skipped
      </div>
              </div>
              <div class="step skip-bg" title="com.resumelibrary.cucumber.stepdefinitions.web.client.Client.iAmOnPageAndIShouldSeeBrowserURL(java.lang.String,java.lang.String)">
                <span>And I am on page "Logout" and I should see browser URL "Hiring"</span>
      <div>Step skipped
      </div>
              </div>
              <div class="step pass-bg" title="AFTER">
                <span>com.resumelibrary.cucumber.Hooks.tearDown(io.cucumber.java.Scenario)</span>
      <div>[--->--------------------------------------------<---]
      </div>
      <div>[--->CURRENT URL IS ----> https://www.resume-library.com/403.html<---]
      </div>
      <div>[--->BROWSER NAME   ----> chrome-100.0.4896.127<---]
      </div>
      <div>[--->CURRENT TAG IS : [@DataSetupForAllTests, @Regression, @Web, @ReleaseRegression1, @Recruiters, @quickApplyJobPosting]<---]
      </div>
      <div>[--->--------------------------------------------<---]
      </div>
      <div>Posting a quick apply job
          <div class="row mb-3"><div class="col-md-3">
<img data-featherlight='./screenshots/embedded5.jpg' src="./screenshots/embedded5.jpg">
    
    </div></div>
</div>
      <div>
      </div>
              </div>
          </div>
        </div>
  </div>
  <div class="card">
    <div class="card-header" role="tab">
      <div class="card-title">
        <div class="node" id="8"><span class="badge log fail-bg mr-2">Fail</span>Posting a drummer job for featured banner</div>
          <div class="status-avatar float-right mr-4">
            <i class="fa fa-paperclip"></i>
          </div>
      </div>
    </div>
        <div class="">
          <div class="card-body">
              <div class="step fail-bg" title="com.resumelibrary.cucumber.stepdefinitions.web.misc.Misc.iLoginAsAClient()">
                <span>Given I login as a client</span>
      <div>
        <textarea disabled class="code-block">org.openqa.selenium.TimeoutException: Expected condition failed: waiting for url to contain "https://www-master.ci.resume-library.com/hiring/login". Current url: "https://www.resume-library.com/403.html" (tried for 50 second(s) with 500 milliseconds interval)
Build info: version: '4.3.0', revision: 'a4995e2c09*'
System info: host: 'LT-MBP-191', ip: 'fe80:0:0:0:896:f353:16e:55a9%en0', os.name: 'Mac OS X', os.arch: 'aarch64', os.version: '13.0.1', java.version: '19'
Driver info: org.openqa.selenium.remote.RemoteWebDriver
Capabilities {acceptInsecureCerts: false, browserName: chrome, browserVersion: 100.0.4896.127, chrome: {chromedriverVersion: 100.0.4896.60 (6a5d10861ce8..., userDataDir: C:\Users\ltuser\AppData\Loc...}, goog:chromeOptions: {debuggerAddress: localhost:64968}, goog:loggingPrefs: {browser: ALL}, networkConnectionEnabled: false, pageLoadStrategy: normal, performance: false, platformName: WINDOWS, proxy: Proxy(), se:cdpVersion: 100.0.4896.127, setWindowRect: true, strictFileInteractability: false, timeouts: {implicit: 0, pageLoad: 300000, script: 30000}, unhandledPromptBehavior: dismiss and notify, video: true, webauthn:extension:credBlob: true, webauthn:extension:largeBlob: true, webauthn:virtualAuthenticators: true}
Session ID: 202f4f80257cbca6bb11f71c890e80b3
	at org.openqa.selenium.support.ui.WebDriverWait.timeoutException(WebDriverWait.java:87)
	at org.openqa.selenium.support.ui.FluentWait.until(FluentWait.java:231)
	at com.resumelibrary.utilities.Utility.webDriverWaitContainsUrl(Utility.java:147)
	at com.resumelibrary.utilities.Utility.waitUntil(Utility.java:131)
	at com.resumelibrary.utilities.Utility.loadWebUrl(Utility.java:66)
	at com.resumelibrary.webtest.misc.MiscPage.loginAsClient(MiscPage.java:306)
	at com.resumelibrary.cucumber.stepdefinitions.web.misc.Misc.iLoginAsAClient(Misc.java:91)
	at ✽.I login as a client(file:///Users/shubhamr/Desktop/rl-selenium-web/./src/test/java/resources/featurefiles/aaajobposting/AADataSetup.feature:53)
</textarea>
      
      </div>
              </div>
              <div class="step skip-bg" title="com.resumelibrary.cucumber.stepdefinitions.web.candidate.Others.iNavigateToPage(java.lang.String)">
                <span>When I navigate to page "Job Post"</span>
      <div>Step skipped
      </div>
              </div>
              <div class="step skip-bg" title="com.resumelibrary.cucumber.stepdefinitions.web.client.JobPost.iEnterJobTitle(java.lang.String)">
                <span>And I enter job title "Drummer"</span>
      <div>Step skipped
      </div>
              </div>
              <div class="step skip-bg" title="com.resumelibrary.cucumber.stepdefinitions.web.client.JobPost.iSelectFromStateDropdown(java.lang.String)">
                <span>And I select "California" from state dropdown</span>
      <div>Step skipped
      </div>
              </div>
              <div class="step skip-bg" title="com.resumelibrary.cucumber.stepdefinitions.web.candidate.Register.iEnterCity(java.lang.String)">
                <span>And I enter city "90001"</span>
      <div>Step skipped
      </div>
              </div>
              <div class="step skip-bg" title="com.resumelibrary.cucumber.stepdefinitions.web.client.JobPost.iEnterSalaryMin(java.lang.String)">
                <span>And I enter salary min "10000"</span>
      <div>Step skipped
      </div>
              </div>
              <div class="step skip-bg" title="com.resumelibrary.cucumber.stepdefinitions.web.client.JobPost.iEnterSalaryMax(java.lang.String)">
                <span>And I enter salary max "30000"</span>
      <div>Step skipped
      </div>
              </div>
              <div class="step skip-bg" title="com.resumelibrary.cucumber.stepdefinitions.web.client.JobPost.iEnterJobDescription(java.lang.String)">
                <span>And I enter job description "Project via Test 1 Project via Test 1 test job Project via Test 1 Project via Test 1 test job Project via Test 1 Project via Test 1 test job Project via Test 1 Project via Test 1 test job Project via Test 1 Project via Test 1 test job Project via Test 1 Project via Test 1 test job Project via Test 1 Project via Test 1 test job Project via Test 1 Project via Test 1 test job Project via Test 1 Project via Test 1 test job Project via Test 1 Project via Test 1 test job Project via Test 1 Project via Test 1 test job Project via Test 1 Project via Test 1 test job"</span>
      <div>Step skipped
      </div>
              </div>
              <div class="step skip-bg" title="com.resumelibrary.cucumber.stepdefinitions.web.client.JobPost.iClickOnPreviewButton()">
                <span>And I click on preview button</span>
      <div>Step skipped
      </div>
              </div>
              <div class="step skip-bg" title="com.resumelibrary.cucumber.stepdefinitions.web.client.JobPost.iClickOnPostJobButton()">
                <span>And I click on post job button</span>
      <div>Step skipped
      </div>
              </div>
              <div class="step skip-bg" title="com.resumelibrary.cucumber.stepdefinitions.web.client.JobPost.iClickOnPostJobSubmitButton()">
                <span>And I click on post job submit button</span>
      <div>Step skipped
      </div>
              </div>
              <div class="step skip-bg" title="com.resumelibrary.cucumber.stepdefinitions.web.candidate.Others.iShouldBeAbleToSeeInBrowserURL(java.lang.String)">
                <span>Then I should be able to see in browser URL "Client Jobs New Job Posted"</span>
      <div>Step skipped
      </div>
              </div>
              <div class="step skip-bg" title="com.resumelibrary.cucumber.stepdefinitions.web.misc.Misc.iShouldSeeText(java.lang.String)">
                <span>And I should see text "Job Posted Successfully!"</span>
      <div>Step skipped
      </div>
              </div>
              <div class="step skip-bg" title="com.resumelibrary.cucumber.stepdefinitions.web.client.Others.iLogoutTheClient()">
                <span>And I logout the client</span>
      <div>Step skipped
      </div>
              </div>
              <div class="step pass-bg" title="AFTER">
                <span>com.resumelibrary.cucumber.Hooks.tearDown(io.cucumber.java.Scenario)</span>
      <div>[--->--------------------------------------------<---]
      </div>
      <div>[--->CURRENT URL IS ----> https://www.resume-library.com/403.html<---]
      </div>
      <div>[--->BROWSER NAME   ----> chrome-100.0.4896.127<---]
      </div>
      <div>[--->CURRENT TAG IS : [@DataSetupForAllTests, @Regression, @Web, @ReleaseRegression1, @Recruiters, @featuredJobPosting]<---]
      </div>
      <div>[--->--------------------------------------------<---]
      </div>
      <div>Posting a drummer job for featured banner
          <div class="row mb-3"><div class="col-md-3">
<img data-featherlight='./screenshots/embedded3.jpg' src="./screenshots/embedded3.jpg">
    
    </div></div>
</div>
      <div>
      </div>
              </div>
          </div>
        </div>
  </div>
  <div class="card">
    <div class="card-header" role="tab">
      <div class="card-title">
        <div class="node" id="9"><span class="badge log fail-bg mr-2">Fail</span>Verifying job posting spend type is ACCOUNT not CLIENT</div>
          <div class="status-avatar float-right mr-4">
            <i class="fa fa-paperclip"></i>
          </div>
      </div>
    </div>
        <div class="">
          <div class="card-body">
              <div class="step fail-bg" title="com.resumelibrary.cucumber.stepdefinitions.admin.misc.Misc.iLoginAsAnAdminUser()">
                <span>Given I login as an admin user</span>
      <div>
        <textarea disabled class="code-block">org.openqa.selenium.NoSuchElementException: no such element: Unable to locate element: {"method":"css selector","selector":"*[name='username']"}
  (Session info: chrome=100.0.4896.127)
For documentation on this error, please visit: https://selenium.dev/exceptions/#no_such_element
Build info: version: '4.3.0', revision: 'a4995e2c09*'
System info: host: 'LT-MBP-191', ip: 'fe80:0:0:0:896:f353:16e:55a9%en0', os.name: 'Mac OS X', os.arch: 'aarch64', os.version: '13.0.1', java.version: '19'
Driver info: org.openqa.selenium.remote.RemoteWebDriver
Command: [633f5829e3f0477622ab68715a6349f9, findElement {using=name, value=username}]
Capabilities {acceptInsecureCerts: false, browserName: chrome, browserVersion: 100.0.4896.127, chrome: {chromedriverVersion: 100.0.4896.60 (6a5d10861ce8..., userDataDir: C:\Users\ltuser\AppData\Loc...}, goog:chromeOptions: {debuggerAddress: localhost:60320}, goog:loggingPrefs: {browser: ALL}, networkConnectionEnabled: false, pageLoadStrategy: normal, performance: false, platformName: WINDOWS, proxy: Proxy(), se:cdpVersion: 100.0.4896.127, setWindowRect: true, strictFileInteractability: false, timeouts: {implicit: 0, pageLoad: 300000, script: 30000}, unhandledPromptBehavior: dismiss and notify, video: true, webauthn:extension:credBlob: true, webauthn:extension:largeBlob: true, webauthn:virtualAuthenticators: true}
Session ID: 633f5829e3f0477622ab68715a6349f9
	at java.base/jdk.internal.reflect.DirectConstructorHandleAccessor.newInstance(DirectConstructorHandleAccessor.java:67)
	at java.base/java.lang.reflect.Constructor.newInstanceWithCaller(Constructor.java:500)
	at java.base/java.lang.reflect.Constructor.newInstance(Constructor.java:484)
	at org.openqa.selenium.remote.codec.w3c.W3CHttpResponseCodec.createException(W3CHttpResponseCodec.java:200)
	at org.openqa.selenium.remote.codec.w3c.W3CHttpResponseCodec.decode(W3CHttpResponseCodec.java:133)
	at org.openqa.selenium.remote.codec.w3c.W3CHttpResponseCodec.decode(W3CHttpResponseCodec.java:53)
	at org.openqa.selenium.remote.HttpCommandExecutor.execute(HttpCommandExecutor.java:184)
	at org.openqa.selenium.remote.TracedCommandExecutor.execute(TracedCommandExecutor.java:51)
	at org.openqa.selenium.remote.RemoteWebDriver.execute(RemoteWebDriver.java:547)
	at org.openqa.selenium.remote.ElementLocation$ElementFinder$2.findElement(ElementLocation.java:162)
	at org.openqa.selenium.remote.ElementLocation.findElement(ElementLocation.java:66)
	at org.openqa.selenium.remote.RemoteWebDriver.findElement(RemoteWebDriver.java:365)
	at org.openqa.selenium.remote.RemoteWebDriver.findElement(RemoteWebDriver.java:357)
	at org.openqa.selenium.support.pagefactory.DefaultElementLocator.findElement(DefaultElementLocator.java:70)
	at org.openqa.selenium.support.pagefactory.internal.LocatingElementHandler.invoke(LocatingElementHandler.java:39)
	at jdk.proxy2/jdk.proxy2.$Proxy29.sendKeys(Unknown Source)
	at com.resumelibrary.admintest.misc.MiscPage.loginAsAdminUser(MiscPage.java:116)
	at com.resumelibrary.cucumber.stepdefinitions.admin.misc.Misc.iLoginAsAnAdminUser(Misc.java:31)
	at ✽.I login as an admin user(file:///Users/shubhamr/Desktop/rl-selenium-web/./src/test/java/resources/featurefiles/aaajobposting/AADataSetup.feature:6)
</textarea>
      
      </div>
              </div>
              <div class="step skip-bg" title="com.resumelibrary.cucumber.stepdefinitions.web.candidate.Others.iNavigateToPageAdmin(java.lang.String)">
                <span>When I navigate to page on admin "Account 1478"</span>
      <div>Step skipped
      </div>
              </div>
              <div class="step skip-bg" title="com.resumelibrary.cucumber.stepdefinitions.admin.account.Account.iClickOnProductDetailsEditButton()">
                <span>And I click on product details Edit button</span>
      <div>Step skipped
      </div>
              </div>
              <div class="step skip-bg" title="com.resumelibrary.cucumber.stepdefinitions.admin.account.Account.theJobPostingSpendTypeIsNot(java.lang.String,java.lang.String)">
                <span>Then the job posting spend type is "ACCOUNT" not "CLIENT"</span>
      <div>Step skipped
      </div>
              </div>
              <div class="step pass-bg" title="AFTER">
                <span>com.resumelibrary.cucumber.Hooks.tearDown(io.cucumber.java.Scenario)</span>
      <div>[--->--------------------------------------------<---]
      </div>
      <div>[--->CURRENT URL IS ----> https://www.resume-library.com/403.html<---]
      </div>
      <div>[--->BROWSER NAME   ----> chrome-100.0.4896.127<---]
      </div>
      <div>[--->CURRENT TAG IS : [@DataSetupForAllTests, @Regression, @Web, @ReleaseRegression1, @Recruiters, @jobPosingSpendTypeAccount]<---]
      </div>
      <div>[--->--------------------------------------------<---]
      </div>
      <div>Verifying job posting spend type is ACCOUNT not CLIENT
          <div class="row mb-3"><div class="col-md-3">
<img data-featherlight='./screenshots/embedded1.jpg' src="./screenshots/embedded1.jpg">
    
    </div></div>
</div>
      <div>
      </div>
              </div>
          </div>
        </div>
  </div>
  <div class="card">
    <div class="card-header" role="tab">
      <div class="card-title">
        <div class="node" id="21"><span class="badge log fail-bg mr-2">Fail</span>Posting a 1-click apply job</div>
          <div class="status-avatar float-right mr-4">
            <i class="fa fa-paperclip"></i>
          </div>
      </div>
    </div>
        <div class="">
          <div class="card-body">
              <div class="step fail-bg" title="com.resumelibrary.cucumber.stepdefinitions.web.misc.Misc.iLoginAsAClient()">
                <span>Given I login as a client</span>
      <div>
        <textarea disabled class="code-block">org.openqa.selenium.TimeoutException: Expected condition failed: waiting for url to contain "https://www-master.ci.resume-library.com/hiring/login". Current url: "https://www.resume-library.com/403.html" (tried for 50 second(s) with 500 milliseconds interval)
Build info: version: '4.3.0', revision: 'a4995e2c09*'
System info: host: 'LT-MBP-191', ip: 'fe80:0:0:0:896:f353:16e:55a9%en0', os.name: 'Mac OS X', os.arch: 'aarch64', os.version: '13.0.1', java.version: '19'
Driver info: org.openqa.selenium.remote.RemoteWebDriver
Capabilities {acceptInsecureCerts: false, browserName: chrome, browserVersion: 100.0.4896.127, chrome: {chromedriverVersion: 100.0.4896.60 (6a5d10861ce8..., userDataDir: C:\Users\ltuser\AppData\Loc...}, goog:chromeOptions: {debuggerAddress: localhost:54822}, goog:loggingPrefs: {browser: ALL}, networkConnectionEnabled: false, pageLoadStrategy: normal, performance: false, platformName: WINDOWS, proxy: Proxy(), se:cdpVersion: 100.0.4896.127, setWindowRect: true, strictFileInteractability: false, timeouts: {implicit: 0, pageLoad: 300000, script: 30000}, unhandledPromptBehavior: dismiss and notify, video: true, webauthn:extension:credBlob: true, webauthn:extension:largeBlob: true, webauthn:virtualAuthenticators: true}
Session ID: 187cd7b6a6e9f11ea3ca4555fe1494d4
	at org.openqa.selenium.support.ui.WebDriverWait.timeoutException(WebDriverWait.java:87)
	at org.openqa.selenium.support.ui.FluentWait.until(FluentWait.java:231)
	at com.resumelibrary.utilities.Utility.webDriverWaitContainsUrl(Utility.java:147)
	at com.resumelibrary.utilities.Utility.waitUntil(Utility.java:131)
	at com.resumelibrary.utilities.Utility.loadWebUrl(Utility.java:66)
	at com.resumelibrary.webtest.misc.MiscPage.loginAsClient(MiscPage.java:306)
	at com.resumelibrary.cucumber.stepdefinitions.web.misc.Misc.iLoginAsAClient(Misc.java:91)
	at ✽.I login as a client(file:///Users/shubhamr/Desktop/rl-selenium-web/./src/test/java/resources/featurefiles/aaajobposting/AADataSetup.feature:74)
</textarea>
      
      </div>
              </div>
              <div class="step skip-bg" title="com.resumelibrary.cucumber.stepdefinitions.web.candidate.Others.iNavigateToPage(java.lang.String)">
                <span>When I navigate to page "Job Post"</span>
      <div>Step skipped
      </div>
              </div>
              <div class="step skip-bg" title="com.resumelibrary.cucumber.stepdefinitions.web.candidate.JobApply.iFillInWith(java.lang.String)">
                <span>And I fill in title with "1-Click Apply"</span>
      <div>Step skipped
      </div>
              </div>
              <div class="step skip-bg" title="com.resumelibrary.cucumber.stepdefinitions.web.client.JobPost.iSelectFromStateDropdown(java.lang.String)">
                <span>And I select "California" from state dropdown</span>
      <div>Step skipped
      </div>
              </div>
              <div class="step skip-bg" title="com.resumelibrary.cucumber.stepdefinitions.web.candidate.Register.iEnterCity(java.lang.String)">
                <span>And I enter city "90001"</span>
      <div>Step skipped
      </div>
              </div>
              <div class="step skip-bg" title="com.resumelibrary.cucumber.stepdefinitions.web.client.JobPost.iEnterSalaryMin(java.lang.String)">
                <span>And I enter salary min "10000"</span>
      <div>Step skipped
      </div>
              </div>
              <div class="step skip-bg" title="com.resumelibrary.cucumber.stepdefinitions.web.client.JobPost.iEnterSalaryMax(java.lang.String)">
                <span>And I enter salary max "30000"</span>
      <div>Step skipped
      </div>
              </div>
              <div class="step skip-bg" title="com.resumelibrary.cucumber.stepdefinitions.web.client.JobPost.iEnterJobDescription(java.lang.String)">
                <span>Then I enter job description "Project via Test 1 Project via Test 1 test job Project via Test 1 Project via Test 1 test job Project via Test 1 Project via Test 1 test job Project via Test 1 Project via Test 1 test job Project via Test 1 Project via Test 1 test job Project via Test 1 Project via Test 1 test job Project via Test 1 Project via Test 1 test job Project via Test 1 Project via Test 1 test job Project via Test 1 Project via Test 1 test job Project via Test 1 Project via Test 1 test job Project via Test 1 Project via Test 1 test job Project via Test 1 Project via Test 1 test job"</span>
      <div>Step skipped
      </div>
              </div>
              <div class="step skip-bg" title="com.resumelibrary.cucumber.stepdefinitions.web.client.JobPost.iClickOnPreviewButton()">
                <span>And I click on preview button</span>
      <div>Step skipped
      </div>
              </div>
              <div class="step skip-bg" title="com.resumelibrary.cucumber.stepdefinitions.web.client.JobPost.iClickOnPostJobButton()">
                <span>And I click on post job button</span>
      <div>Step skipped
      </div>
              </div>
              <div class="step skip-bg" title="com.resumelibrary.cucumber.stepdefinitions.web.client.JobPost.iClickOnPostJobSubmitButton()">
                <span>And I click on post job submit button</span>
      <div>Step skipped
      </div>
              </div>
              <div class="step skip-bg" title="com.resumelibrary.cucumber.stepdefinitions.web.candidate.Others.iShouldBeAbleToSeeInBrowserURL(java.lang.String)">
                <span>Then I should be able to see in browser URL "Client Jobs New Job Posted"</span>
      <div>Step skipped
      </div>
              </div>
              <div class="step skip-bg" title="com.resumelibrary.cucumber.stepdefinitions.web.misc.Misc.iShouldSeeText(java.lang.String)">
                <span>And I should see text "Job Posted Successfully!"</span>
      <div>Step skipped
      </div>
              </div>
              <div class="step skip-bg" title="com.resumelibrary.cucumber.stepdefinitions.web.candidate.Others.iShouldSeeTextPTagAndVerifyMessage(java.lang.String,java.lang.String)">
                <span>And I should see text p tag "Your job can now be seen in matching search results." and verify message "Job Posted Successfully! Your job can now be seen in matching search results."</span>
      <div>Step skipped
      </div>
              </div>
              <div class="step skip-bg" title="com.resumelibrary.cucumber.stepdefinitions.web.client.Client.iAmOnPageAndIShouldSeeBrowserURL(java.lang.String,java.lang.String)">
                <span>And I am on page "Logout" and I should see browser URL "Hiring"</span>
      <div>Step skipped
      </div>
              </div>
              <div class="step pass-bg" title="AFTER">
                <span>com.resumelibrary.cucumber.Hooks.tearDown(io.cucumber.java.Scenario)</span>
      <div>[--->--------------------------------------------<---]
      </div>
      <div>[--->CURRENT URL IS ----> https://www.resume-library.com/403.html<---]
      </div>
      <div>[--->BROWSER NAME   ----> chrome-100.0.4896.127<---]
      </div>
      <div>[--->CURRENT TAG IS : [@DataSetupForAllTests, @Regression, @Web, @ReleaseRegression1, @Recruiters, @1ClickApplyJobPosting]<---]
      </div>
      <div>[--->--------------------------------------------<---]
      </div>
      <div>Posting a 1-click apply job
          <div class="row mb-3"><div class="col-md-3">
<img data-featherlight='./screenshots/embedded6.jpg' src="./screenshots/embedded6.jpg">
    
    </div></div>
</div>
      <div>
      </div>
              </div>
          </div>
        </div>
  </div>
  <div class="card">
    <div class="card-header" role="tab">
      <div class="card-title">
        <div class="node" id="73"><span class="badge log fail-bg mr-2">Fail</span>Delete saved card</div>
          <div class="status-avatar float-right mr-4">
            <i class="fa fa-paperclip"></i>
          </div>
      </div>
    </div>
        <div class="">
          <div class="card-body">
              <div class="step fail-bg" title="com.resumelibrary.cucumber.stepdefinitions.web.misc.Misc.iLoginAsAClient()">
                <span>Given I login as a client</span>
      <div>
        <textarea disabled class="code-block">org.openqa.selenium.TimeoutException: Expected condition failed: waiting for url to contain "https://www-master.ci.resume-library.com/hiring/login". Current url: "https://www.resume-library.com/403.html" (tried for 50 second(s) with 500 milliseconds interval)
Build info: version: '4.3.0', revision: 'a4995e2c09*'
System info: host: 'LT-MBP-191', ip: 'fe80:0:0:0:896:f353:16e:55a9%en0', os.name: 'Mac OS X', os.arch: 'aarch64', os.version: '13.0.1', java.version: '19'
Driver info: org.openqa.selenium.remote.RemoteWebDriver
Capabilities {acceptInsecureCerts: false, browserName: chrome, browserVersion: 100.0.4896.127, chrome: {chromedriverVersion: 100.0.4896.60 (6a5d10861ce8..., userDataDir: C:\Users\ltuser\AppData\Loc...}, goog:chromeOptions: {debuggerAddress: localhost:50197}, goog:loggingPrefs: {browser: ALL}, networkConnectionEnabled: false, pageLoadStrategy: normal, performance: false, platformName: WINDOWS, proxy: Proxy(), se:cdpVersion: 100.0.4896.127, setWindowRect: true, strictFileInteractability: false, timeouts: {implicit: 0, pageLoad: 300000, script: 30000}, unhandledPromptBehavior: dismiss and notify, video: true, webauthn:extension:credBlob: true, webauthn:extension:largeBlob: true, webauthn:virtualAuthenticators: true}
Session ID: b7674896545130604bc903a0e0ce492d
	at org.openqa.selenium.support.ui.WebDriverWait.timeoutException(WebDriverWait.java:87)
	at org.openqa.selenium.support.ui.FluentWait.until(FluentWait.java:231)
	at com.resumelibrary.utilities.Utility.webDriverWaitContainsUrl(Utility.java:147)
	at com.resumelibrary.utilities.Utility.waitUntil(Utility.java:131)
	at com.resumelibrary.utilities.Utility.loadWebUrl(Utility.java:66)
	at com.resumelibrary.webtest.misc.MiscPage.loginAsClient(MiscPage.java:306)
	at com.resumelibrary.cucumber.stepdefinitions.web.misc.Misc.iLoginAsAClient(Misc.java:91)
	at ✽.I login as a client(file:///Users/shubhamr/Desktop/rl-selenium-web/./src/test/java/resources/featurefiles/aaajobposting/AADataSetup.feature:98)
</textarea>
      
      </div>
              </div>
              <div class="step skip-bg" title="com.resumelibrary.cucumber.stepdefinitions.web.candidate.Others.iNavigateToPage(java.lang.String)">
                <span>When I navigate to page "Client Purchase Pay Now"</span>
      <div>Step skipped
      </div>
              </div>
              <div class="step skip-bg" title="com.resumelibrary.cucumber.stepdefinitions.web.client.Products.iSeeIfACardIsSaved()">
                <span>And I see if a card is saved then delete it</span>
      <div>Step skipped
      </div>
              </div>
              <div class="step pass-bg" title="AFTER">
                <span>com.resumelibrary.cucumber.Hooks.tearDown(io.cucumber.java.Scenario)</span>
      <div>[--->--------------------------------------------<---]
      </div>
      <div>[--->CURRENT URL IS ----> https://www.resume-library.com/403.html<---]
      </div>
      <div>[--->BROWSER NAME   ----> chrome-100.0.4896.127<---]
      </div>
      <div>[--->CURRENT TAG IS : [@DataSetupForAllTests, @Regression, @Web, @ReleaseRegression1, @Recruiters, @deleteSavedCard]<---]
      </div>
      <div>[--->--------------------------------------------<---]
      </div>
      <div>Delete saved card
          <div class="row mb-3"><div class="col-md-3">
<img data-featherlight='./screenshots/embedded10.jpg' src="./screenshots/embedded10.jpg">
    
    </div></div>
</div>
      <div>
      </div>
              </div>
          </div>
        </div>
  </div>
  <div class="card">
    <div class="card-header" role="tab">
      <div class="card-title">
        <div class="node" id="79"><span class="badge log fail-bg mr-2">Fail</span>Delete saved search</div>
          <div class="status-avatar float-right mr-4">
            <i class="fa fa-paperclip"></i>
          </div>
      </div>
    </div>
        <div class="">
          <div class="card-body">
              <div class="step fail-bg" title="com.resumelibrary.cucumber.stepdefinitions.web.misc.Misc.iLoginAsAClient()">
                <span>Given I login as a client</span>
      <div>
        <textarea disabled class="code-block">org.openqa.selenium.TimeoutException: Expected condition failed: waiting for url to contain "https://www-master.ci.resume-library.com/hiring/login". Current url: "https://www.resume-library.com/403.html" (tried for 50 second(s) with 500 milliseconds interval)
Build info: version: '4.3.0', revision: 'a4995e2c09*'
System info: host: 'LT-MBP-191', ip: 'fe80:0:0:0:896:f353:16e:55a9%en0', os.name: 'Mac OS X', os.arch: 'aarch64', os.version: '13.0.1', java.version: '19'
Driver info: org.openqa.selenium.remote.RemoteWebDriver
Capabilities {acceptInsecureCerts: false, browserName: chrome, browserVersion: 100.0.4896.127, chrome: {chromedriverVersion: 100.0.4896.60 (6a5d10861ce8..., userDataDir: C:\Users\ltuser\AppData\Loc...}, goog:chromeOptions: {debuggerAddress: localhost:56624}, goog:loggingPrefs: {browser: ALL}, networkConnectionEnabled: false, pageLoadStrategy: normal, performance: false, platformName: WINDOWS, proxy: Proxy(), se:cdpVersion: 100.0.4896.127, setWindowRect: true, strictFileInteractability: false, timeouts: {implicit: 0, pageLoad: 300000, script: 30000}, unhandledPromptBehavior: dismiss and notify, video: true, webauthn:extension:credBlob: true, webauthn:extension:largeBlob: true, webauthn:virtualAuthenticators: true}
Session ID: ed20df4ae7bccb173f11976fe7032a82
	at org.openqa.selenium.support.ui.WebDriverWait.timeoutException(WebDriverWait.java:87)
	at org.openqa.selenium.support.ui.FluentWait.until(FluentWait.java:231)
	at com.resumelibrary.utilities.Utility.webDriverWaitContainsUrl(Utility.java:147)
	at com.resumelibrary.utilities.Utility.waitUntil(Utility.java:131)
	at com.resumelibrary.utilities.Utility.loadWebUrl(Utility.java:66)
	at com.resumelibrary.webtest.misc.MiscPage.loginAsClient(MiscPage.java:306)
	at com.resumelibrary.cucumber.stepdefinitions.web.misc.Misc.iLoginAsAClient(Misc.java:91)
	at ✽.I login as a client(file:///Users/shubhamr/Desktop/rl-selenium-web/./src/test/java/resources/featurefiles/aaajobposting/AADataSetup.feature:92)
</textarea>
      
      </div>
              </div>
              <div class="step skip-bg" title="com.resumelibrary.cucumber.stepdefinitions.web.candidate.Others.iNavigateToPage(java.lang.String)">
                <span>When I navigate to page "Client Saved Search"</span>
      <div>Step skipped
      </div>
              </div>
              <div class="step skip-bg" title="com.resumelibrary.cucumber.stepdefinitions.web.client.ResumeSearch.iDeleteSavedSearch()">
                <span>Then I delete saved search</span>
      <div>Step skipped
      </div>
              </div>
              <div class="step pass-bg" title="AFTER">
                <span>com.resumelibrary.cucumber.Hooks.tearDown(io.cucumber.java.Scenario)</span>
      <div>[--->--------------------------------------------<---]
      </div>
      <div>[--->CURRENT URL IS ----> https://www.resume-library.com/403.html<---]
      </div>
      <div>[--->BROWSER NAME   ----> chrome-100.0.4896.127<---]
      </div>
      <div>[--->CURRENT TAG IS : [@DataSetupForAllTests, @Regression, @Web, @ReleaseRegression1, @Recruiters, @deleteSavedSearch]<---]
      </div>
      <div>[--->--------------------------------------------<---]
      </div>
      <div>Delete saved search
          <div class="row mb-3"><div class="col-md-3">
<img data-featherlight='./screenshots/embedded8.jpg' src="./screenshots/embedded8.jpg">
    
    </div></div>
</div>
      <div>
      </div>
              </div>
          </div>
        </div>
  </div>
</div>
          </div>
        </li>
        <li class="test-item"  status="fail" test-id="75"
          author=""
          tag=""
          device="">
          <div class="test-detail">
            <p class="name">Admin Account AccountValidation</p>
            <p class="text-sm">
              <span>10:01:58 pm</span> / <span>00:04:20:176</span>
              <span class="badge fail-bg log float-right">Fail</span>
            </p>
          </div>
          <div class="test-contents d-none">
<div class="detail-head">
<div class="p-v-10">
<div class="info">
<h5 class="test-status text-fail">Admin Account AccountValidation</h5>
<span class='badge badge-success'>12.13.2022 10:01:58 pm</span>
<span class='badge badge-danger'>12.13.2022 10:06:18 pm</span>
<span class='badge badge-default'>00:04:20:176</span>
&middot; <span class='uri-anchor badge badge-default'>#test-id=75</span>
<span class='badge badge-default pointer float-right ml-1 et'><i class="fa fa-chevron-down"></i></span>
<span class='badge badge-default pointer float-right ct'><i class="fa fa-chevron-up"></i></span>
</div>
<div class="m-t-10 m-l-5"></div>
</div>
</div>
<div class="accordion mt-4">
  <div class="card">
    <div class="card-header" role="tab">
      <div class="card-title">
        <div class="node" id="76"><span class="badge log fail-bg mr-2">Fail</span>Modify an account</div>
          <div class="status-avatar float-right mr-4">
            <i class="fa fa-paperclip"></i>
          </div>
      </div>
    </div>
        <div class="">
          <div class="card-body">
              <div class="step fail-bg" title="com.resumelibrary.cucumber.stepdefinitions.web.candidate.Others.iNavigateToPage(java.lang.String)">
                <span>Given I navigate to page "Client Registration"</span>
      <div>
        <textarea disabled class="code-block">org.openqa.selenium.TimeoutException: Expected condition failed: waiting for url to contain "/client/registration". Current url: "https://www.resume-library.com/403.html" (tried for 50 second(s) with 500 milliseconds interval)
Build info: version: '4.3.0', revision: 'a4995e2c09*'
System info: host: 'LT-MBP-191', ip: 'fe80:0:0:0:896:f353:16e:55a9%en0', os.name: 'Mac OS X', os.arch: 'aarch64', os.version: '13.0.1', java.version: '19'
Driver info: org.openqa.selenium.remote.RemoteWebDriver
Capabilities {acceptInsecureCerts: false, browserName: chrome, browserVersion: 100.0.4896.127, chrome: {chromedriverVersion: 100.0.4896.60 (6a5d10861ce8..., userDataDir: C:\Users\ltuser\AppData\Loc...}, goog:chromeOptions: {debuggerAddress: localhost:58988}, goog:loggingPrefs: {browser: ALL}, networkConnectionEnabled: false, pageLoadStrategy: normal, performance: false, platformName: WINDOWS, proxy: Proxy(), se:cdpVersion: 100.0.4896.127, setWindowRect: true, strictFileInteractability: false, timeouts: {implicit: 0, pageLoad: 300000, script: 30000}, unhandledPromptBehavior: dismiss and notify, video: true, webauthn:extension:credBlob: true, webauthn:extension:largeBlob: true, webauthn:virtualAuthenticators: true}
Session ID: 2599bf1caf36f65b368f37351e541be1
	at org.openqa.selenium.support.ui.WebDriverWait.timeoutException(WebDriverWait.java:87)
	at org.openqa.selenium.support.ui.FluentWait.until(FluentWait.java:231)
	at com.resumelibrary.utilities.Utility.webDriverWaitContainsUrl(Utility.java:147)
	at com.resumelibrary.cucumber.stepdefinitions.web.candidate.Others.iNavigateToPage(Others.java:112)
	at ✽.I navigate to page "Client Registration"(file:///Users/shubhamr/Desktop/rl-selenium-web/./src/test/java/resources/featurefiles/admin/account/AccountValidation.feature:5)
</textarea>
      
      </div>
              </div>
              <div class="step skip-bg" title="com.resumelibrary.cucumber.stepdefinitions.web.candidate.Register.iEnterClientEmailAddress(java.lang.String)">
                <span>And I enter client email address "registration@resume-library.com"</span>
      <div>Step skipped
      </div>
              </div>
              <div class="step skip-bg" title="com.resumelibrary.cucumber.stepdefinitions.web.candidate.Register.iEnterFirstName(java.lang.String)">
                <span>And I enter first name "Client"</span>
      <div>Step skipped
      </div>
              </div>
              <div class="step skip-bg" title="com.resumelibrary.cucumber.stepdefinitions.web.candidate.Register.iEnterLastName(java.lang.String)">
                <span>And I enter last name "Client"</span>
      <div>Step skipped
      </div>
              </div>
              <div class="step skip-bg" title="com.resumelibrary.cucumber.stepdefinitions.web.candidate.Register.iEnterPassword(java.lang.String)">
                <span>And I enter password "123456"</span>
      <div>Step skipped
      </div>
              </div>
              <div class="step skip-bg" title="com.resumelibrary.cucumber.stepdefinitions.web.client.Client.iEnterClientCompanyName(java.lang.String)">
                <span>And I enter client company name "resume-library.com"</span>
      <div>Step skipped
      </div>
              </div>
              <div class="step skip-bg" title="com.resumelibrary.cucumber.stepdefinitions.web.client.Registration.iClickOnEnterAddressManuallyLink()">
                <span>When I click on enter address manually link</span>
      <div>Step skipped
      </div>
              </div>
              <div class="step skip-bg" title="com.resumelibrary.cucumber.stepdefinitions.web.client.Others.iEnterAddress(java.lang.String)">
                <span>Then I enter address "1st street"</span>
      <div>Step skipped
      </div>
              </div>
              <div class="step skip-bg" title="com.resumelibrary.cucumber.stepdefinitions.web.candidate.Register.iEnterCity(java.lang.String)">
                <span>And I enter city "Los Angeles"</span>
      <div>Step skipped
      </div>
              </div>
              <div class="step skip-bg" title="com.resumelibrary.cucumber.stepdefinitions.web.client.Others.iEnterState(java.lang.String)">
                <span>And I enter state "California"</span>
      <div>Step skipped
      </div>
              </div>
              <div class="step skip-bg" title="com.resumelibrary.cucumber.stepdefinitions.web.candidate.Register.iEnterZipCode(java.lang.String)">
                <span>And I enter zip code "10001, NY"</span>
      <div>Step skipped
      </div>
              </div>
              <div class="step skip-bg" title="com.resumelibrary.cucumber.stepdefinitions.web.candidate.Register.iEnterPhoneNumber(java.lang.String)">
                <span>And I enter phone number "012345678945"</span>
      <div>Step skipped
      </div>
              </div>
              <div class="step skip-bg" title="com.resumelibrary.cucumber.stepdefinitions.web.client.Registration.iSelectFromRecruiterType(java.lang.String)">
                <span>And I select "Staffing Agency" from recruiter type</span>
      <div>Step skipped
      </div>
              </div>
              <div class="step skip-bg" title="com.resumelibrary.cucumber.stepdefinitions.web.client.Client.iClickOnSubmitInquiry()">
                <span>Then I click on Submit inquiry</span>
      <div>Step skipped
      </div>
              </div>
              <div class="step skip-bg" title="com.resumelibrary.cucumber.stepdefinitions.web.candidate.Others.iShouldBeOnPage(java.lang.String)">
                <span>And I should be on page "Client Account"</span>
      <div>Step skipped
      </div>
              </div>
              <div class="step skip-bg" title="com.resumelibrary.cucumber.stepdefinitions.admin.misc.Misc.iLoginAsAnAdminUser()">
                <span>And I login as an admin user</span>
      <div>Step skipped
      </div>
              </div>
              <div class="step skip-bg" title="com.resumelibrary.cucumber.stepdefinitions.web.candidate.Register.iSearchForInTheNavigationBarOnAdmin(java.lang.String)">
                <span>When I search for "registration@resume-library.com" in the navigation bar on admin</span>
      <div>Step skipped
      </div>
              </div>
              <div class="step skip-bg" title="com.resumelibrary.cucumber.stepdefinitions.admin.account.Account.iClickAccountUsers()">
                <span>And I click Account Users</span>
      <div>Step skipped
      </div>
              </div>
              <div class="step skip-bg" title="com.resumelibrary.cucumber.stepdefinitions.web.client.EcommerceClient.iClickOnButtonToActivateUserInAdminPage(java.lang.String)">
                <span>Then I click on "Edit" button to activate user in admin page</span>
      <div>Step skipped
      </div>
              </div>
              <div class="step skip-bg" title="com.resumelibrary.cucumber.stepdefinitions.web.candidate.Others.iSelectTheOptionFromDropdownWithId(java.lang.String,java.lang.String)">
                <span>Then I select the option "yes" from dropdown with id "email_confirmed"</span>
      <div>Step skipped
      </div>
              </div>
              <div class="step skip-bg" title="com.resumelibrary.cucumber.stepdefinitions.web.client.EcommerceClient.iClickOnButtonInAdminPage(java.lang.String)">
                <span>Then I click on button "Update User" in admin page</span>
      <div>Step skipped
      </div>
              </div>
              <div class="step skip-bg" title="com.resumelibrary.cucumber.stepdefinitions.web.candidate.Others.iNavigateToPageAdmin(java.lang.String)">
                <span>And I navigate to page on admin "Account Accountlist"</span>
      <div>Step skipped
      </div>
              </div>
              <div class="step skip-bg" title="com.resumelibrary.cucumber.stepdefinitions.admin.account.Account.iClickOnModifyAccountBtnOne()">
                <span>Then I click on modify account btn one</span>
      <div>Step skipped
      </div>
              </div>
              <div class="step skip-bg" title="com.resumelibrary.cucumber.stepdefinitions.web.misc.Misc.iShouldSeeText(java.lang.String)">
                <span>And I should see text "Update Account"</span>
      <div>Step skipped
      </div>
              </div>
              <div class="step skip-bg" title="com.resumelibrary.cucumber.stepdefinitions.admin.account.Account.iSelectAccountTypeRadioButtonAs(java.lang.String)">
                <span>And I Select Account Type Radio button as "Active"</span>
      <div>Step skipped
      </div>
              </div>
              <div class="step skip-bg" title="com.resumelibrary.cucumber.stepdefinitions.admin.account.Account.iClickOnUpdateAccount()">
                <span>And I click on update account</span>
      <div>Step skipped
      </div>
              </div>
              <div class="step skip-bg" title="com.resumelibrary.cucumber.stepdefinitions.web.misc.Misc.iShouldSeeText(java.lang.String)">
                <span>Then I should see text "was successfully updated."</span>
      <div>Step skipped
      </div>
              </div>
              <div class="step pass-bg" title="AFTER">
                <span>com.resumelibrary.cucumber.Hooks.tearDown(io.cucumber.java.Scenario)</span>
      <div>[--->--------------------------------------------<---]
      </div>
      <div>[--->CURRENT URL IS ----> https://www.resume-library.com/403.html<---]
      </div>
      <div>[--->BROWSER NAME   ----> chrome-100.0.4896.127<---]
      </div>
      <div>[--->CURRENT TAG IS : [@AdminAccountValidation, @Regression, @Admin, @ReleaseRegression1, @Recruiters, @accountModify]<---]
      </div>
      <div>[--->--------------------------------------------<---]
      </div>
      <div>Modify an account
          <div class="row mb-3"><div class="col-md-3">
<img data-featherlight='./screenshots/embedded9.jpg' src="./screenshots/embedded9.jpg">
    
    </div></div>
</div>
      <div>
      </div>
              </div>
          </div>
        </div>
  </div>
  <div class="card">
    <div class="card-header" role="tab">
      <div class="card-title">
        <div class="node" id="102"><span class="badge log fail-bg mr-2">Fail</span>Validate a newly created account</div>
          <div class="status-avatar float-right mr-4">
            <i class="fa fa-paperclip"></i>
          </div>
      </div>
    </div>
        <div class="">
          <div class="card-body">
              <div class="step fail-bg" title="com.resumelibrary.cucumber.stepdefinitions.web.candidate.Others.iNavigateToPage(java.lang.String)">
                <span>Given I navigate to page "Client Registration"</span>
      <div>
        <textarea disabled class="code-block">org.openqa.selenium.TimeoutException: Expected condition failed: waiting for url to contain "/client/registration". Current url: "https://www.resume-library.com/403.html" (tried for 50 second(s) with 500 milliseconds interval)
Build info: version: '4.3.0', revision: 'a4995e2c09*'
System info: host: 'LT-MBP-191', ip: 'fe80:0:0:0:896:f353:16e:55a9%en0', os.name: 'Mac OS X', os.arch: 'aarch64', os.version: '13.0.1', java.version: '19'
Driver info: org.openqa.selenium.remote.RemoteWebDriver
Capabilities {acceptInsecureCerts: false, browserName: chrome, browserVersion: 100.0.4896.127, chrome: {chromedriverVersion: 100.0.4896.60 (6a5d10861ce8..., userDataDir: C:\Users\ltuser\AppData\Loc...}, goog:chromeOptions: {debuggerAddress: localhost:64210}, goog:loggingPrefs: {browser: ALL}, networkConnectionEnabled: false, pageLoadStrategy: normal, performance: false, platformName: WINDOWS, proxy: Proxy(), se:cdpVersion: 100.0.4896.127, setWindowRect: true, strictFileInteractability: false, timeouts: {implicit: 0, pageLoad: 300000, script: 30000}, unhandledPromptBehavior: dismiss and notify, video: true, webauthn:extension:credBlob: true, webauthn:extension:largeBlob: true, webauthn:virtualAuthenticators: true}
Session ID: 01c2cdd7f8f56dcf9f2eee34503a0517
	at org.openqa.selenium.support.ui.WebDriverWait.timeoutException(WebDriverWait.java:87)
	at org.openqa.selenium.support.ui.FluentWait.until(FluentWait.java:231)
	at com.resumelibrary.utilities.Utility.webDriverWaitContainsUrl(Utility.java:147)
	at com.resumelibrary.cucumber.stepdefinitions.web.candidate.Others.iNavigateToPage(Others.java:112)
	at ✽.I navigate to page "Client Registration"(file:///Users/shubhamr/Desktop/rl-selenium-web/./src/test/java/resources/featurefiles/admin/account/AccountValidation.feature:5)
</textarea>
      
      </div>
              </div>
              <div class="step skip-bg" title="com.resumelibrary.cucumber.stepdefinitions.web.candidate.Register.iEnterClientEmailAddress(java.lang.String)">
                <span>And I enter client email address "registration@resume-library.com"</span>
      <div>Step skipped
      </div>
              </div>
              <div class="step skip-bg" title="com.resumelibrary.cucumber.stepdefinitions.web.candidate.Register.iEnterFirstName(java.lang.String)">
                <span>And I enter first name "Client"</span>
      <div>Step skipped
      </div>
              </div>
              <div class="step skip-bg" title="com.resumelibrary.cucumber.stepdefinitions.web.candidate.Register.iEnterLastName(java.lang.String)">
                <span>And I enter last name "Client"</span>
      <div>Step skipped
      </div>
              </div>
              <div class="step skip-bg" title="com.resumelibrary.cucumber.stepdefinitions.web.candidate.Register.iEnterPassword(java.lang.String)">
                <span>And I enter password "123456"</span>
      <div>Step skipped
      </div>
              </div>
              <div class="step skip-bg" title="com.resumelibrary.cucumber.stepdefinitions.web.client.Client.iEnterClientCompanyName(java.lang.String)">
                <span>And I enter client company name "resume-library.com"</span>
      <div>Step skipped
      </div>
              </div>
              <div class="step skip-bg" title="com.resumelibrary.cucumber.stepdefinitions.web.client.Registration.iClickOnEnterAddressManuallyLink()">
                <span>When I click on enter address manually link</span>
      <div>Step skipped
      </div>
              </div>
              <div class="step skip-bg" title="com.resumelibrary.cucumber.stepdefinitions.web.client.Others.iEnterAddress(java.lang.String)">
                <span>Then I enter address "1st street"</span>
      <div>Step skipped
      </div>
              </div>
              <div class="step skip-bg" title="com.resumelibrary.cucumber.stepdefinitions.web.candidate.Register.iEnterCity(java.lang.String)">
                <span>And I enter city "Los Angeles"</span>
      <div>Step skipped
      </div>
              </div>
              <div class="step skip-bg" title="com.resumelibrary.cucumber.stepdefinitions.web.client.Others.iEnterState(java.lang.String)">
                <span>And I enter state "California"</span>
      <div>Step skipped
      </div>
              </div>
              <div class="step skip-bg" title="com.resumelibrary.cucumber.stepdefinitions.web.candidate.Register.iEnterZipCode(java.lang.String)">
                <span>And I enter zip code "10001, NY"</span>
      <div>Step skipped
      </div>
              </div>
              <div class="step skip-bg" title="com.resumelibrary.cucumber.stepdefinitions.web.candidate.Register.iEnterPhoneNumber(java.lang.String)">
                <span>And I enter phone number "012345678945"</span>
      <div>Step skipped
      </div>
              </div>
              <div class="step skip-bg" title="com.resumelibrary.cucumber.stepdefinitions.web.client.Registration.iSelectFromRecruiterType(java.lang.String)">
                <span>And I select "Staffing Agency" from recruiter type</span>
      <div>Step skipped
      </div>
              </div>
              <div class="step skip-bg" title="com.resumelibrary.cucumber.stepdefinitions.web.client.Client.iClickOnSubmitInquiry()">
                <span>Then I click on Submit inquiry</span>
      <div>Step skipped
      </div>
              </div>
              <div class="step skip-bg" title="com.resumelibrary.cucumber.stepdefinitions.web.candidate.Others.iShouldBeOnPage(java.lang.String)">
                <span>And I should be on page "Client Account"</span>
      <div>Step skipped
      </div>
              </div>
              <div class="step skip-bg" title="com.resumelibrary.cucumber.stepdefinitions.admin.misc.Misc.iLoginAsAnAdminUser()">
                <span>And I login as an admin user</span>
      <div>Step skipped
      </div>
              </div>
              <div class="step skip-bg" title="com.resumelibrary.cucumber.stepdefinitions.web.candidate.Register.iSearchForInTheNavigationBarOnAdmin(java.lang.String)">
                <span>When I search for "registration@resume-library.com" in the navigation bar on admin</span>
      <div>Step skipped
      </div>
              </div>
              <div class="step skip-bg" title="com.resumelibrary.cucumber.stepdefinitions.admin.account.Account.iClickAccountUsers()">
                <span>And I click Account Users</span>
      <div>Step skipped
      </div>
              </div>
              <div class="step skip-bg" title="com.resumelibrary.cucumber.stepdefinitions.web.client.EcommerceClient.iClickOnButtonToActivateUserInAdminPage(java.lang.String)">
                <span>Then I click on "Edit" button to activate user in admin page</span>
      <div>Step skipped
      </div>
              </div>
              <div class="step skip-bg" title="com.resumelibrary.cucumber.stepdefinitions.web.candidate.Others.iSelectTheOptionFromDropdownWithId(java.lang.String,java.lang.String)">
                <span>Then I select the option "yes" from dropdown with id "email_confirmed"</span>
      <div>Step skipped
      </div>
              </div>
              <div class="step skip-bg" title="com.resumelibrary.cucumber.stepdefinitions.web.client.EcommerceClient.iClickOnButtonInAdminPage(java.lang.String)">
                <span>Then I click on button "Update User" in admin page</span>
      <div>Step skipped
      </div>
              </div>
              <div class="step skip-bg" title="com.resumelibrary.cucumber.stepdefinitions.web.candidate.Others.iNavigateToPageAdmin(java.lang.String)">
                <span>And I navigate to page on admin "Account Accountlist"</span>
      <div>Step skipped
      </div>
              </div>
              <div class="step skip-bg" title="com.resumelibrary.cucumber.stepdefinitions.admin.account.Account.iClickOnValidateAccountBtnOne()">
                <span>Then I click on validate account btn one</span>
      <div>Step skipped
      </div>
              </div>
              <div class="step skip-bg" title="com.resumelibrary.cucumber.stepdefinitions.web.candidate.Others.iConfirmBrowserPopup()">
                <span>And I confirm browser popup</span>
      <div>Step skipped
      </div>
              </div>
              <div class="step skip-bg" title="com.resumelibrary.cucumber.stepdefinitions.web.misc.Misc.iShouldSeeText(java.lang.String)">
                <span>Then I should see text "was validated"</span>
      <div>Step skipped
      </div>
              </div>
              <div class="step pass-bg" title="AFTER">
                <span>com.resumelibrary.cucumber.Hooks.tearDown(io.cucumber.java.Scenario)</span>
      <div>[--->--------------------------------------------<---]
      </div>
      <div>[--->CURRENT URL IS ----> https://www.resume-library.com/403.html<---]
      </div>
      <div>[--->BROWSER NAME   ----> chrome-100.0.4896.127<---]
      </div>
      <div>[--->CURRENT TAG IS : [@AdminAccountValidation, @Regression, @Admin, @ReleaseRegression1, @Recruiters, @accountValidation]<---]
      </div>
      <div>[--->--------------------------------------------<---]
      </div>
      <div>Validate a newly created account
          <div class="row mb-3"><div class="col-md-3">
<img data-featherlight='./screenshots/embedded11.jpg' src="./screenshots/embedded11.jpg">
    
    </div></div>
</div>
      <div>
      </div>
              </div>
          </div>
        </div>
  </div>
  <div class="card">
    <div class="card-header" role="tab">
      <div class="card-title">
        <div class="node" id="115"><span class="badge log fail-bg mr-2">Fail</span>Reject an account</div>
          <div class="status-avatar float-right mr-4">
            <i class="fa fa-paperclip"></i>
          </div>
      </div>
    </div>
        <div class="">
          <div class="card-body">
              <div class="step fail-bg" title="com.resumelibrary.cucumber.stepdefinitions.web.candidate.Others.iNavigateToPage(java.lang.String)">
                <span>Given I navigate to page "Client Registration"</span>
      <div>
        <textarea disabled class="code-block">org.openqa.selenium.TimeoutException: Expected condition failed: waiting for url to contain "/client/registration". Current url: "https://www.resume-library.com/403.html" (tried for 50 second(s) with 500 milliseconds interval)
Build info: version: '4.3.0', revision: 'a4995e2c09*'
System info: host: 'LT-MBP-191', ip: 'fe80:0:0:0:896:f353:16e:55a9%en0', os.name: 'Mac OS X', os.arch: 'aarch64', os.version: '13.0.1', java.version: '19'
Driver info: org.openqa.selenium.remote.RemoteWebDriver
Capabilities {acceptInsecureCerts: false, browserName: chrome, browserVersion: 100.0.4896.127, chrome: {chromedriverVersion: 100.0.4896.60 (6a5d10861ce8..., userDataDir: C:\Users\ltuser\AppData\Loc...}, goog:chromeOptions: {debuggerAddress: localhost:53320}, goog:loggingPrefs: {browser: ALL}, networkConnectionEnabled: false, pageLoadStrategy: normal, performance: false, platformName: WINDOWS, proxy: Proxy(), se:cdpVersion: 100.0.4896.127, setWindowRect: true, strictFileInteractability: false, timeouts: {implicit: 0, pageLoad: 300000, script: 30000}, unhandledPromptBehavior: dismiss and notify, video: true, webauthn:extension:credBlob: true, webauthn:extension:largeBlob: true, webauthn:virtualAuthenticators: true}
Session ID: 3fd83a69254030b251b4cf6552f9a0df
	at org.openqa.selenium.support.ui.WebDriverWait.timeoutException(WebDriverWait.java:87)
	at org.openqa.selenium.support.ui.FluentWait.until(FluentWait.java:231)
	at com.resumelibrary.utilities.Utility.webDriverWaitContainsUrl(Utility.java:147)
	at com.resumelibrary.cucumber.stepdefinitions.web.candidate.Others.iNavigateToPage(Others.java:112)
	at ✽.I navigate to page "Client Registration"(file:///Users/shubhamr/Desktop/rl-selenium-web/./src/test/java/resources/featurefiles/admin/account/AccountValidation.feature:5)
</textarea>
      
      </div>
              </div>
              <div class="step skip-bg" title="com.resumelibrary.cucumber.stepdefinitions.web.candidate.Register.iEnterClientEmailAddress(java.lang.String)">
                <span>And I enter client email address "registration@resume-library.com"</span>
      <div>Step skipped
      </div>
              </div>
              <div class="step skip-bg" title="com.resumelibrary.cucumber.stepdefinitions.web.candidate.Register.iEnterFirstName(java.lang.String)">
                <span>And I enter first name "Client"</span>
      <div>Step skipped
      </div>
              </div>
              <div class="step skip-bg" title="com.resumelibrary.cucumber.stepdefinitions.web.candidate.Register.iEnterLastName(java.lang.String)">
                <span>And I enter last name "Client"</span>
      <div>Step skipped
      </div>
              </div>
              <div class="step skip-bg" title="com.resumelibrary.cucumber.stepdefinitions.web.candidate.Register.iEnterPassword(java.lang.String)">
                <span>And I enter password "123456"</span>
      <div>Step skipped
      </div>
              </div>
              <div class="step skip-bg" title="com.resumelibrary.cucumber.stepdefinitions.web.client.Client.iEnterClientCompanyName(java.lang.String)">
                <span>And I enter client company name "resume-library.com"</span>
      <div>Step skipped
      </div>
              </div>
              <div class="step skip-bg" title="com.resumelibrary.cucumber.stepdefinitions.web.client.Registration.iClickOnEnterAddressManuallyLink()">
                <span>When I click on enter address manually link</span>
      <div>Step skipped
      </div>
              </div>
              <div class="step skip-bg" title="com.resumelibrary.cucumber.stepdefinitions.web.client.Others.iEnterAddress(java.lang.String)">
                <span>Then I enter address "1st street"</span>
      <div>Step skipped
      </div>
              </div>
              <div class="step skip-bg" title="com.resumelibrary.cucumber.stepdefinitions.web.candidate.Register.iEnterCity(java.lang.String)">
                <span>And I enter city "Los Angeles"</span>
      <div>Step skipped
      </div>
              </div>
              <div class="step skip-bg" title="com.resumelibrary.cucumber.stepdefinitions.web.client.Others.iEnterState(java.lang.String)">
                <span>And I enter state "California"</span>
      <div>Step skipped
      </div>
              </div>
              <div class="step skip-bg" title="com.resumelibrary.cucumber.stepdefinitions.web.candidate.Register.iEnterZipCode(java.lang.String)">
                <span>And I enter zip code "10001, NY"</span>
      <div>Step skipped
      </div>
              </div>
              <div class="step skip-bg" title="com.resumelibrary.cucumber.stepdefinitions.web.candidate.Register.iEnterPhoneNumber(java.lang.String)">
                <span>And I enter phone number "012345678945"</span>
      <div>Step skipped
      </div>
              </div>
              <div class="step skip-bg" title="com.resumelibrary.cucumber.stepdefinitions.web.client.Registration.iSelectFromRecruiterType(java.lang.String)">
                <span>And I select "Staffing Agency" from recruiter type</span>
      <div>Step skipped
      </div>
              </div>
              <div class="step skip-bg" title="com.resumelibrary.cucumber.stepdefinitions.web.client.Client.iClickOnSubmitInquiry()">
                <span>Then I click on Submit inquiry</span>
      <div>Step skipped
      </div>
              </div>
              <div class="step skip-bg" title="com.resumelibrary.cucumber.stepdefinitions.web.candidate.Others.iShouldBeOnPage(java.lang.String)">
                <span>And I should be on page "Client Account"</span>
      <div>Step skipped
      </div>
              </div>
              <div class="step skip-bg" title="com.resumelibrary.cucumber.stepdefinitions.admin.misc.Misc.iLoginAsAnAdminUser()">
                <span>And I login as an admin user</span>
      <div>Step skipped
      </div>
              </div>
              <div class="step skip-bg" title="com.resumelibrary.cucumber.stepdefinitions.web.candidate.Register.iSearchForInTheNavigationBarOnAdmin(java.lang.String)">
                <span>When I search for "registration@resume-library.com" in the navigation bar on admin</span>
      <div>Step skipped
      </div>
              </div>
              <div class="step skip-bg" title="com.resumelibrary.cucumber.stepdefinitions.admin.account.Account.iClickAccountUsers()">
                <span>And I click Account Users</span>
      <div>Step skipped
      </div>
              </div>
              <div class="step skip-bg" title="com.resumelibrary.cucumber.stepdefinitions.web.client.EcommerceClient.iClickOnButtonToActivateUserInAdminPage(java.lang.String)">
                <span>Then I click on "Edit" button to activate user in admin page</span>
      <div>Step skipped
      </div>
              </div>
              <div class="step skip-bg" title="com.resumelibrary.cucumber.stepdefinitions.web.candidate.Others.iSelectTheOptionFromDropdownWithId(java.lang.String,java.lang.String)">
                <span>Then I select the option "yes" from dropdown with id "email_confirmed"</span>
      <div>Step skipped
      </div>
              </div>
              <div class="step skip-bg" title="com.resumelibrary.cucumber.stepdefinitions.web.client.EcommerceClient.iClickOnButtonInAdminPage(java.lang.String)">
                <span>Then I click on button "Update User" in admin page</span>
      <div>Step skipped
      </div>
              </div>
              <div class="step skip-bg" title="com.resumelibrary.cucumber.stepdefinitions.web.candidate.Others.iNavigateToPageAdmin(java.lang.String)">
                <span>And I navigate to page on admin "Account Accountlist"</span>
      <div>Step skipped
      </div>
              </div>
              <div class="step skip-bg" title="com.resumelibrary.cucumber.stepdefinitions.admin.account.Account.iClickOnRejectAccountBtnOne()">
                <span>Then I click on reject account btn one</span>
      <div>Step skipped
      </div>
              </div>
              <div class="step skip-bg" title="com.resumelibrary.cucumber.stepdefinitions.web.misc.Misc.iShouldSeeText(java.lang.String)">
                <span>And I should see text "Reject Account"</span>
      <div>Step skipped
      </div>
              </div>
              <div class="step skip-bg" title="com.resumelibrary.cucumber.stepdefinitions.admin.account.Account.iSelectDeactivateReasonFromDropdown(java.lang.String)">
                <span>And I select deactivate reason from dropdown "No Budget"</span>
      <div>Step skipped
      </div>
              </div>
              <div class="step skip-bg" title="com.resumelibrary.cucumber.stepdefinitions.web.candidate.Settings.iFillInTheComments(java.lang.String)">
                <span>And I fill in the comments "Automation Test"</span>
      <div>Step skipped
      </div>
              </div>
              <div class="step skip-bg" title="com.resumelibrary.cucumber.stepdefinitions.admin.account.Account.iClickOnDeactivateClient()">
                <span>And I click on deactivate client</span>
      <div>Step skipped
      </div>
              </div>
              <div class="step skip-bg" title="com.resumelibrary.cucumber.stepdefinitions.web.misc.Misc.iShouldSeeText(java.lang.String)">
                <span>Then I should see text "has been rejected"</span>
      <div>Step skipped
      </div>
              </div>
              <div class="step pass-bg" title="AFTER">
                <span>com.resumelibrary.cucumber.Hooks.tearDown(io.cucumber.java.Scenario)</span>
      <div>[--->--------------------------------------------<---]
      </div>
      <div>[--->CURRENT URL IS ----> https://www.resume-library.com/403.html<---]
      </div>
      <div>[--->BROWSER NAME   ----> chrome-100.0.4896.127<---]
      </div>
      <div>[--->CURRENT TAG IS : [@AdminAccountValidation, @Regression, @Admin, @ReleaseRegression1, @Recruiters, @accountRejection]<---]
      </div>
      <div>[--->--------------------------------------------<---]
      </div>
      <div>Reject an account
          <div class="row mb-3"><div class="col-md-3">
<img data-featherlight='./screenshots/embedded15.jpg' src="./screenshots/embedded15.jpg">
    
    </div></div>
</div>
      <div>
      </div>
              </div>
          </div>
        </div>
  </div>
</div>
          </div>
        </li>
        <li class="test-item"  status="fail" test-id="83"
          author=""
          tag=""
          device="">
          <div class="test-detail">
            <p class="name">Admin Account AccountSearch</p>
            <p class="text-sm">
              <span>10:02:12 pm</span> / <span>00:01:17:455</span>
              <span class="badge fail-bg log float-right">Fail</span>
            </p>
          </div>
          <div class="test-contents d-none">
<div class="detail-head">
<div class="p-v-10">
<div class="info">
<h5 class="test-status text-fail">Admin Account AccountSearch</h5>
<span class='badge badge-success'>12.13.2022 10:02:12 pm</span>
<span class='badge badge-danger'>12.13.2022 10:03:29 pm</span>
<span class='badge badge-default'>00:01:17:455</span>
&middot; <span class='uri-anchor badge badge-default'>#test-id=83</span>
<span class='badge badge-default pointer float-right ml-1 et'><i class="fa fa-chevron-down"></i></span>
<span class='badge badge-default pointer float-right ct'><i class="fa fa-chevron-up"></i></span>
</div>
<div class="m-t-10 m-l-5"></div>
</div>
</div>
<div class="accordion mt-4">
  <div class="card">
    <div class="card-header" role="tab">
      <div class="card-title">
        <div class="node" id="84"><span class="badge log fail-bg mr-2">Fail</span>Search for an account using account number</div>
          <div class="status-avatar float-right mr-4">
            <i class="fa fa-paperclip"></i>
          </div>
      </div>
    </div>
        <div class="">
          <div class="card-body">
              <div class="step fail-bg" title="com.resumelibrary.cucumber.stepdefinitions.admin.misc.Misc.iLoginAsAnAdminUser()">
                <span>Given I login as an admin user</span>
      <div>
        <textarea disabled class="code-block">org.openqa.selenium.NoSuchElementException: no such element: Unable to locate element: {"method":"css selector","selector":"*[name='username']"}
  (Session info: chrome=100.0.4896.127)
For documentation on this error, please visit: https://selenium.dev/exceptions/#no_such_element
Build info: version: '4.3.0', revision: 'a4995e2c09*'
System info: host: 'LT-MBP-191', ip: 'fe80:0:0:0:896:f353:16e:55a9%en0', os.name: 'Mac OS X', os.arch: 'aarch64', os.version: '13.0.1', java.version: '19'
Driver info: org.openqa.selenium.remote.RemoteWebDriver
Command: [a9f28dd5b3d60db603c6e879f0251240, findElement {using=name, value=username}]
Capabilities {acceptInsecureCerts: false, browserName: chrome, browserVersion: 100.0.4896.127, chrome: {chromedriverVersion: 100.0.4896.60 (6a5d10861ce8..., userDataDir: C:\Users\ltuser\AppData\Loc...}, goog:chromeOptions: {debuggerAddress: localhost:57596}, goog:loggingPrefs: {browser: ALL}, networkConnectionEnabled: false, pageLoadStrategy: normal, performance: false, platformName: WINDOWS, proxy: Proxy(), se:cdpVersion: 100.0.4896.127, setWindowRect: true, strictFileInteractability: false, timeouts: {implicit: 0, pageLoad: 300000, script: 30000}, unhandledPromptBehavior: dismiss and notify, video: true, webauthn:extension:credBlob: true, webauthn:extension:largeBlob: true, webauthn:virtualAuthenticators: true}
Session ID: a9f28dd5b3d60db603c6e879f0251240
	at java.base/jdk.internal.reflect.DirectConstructorHandleAccessor.newInstance(DirectConstructorHandleAccessor.java:67)
	at java.base/java.lang.reflect.Constructor.newInstanceWithCaller(Constructor.java:500)
	at java.base/java.lang.reflect.Constructor.newInstance(Constructor.java:484)
	at org.openqa.selenium.remote.codec.w3c.W3CHttpResponseCodec.createException(W3CHttpResponseCodec.java:200)
	at org.openqa.selenium.remote.codec.w3c.W3CHttpResponseCodec.decode(W3CHttpResponseCodec.java:133)
	at org.openqa.selenium.remote.codec.w3c.W3CHttpResponseCodec.decode(W3CHttpResponseCodec.java:53)
	at org.openqa.selenium.remote.HttpCommandExecutor.execute(HttpCommandExecutor.java:184)
	at org.openqa.selenium.remote.TracedCommandExecutor.execute(TracedCommandExecutor.java:51)
	at org.openqa.selenium.remote.RemoteWebDriver.execute(RemoteWebDriver.java:547)
	at org.openqa.selenium.remote.ElementLocation$ElementFinder$2.findElement(ElementLocation.java:162)
	at org.openqa.selenium.remote.ElementLocation.findElement(ElementLocation.java:66)
	at org.openqa.selenium.remote.RemoteWebDriver.findElement(RemoteWebDriver.java:365)
	at org.openqa.selenium.remote.RemoteWebDriver.findElement(RemoteWebDriver.java:357)
	at org.openqa.selenium.support.pagefactory.DefaultElementLocator.findElement(DefaultElementLocator.java:70)
	at org.openqa.selenium.support.pagefactory.internal.LocatingElementHandler.invoke(LocatingElementHandler.java:39)
	at jdk.proxy2/jdk.proxy2.$Proxy29.sendKeys(Unknown Source)
	at com.resumelibrary.admintest.misc.MiscPage.loginAsAdminUser(MiscPage.java:116)
	at com.resumelibrary.cucumber.stepdefinitions.admin.misc.Misc.iLoginAsAnAdminUser(Misc.java:31)
	at ✽.I login as an admin user(file:///Users/shubhamr/Desktop/rl-selenium-web/./src/test/java/resources/featurefiles/admin/account/AccountSearch.feature:5)
</textarea>
      
      </div>
              </div>
              <div class="step skip-bg" title="com.resumelibrary.cucumber.stepdefinitions.admin.account.Account.iSearchForInTheNavigationBar(java.lang.String)">
                <span>When I search for "1478" in the navigation bar</span>
      <div>Step skipped
      </div>
              </div>
              <div class="step skip-bg" title="com.resumelibrary.cucumber.stepdefinitions.admin.account.Account.iShouldBeOnAccountSearchResultsPage()">
                <span>Then I should be on account search results page</span>
      <div>Step skipped
      </div>
              </div>
              <div class="step skip-bg" title="com.resumelibrary.cucumber.stepdefinitions.web.misc.Misc.iShouldSeeText(java.lang.String)">
                <span>Then I should see text "Search Results"</span>
      <div>Step skipped
      </div>
              </div>
              <div class="step skip-bg" title="com.resumelibrary.cucumber.stepdefinitions.web.misc.Misc.iShouldSeeText(java.lang.String)">
                <span>Then I should see text "You searched for"</span>
      <div>Step skipped
      </div>
              </div>
              <div class="step skip-bg" title="com.resumelibrary.cucumber.stepdefinitions.web.misc.Misc.iShouldSeeText(java.lang.String)">
                <span>And I should see text "Account Results"</span>
      <div>Step skipped
      </div>
              </div>
              <div class="step skip-bg" title="com.resumelibrary.cucumber.stepdefinitions.web.candidate.Others.iClickOn(java.lang.String)">
                <span>When I click on "Acme Company No 813181"</span>
      <div>Step skipped
      </div>
              </div>
              <div class="step skip-bg" title="com.resumelibrary.cucumber.stepdefinitions.admin.account.Account.iShouldBeOnAccountViewPage()">
                <span>Then I should be on Account View page</span>
      <div>Step skipped
      </div>
              </div>
              <div class="step skip-bg" title="com.resumelibrary.cucumber.stepdefinitions.web.misc.Misc.iShouldSeeText(java.lang.String)">
                <span>Then I should see text "Acme Company No 813181 (23300) - NOT VALIDATED"</span>
      <div>Step skipped
      </div>
              </div>
              <div class="step skip-bg" title="com.resumelibrary.cucumber.stepdefinitions.web.misc.Misc.iShouldSeeText(java.lang.String)">
                <span>And I should see text "Account Overview"</span>
      <div>Step skipped
      </div>
              </div>
              <div class="step pass-bg" title="AFTER">
                <span>com.resumelibrary.cucumber.Hooks.tearDown(io.cucumber.java.Scenario)</span>
      <div>[--->--------------------------------------------<---]
      </div>
      <div>[--->CURRENT URL IS ----> https://www.resume-library.com/403.html<---]
      </div>
      <div>[--->BROWSER NAME   ----> chrome-100.0.4896.127<---]
      </div>
      <div>[--->CURRENT TAG IS : [@AccountSearch, @Regression, @Admin, @ReleaseRegression1, @Recruiters, @AdminE2E]<---]
      </div>
      <div>[--->--------------------------------------------<---]
      </div>
      <div>Search for an account using account number
          <div class="row mb-3"><div class="col-md-3">
<img data-featherlight='./screenshots/embedded7.jpg' src="./screenshots/embedded7.jpg">
    
    </div></div>
</div>
      <div>
      </div>
              </div>
          </div>
        </div>
  </div>
</div>
          </div>
        </li>
        <li class="test-item"  status="fail" test-id="151"
          author=""
          tag=""
          device="">
          <div class="test-detail">
            <p class="name">Admin Account AccountViewApplications</p>
            <p class="text-sm">
              <span>10:04:16 pm</span> / <span>00:02:09:319</span>
              <span class="badge fail-bg log float-right">Fail</span>
            </p>
          </div>
          <div class="test-contents d-none">
<div class="detail-head">
<div class="p-v-10">
<div class="info">
<h5 class="test-status text-fail">Admin Account AccountViewApplications</h5>
<span class='badge badge-success'>12.13.2022 10:04:16 pm</span>
<span class='badge badge-danger'>12.13.2022 10:06:25 pm</span>
<span class='badge badge-default'>00:02:09:319</span>
&middot; <span class='uri-anchor badge badge-default'>#test-id=151</span>
<span class='badge badge-default pointer float-right ml-1 et'><i class="fa fa-chevron-down"></i></span>
<span class='badge badge-default pointer float-right ct'><i class="fa fa-chevron-up"></i></span>
</div>
<div class="m-t-10 m-l-5"></div>
</div>
</div>
<div class="accordion mt-4">
  <div class="card">
    <div class="card-header" role="tab">
      <div class="card-title">
        <div class="node" id="152"><span class="badge log fail-bg mr-2">Fail</span>Search for an account using account number and verify Applications page load case 1</div>
          <div class="status-avatar float-right mr-4">
            <i class="fa fa-paperclip"></i>
          </div>
      </div>
    </div>
        <div class="">
          <div class="card-body">
              <div class="step fail-bg" title="com.resumelibrary.cucumber.stepdefinitions.admin.misc.Misc.iLoginAsAnAdminUser()">
                <span>Given I login as an admin user</span>
      <div>
        <textarea disabled class="code-block">org.openqa.selenium.NoSuchElementException: no such element: Unable to locate element: {"method":"css selector","selector":"*[name='username']"}
  (Session info: chrome=100.0.4896.127)
For documentation on this error, please visit: https://selenium.dev/exceptions/#no_such_element
Build info: version: '4.3.0', revision: 'a4995e2c09*'
System info: host: 'LT-MBP-191', ip: 'fe80:0:0:0:896:f353:16e:55a9%en0', os.name: 'Mac OS X', os.arch: 'aarch64', os.version: '13.0.1', java.version: '19'
Driver info: org.openqa.selenium.remote.RemoteWebDriver
Command: [ab1049d6b6675c0d2bf0d412418192b5, findElement {using=name, value=username}]
Capabilities {acceptInsecureCerts: false, browserName: chrome, browserVersion: 100.0.4896.127, chrome: {chromedriverVersion: 100.0.4896.60 (6a5d10861ce8..., userDataDir: C:\Users\ltuser\AppData\Loc...}, goog:chromeOptions: {debuggerAddress: localhost:56335}, goog:loggingPrefs: {browser: ALL}, networkConnectionEnabled: false, pageLoadStrategy: normal, performance: false, platformName: WINDOWS, proxy: Proxy(), se:cdpVersion: 100.0.4896.127, setWindowRect: true, strictFileInteractability: false, timeouts: {implicit: 0, pageLoad: 300000, script: 30000}, unhandledPromptBehavior: dismiss and notify, video: true, webauthn:extension:credBlob: true, webauthn:extension:largeBlob: true, webauthn:virtualAuthenticators: true}
Session ID: ab1049d6b6675c0d2bf0d412418192b5
	at java.base/jdk.internal.reflect.DirectConstructorHandleAccessor.newInstance(DirectConstructorHandleAccessor.java:67)
	at java.base/java.lang.reflect.Constructor.newInstanceWithCaller(Constructor.java:500)
	at java.base/java.lang.reflect.Constructor.newInstance(Constructor.java:484)
	at org.openqa.selenium.remote.codec.w3c.W3CHttpResponseCodec.createException(W3CHttpResponseCodec.java:200)
	at org.openqa.selenium.remote.codec.w3c.W3CHttpResponseCodec.decode(W3CHttpResponseCodec.java:133)
	at org.openqa.selenium.remote.codec.w3c.W3CHttpResponseCodec.decode(W3CHttpResponseCodec.java:53)
	at org.openqa.selenium.remote.HttpCommandExecutor.execute(HttpCommandExecutor.java:184)
	at org.openqa.selenium.remote.TracedCommandExecutor.execute(TracedCommandExecutor.java:51)
	at org.openqa.selenium.remote.RemoteWebDriver.execute(RemoteWebDriver.java:547)
	at org.openqa.selenium.remote.ElementLocation$ElementFinder$2.findElement(ElementLocation.java:162)
	at org.openqa.selenium.remote.ElementLocation.findElement(ElementLocation.java:66)
	at org.openqa.selenium.remote.RemoteWebDriver.findElement(RemoteWebDriver.java:365)
	at org.openqa.selenium.remote.RemoteWebDriver.findElement(RemoteWebDriver.java:357)
	at org.openqa.selenium.support.pagefactory.DefaultElementLocator.findElement(DefaultElementLocator.java:70)
	at org.openqa.selenium.support.pagefactory.internal.LocatingElementHandler.invoke(LocatingElementHandler.java:39)
	at jdk.proxy2/jdk.proxy2.$Proxy29.sendKeys(Unknown Source)
	at com.resumelibrary.admintest.misc.MiscPage.loginAsAdminUser(MiscPage.java:116)
	at com.resumelibrary.cucumber.stepdefinitions.admin.misc.Misc.iLoginAsAnAdminUser(Misc.java:31)
	at ✽.I login as an admin user(file:///Users/shubhamr/Desktop/rl-selenium-web/./src/test/java/resources/featurefiles/admin/account/AccountViewApplications.feature:6)
</textarea>
      
      </div>
              </div>
              <div class="step skip-bg" title="com.resumelibrary.cucumber.stepdefinitions.web.candidate.Others.iNavigateToPageAdmin(java.lang.String)">
                <span>When I navigate to page on admin "Account 1478"</span>
      <div>Step skipped
      </div>
              </div>
              <div class="step skip-bg" title="com.resumelibrary.cucumber.stepdefinitions.web.misc.Misc.iShouldSeeText(java.lang.String)">
                <span>Then I should see text "Acme Company No 1728 (1478)"</span>
      <div>Step skipped
      </div>
              </div>
              <div class="step skip-bg" title="com.resumelibrary.cucumber.stepdefinitions.admin.misc.Misc.iClickApplications()">
                <span>Then I click on Applications</span>
      <div>Step skipped
      </div>
              </div>
              <div class="step skip-bg" title="com.resumelibrary.cucumber.stepdefinitions.web.misc.Misc.iShouldSeeText(java.lang.String)">
                <span>Then I should see text "Applications for Acme Company No 1728 - Account ID: #1478"</span>
      <div>Step skipped
      </div>
              </div>
              <div class="step skip-bg" title="com.resumelibrary.cucumber.stepdefinitions.web.misc.Misc.iShouldSeeText(java.lang.String)">
                <span>Then I should see text "Job ID"</span>
      <div>Step skipped
      </div>
              </div>
              <div class="step skip-bg" title="com.resumelibrary.cucumber.stepdefinitions.web.misc.Misc.iShouldSeeText(java.lang.String)">
                <span>Then I should see text "Job Title"</span>
      <div>Step skipped
      </div>
              </div>
              <div class="step skip-bg" title="com.resumelibrary.cucumber.stepdefinitions.web.misc.Misc.iShouldSeeText(java.lang.String)">
                <span>Then I should see text "Candidate ID"</span>
      <div>Step skipped
      </div>
              </div>
              <div class="step skip-bg" title="com.resumelibrary.cucumber.stepdefinitions.web.misc.Misc.iShouldSeeText(java.lang.String)">
                <span>Then I should see text "Candidate Name"</span>
      <div>Step skipped
      </div>
              </div>
              <div class="step skip-bg" title="com.resumelibrary.cucumber.stepdefinitions.admin.misc.Misc.iShouldSeeHeaderText(java.lang.String)">
                <span>Then I should see header text "Email"</span>
      <div>Step skipped
      </div>
              </div>
              <div class="step skip-bg" title="com.resumelibrary.cucumber.stepdefinitions.web.misc.Misc.iShouldSeeText(java.lang.String)">
                <span>Then I should see text "Application Time"</span>
      <div>Step skipped
      </div>
              </div>
              <div class="step skip-bg" title="com.resumelibrary.cucumber.stepdefinitions.admin.misc.Misc.iShouldSeeHeaderTextWithBR(java.lang.String)">
                <span>Then I should see header text with BR "Apply Type"</span>
      <div>Step skipped
      </div>
              </div>
              <div class="step skip-bg" title="com.resumelibrary.cucumber.stepdefinitions.admin.misc.Misc.iShouldSeeHeaderTextWithBR(java.lang.String)">
                <span>Then I should see header text with BR "User Deleted"</span>
      <div>Step skipped
      </div>
              </div>
              <div class="step pass-bg" title="AFTER">
                <span>com.resumelibrary.cucumber.Hooks.tearDown(io.cucumber.java.Scenario)</span>
      <div>[--->--------------------------------------------<---]
      </div>
      <div>[--->CURRENT URL IS ----> https://www.resume-library.com/403.html<---]
      </div>
      <div>[--->BROWSER NAME   ----> chrome-100.0.4896.127<---]
      </div>
      <div>[--->CURRENT TAG IS : [@AccountViewApplications, @Regression, @Admin, @Recruiters, @accountViewApplicationsOne]<---]
      </div>
      <div>[--->--------------------------------------------<---]
      </div>
      <div>Search for an account using account number and verify Applications page load case 1
          <div class="row mb-3"><div class="col-md-3">
<img data-featherlight='./screenshots/embedded14.jpg' src="./screenshots/embedded14.jpg">
    
    </div></div>
</div>
      <div>
      </div>
              </div>
          </div>
        </div>
  </div>
  <div class="card">
    <div class="card-header" role="tab">
      <div class="card-title">
        <div class="node" id="154"><span class="badge log fail-bg mr-2">Fail</span>Search for an account using account number and verify Applications page load2</div>
          <div class="status-avatar float-right mr-4">
            <i class="fa fa-paperclip"></i>
          </div>
      </div>
    </div>
        <div class="">
          <div class="card-body">
              <div class="step fail-bg" title="com.resumelibrary.cucumber.stepdefinitions.admin.misc.Misc.iLoginAsAnAdminUser()">
                <span>Given I login as an admin user</span>
      <div>
        <textarea disabled class="code-block">org.openqa.selenium.NoSuchElementException: no such element: Unable to locate element: {"method":"css selector","selector":"*[name='username']"}
  (Session info: chrome=100.0.4896.127)
For documentation on this error, please visit: https://selenium.dev/exceptions/#no_such_element
Build info: version: '4.3.0', revision: 'a4995e2c09*'
System info: host: 'LT-MBP-191', ip: 'fe80:0:0:0:896:f353:16e:55a9%en0', os.name: 'Mac OS X', os.arch: 'aarch64', os.version: '13.0.1', java.version: '19'
Driver info: org.openqa.selenium.remote.RemoteWebDriver
Command: [64660bfc09c7657f1095031499549fd2, findElement {using=name, value=username}]
Capabilities {acceptInsecureCerts: false, browserName: chrome, browserVersion: 100.0.4896.127, chrome: {chromedriverVersion: 100.0.4896.60 (6a5d10861ce8..., userDataDir: C:\Users\ltuser\AppData\Loc...}, goog:chromeOptions: {debuggerAddress: localhost:53341}, goog:loggingPrefs: {browser: ALL}, networkConnectionEnabled: false, pageLoadStrategy: normal, performance: false, platformName: WINDOWS, proxy: Proxy(), se:cdpVersion: 100.0.4896.127, setWindowRect: true, strictFileInteractability: false, timeouts: {implicit: 0, pageLoad: 300000, script: 30000}, unhandledPromptBehavior: dismiss and notify, video: true, webauthn:extension:credBlob: true, webauthn:extension:largeBlob: true, webauthn:virtualAuthenticators: true}
Session ID: 64660bfc09c7657f1095031499549fd2
	at java.base/jdk.internal.reflect.DirectConstructorHandleAccessor.newInstance(DirectConstructorHandleAccessor.java:67)
	at java.base/java.lang.reflect.Constructor.newInstanceWithCaller(Constructor.java:500)
	at java.base/java.lang.reflect.Constructor.newInstance(Constructor.java:484)
	at org.openqa.selenium.remote.codec.w3c.W3CHttpResponseCodec.createException(W3CHttpResponseCodec.java:200)
	at org.openqa.selenium.remote.codec.w3c.W3CHttpResponseCodec.decode(W3CHttpResponseCodec.java:133)
	at org.openqa.selenium.remote.codec.w3c.W3CHttpResponseCodec.decode(W3CHttpResponseCodec.java:53)
	at org.openqa.selenium.remote.HttpCommandExecutor.execute(HttpCommandExecutor.java:184)
	at org.openqa.selenium.remote.TracedCommandExecutor.execute(TracedCommandExecutor.java:51)
	at org.openqa.selenium.remote.RemoteWebDriver.execute(RemoteWebDriver.java:547)
	at org.openqa.selenium.remote.ElementLocation$ElementFinder$2.findElement(ElementLocation.java:162)
	at org.openqa.selenium.remote.ElementLocation.findElement(ElementLocation.java:66)
	at org.openqa.selenium.remote.RemoteWebDriver.findElement(RemoteWebDriver.java:365)
	at org.openqa.selenium.remote.RemoteWebDriver.findElement(RemoteWebDriver.java:357)
	at org.openqa.selenium.support.pagefactory.DefaultElementLocator.findElement(DefaultElementLocator.java:70)
	at org.openqa.selenium.support.pagefactory.internal.LocatingElementHandler.invoke(LocatingElementHandler.java:39)
	at jdk.proxy2/jdk.proxy2.$Proxy29.sendKeys(Unknown Source)
	at com.resumelibrary.admintest.misc.MiscPage.loginAsAdminUser(MiscPage.java:116)
	at com.resumelibrary.cucumber.stepdefinitions.admin.misc.Misc.iLoginAsAnAdminUser(Misc.java:31)
	at ✽.I login as an admin user(file:///Users/shubhamr/Desktop/rl-selenium-web/./src/test/java/resources/featurefiles/admin/account/AccountViewApplications.feature:22)
</textarea>
      
      </div>
              </div>
              <div class="step skip-bg" title="com.resumelibrary.cucumber.stepdefinitions.web.candidate.Others.iNavigateToPageAdmin(java.lang.String)">
                <span>When I navigate to page on admin "Account 19088"</span>
      <div>Step skipped
      </div>
              </div>
              <div class="step skip-bg" title="com.resumelibrary.cucumber.stepdefinitions.web.misc.Misc.iShouldSeeText(java.lang.String)">
                <span>Then I should see text "Acme Company No 787777 (19088)"</span>
      <div>Step skipped
      </div>
              </div>
              <div class="step skip-bg" title="com.resumelibrary.cucumber.stepdefinitions.admin.misc.Misc.iClickApplications()">
                <span>Then I click on Applications</span>
      <div>Step skipped
      </div>
              </div>
              <div class="step skip-bg" title="com.resumelibrary.cucumber.stepdefinitions.web.misc.Misc.iShouldSeeText(java.lang.String)">
                <span>Then I should see text "Applications for Acme Company No 787777 - Account ID: #19088"</span>
      <div>Step skipped
      </div>
              </div>
              <div class="step skip-bg" title="com.resumelibrary.cucumber.stepdefinitions.web.misc.Misc.iShouldSeeText(java.lang.String)">
                <span>Then I should see text "Job ID"</span>
      <div>Step skipped
      </div>
              </div>
              <div class="step skip-bg" title="com.resumelibrary.cucumber.stepdefinitions.web.misc.Misc.iShouldSeeText(java.lang.String)">
                <span>Then I should see text "Job Title"</span>
      <div>Step skipped
      </div>
              </div>
              <div class="step skip-bg" title="com.resumelibrary.cucumber.stepdefinitions.web.misc.Misc.iShouldSeeText(java.lang.String)">
                <span>Then I should see text "Candidate ID"</span>
      <div>Step skipped
      </div>
              </div>
              <div class="step skip-bg" title="com.resumelibrary.cucumber.stepdefinitions.web.misc.Misc.iShouldSeeText(java.lang.String)">
                <span>Then I should see text "Candidate Name"</span>
      <div>Step skipped
      </div>
              </div>
              <div class="step skip-bg" title="com.resumelibrary.cucumber.stepdefinitions.admin.misc.Misc.iShouldSeeHeaderText(java.lang.String)">
                <span>Then I should see header text "Email"</span>
      <div>Step skipped
      </div>
              </div>
              <div class="step skip-bg" title="com.resumelibrary.cucumber.stepdefinitions.web.misc.Misc.iShouldSeeText(java.lang.String)">
                <span>Then I should see text "Application Time"</span>
      <div>Step skipped
      </div>
              </div>
              <div class="step skip-bg" title="com.resumelibrary.cucumber.stepdefinitions.admin.misc.Misc.iShouldSeeHeaderTextWithBR(java.lang.String)">
                <span>Then I should see header text with BR "Apply Type"</span>
      <div>Step skipped
      </div>
              </div>
              <div class="step skip-bg" title="com.resumelibrary.cucumber.stepdefinitions.admin.misc.Misc.iShouldSeeHeaderTextWithBR(java.lang.String)">
                <span>Then I should see header text with BR "User Deleted"</span>
      <div>Step skipped
      </div>
              </div>
              <div class="step pass-bg" title="AFTER">
                <span>com.resumelibrary.cucumber.Hooks.tearDown(io.cucumber.java.Scenario)</span>
      <div>[--->--------------------------------------------<---]
      </div>
      <div>[--->CURRENT URL IS ----> https://www.resume-library.com/403.html<---]
      </div>
      <div>[--->BROWSER NAME   ----> chrome-100.0.4896.127<---]
      </div>
      <div>[--->CURRENT TAG IS : [@AccountViewApplications, @Regression, @Admin, @Recruiters, @accountViewApplicationsTwo]<---]
      </div>
      <div>[--->--------------------------------------------<---]
      </div>
      <div>Search for an account using account number and verify Applications page load2
          <div class="row mb-3"><div class="col-md-3">
<img data-featherlight='./screenshots/embedded16.jpg' src="./screenshots/embedded16.jpg">
    
    </div></div>
</div>
      <div>
      </div>
              </div>
          </div>
        </div>
  </div>
</div>
          </div>
        </li>
        <li class="test-item"  status="fail" test-id="155"
          author=""
          tag=""
          device="">
          <div class="test-detail">
            <p class="name">Admin Account AccountViewActiveJobs</p>
            <p class="text-sm">
              <span>10:04:31 pm</span> / <span>00:01:45:261</span>
              <span class="badge fail-bg log float-right">Fail</span>
            </p>
          </div>
          <div class="test-contents d-none">
<div class="detail-head">
<div class="p-v-10">
<div class="info">
<h5 class="test-status text-fail">Admin Account AccountViewActiveJobs</h5>
<span class='badge badge-success'>12.13.2022 10:04:31 pm</span>
<span class='badge badge-danger'>12.13.2022 10:06:16 pm</span>
<span class='badge badge-default'>00:01:45:261</span>
&middot; <span class='uri-anchor badge badge-default'>#test-id=155</span>
<span class='badge badge-default pointer float-right ml-1 et'><i class="fa fa-chevron-down"></i></span>
<span class='badge badge-default pointer float-right ct'><i class="fa fa-chevron-up"></i></span>
</div>
<div class="m-t-10 m-l-5"></div>
</div>
</div>
<div class="accordion mt-4">
  <div class="card">
    <div class="card-header" role="tab">
      <div class="card-title">
        <div class="node" id="156"><span class="badge log fail-bg mr-2">Fail</span>Search for an account using account number and verify Active Jobs page load case 1</div>
          <div class="status-avatar float-right mr-4">
            <i class="fa fa-paperclip"></i>
          </div>
      </div>
    </div>
        <div class="">
          <div class="card-body">
              <div class="step fail-bg" title="com.resumelibrary.cucumber.stepdefinitions.admin.misc.Misc.iLoginAsAnAdminUser()">
                <span>Given I login as an admin user</span>
      <div>
        <textarea disabled class="code-block">org.openqa.selenium.NoSuchElementException: no such element: Unable to locate element: {"method":"css selector","selector":"*[name='username']"}
  (Session info: chrome=100.0.4896.127)
For documentation on this error, please visit: https://selenium.dev/exceptions/#no_such_element
Build info: version: '4.3.0', revision: 'a4995e2c09*'
System info: host: 'LT-MBP-191', ip: 'fe80:0:0:0:896:f353:16e:55a9%en0', os.name: 'Mac OS X', os.arch: 'aarch64', os.version: '13.0.1', java.version: '19'
Driver info: org.openqa.selenium.remote.RemoteWebDriver
Command: [99513517bb1592320fd4041585ba1313, findElement {using=name, value=username}]
Capabilities {acceptInsecureCerts: false, browserName: chrome, browserVersion: 100.0.4896.127, chrome: {chromedriverVersion: 100.0.4896.60 (6a5d10861ce8..., userDataDir: C:\Users\ltuser\AppData\Loc...}, goog:chromeOptions: {debuggerAddress: localhost:50853}, goog:loggingPrefs: {browser: ALL}, networkConnectionEnabled: false, pageLoadStrategy: normal, performance: false, platformName: WINDOWS, proxy: Proxy(), se:cdpVersion: 100.0.4896.127, setWindowRect: true, strictFileInteractability: false, timeouts: {implicit: 0, pageLoad: 300000, script: 30000}, unhandledPromptBehavior: dismiss and notify, video: true, webauthn:extension:credBlob: true, webauthn:extension:largeBlob: true, webauthn:virtualAuthenticators: true}
Session ID: 99513517bb1592320fd4041585ba1313
	at java.base/jdk.internal.reflect.DirectConstructorHandleAccessor.newInstance(DirectConstructorHandleAccessor.java:67)
	at java.base/java.lang.reflect.Constructor.newInstanceWithCaller(Constructor.java:500)
	at java.base/java.lang.reflect.Constructor.newInstance(Constructor.java:484)
	at org.openqa.selenium.remote.codec.w3c.W3CHttpResponseCodec.createException(W3CHttpResponseCodec.java:200)
	at org.openqa.selenium.remote.codec.w3c.W3CHttpResponseCodec.decode(W3CHttpResponseCodec.java:133)
	at org.openqa.selenium.remote.codec.w3c.W3CHttpResponseCodec.decode(W3CHttpResponseCodec.java:53)
	at org.openqa.selenium.remote.HttpCommandExecutor.execute(HttpCommandExecutor.java:184)
	at org.openqa.selenium.remote.TracedCommandExecutor.execute(TracedCommandExecutor.java:51)
	at org.openqa.selenium.remote.RemoteWebDriver.execute(RemoteWebDriver.java:547)
	at org.openqa.selenium.remote.ElementLocation$ElementFinder$2.findElement(ElementLocation.java:162)
	at org.openqa.selenium.remote.ElementLocation.findElement(ElementLocation.java:66)
	at org.openqa.selenium.remote.RemoteWebDriver.findElement(RemoteWebDriver.java:365)
	at org.openqa.selenium.remote.RemoteWebDriver.findElement(RemoteWebDriver.java:357)
	at org.openqa.selenium.support.pagefactory.DefaultElementLocator.findElement(DefaultElementLocator.java:70)
	at org.openqa.selenium.support.pagefactory.internal.LocatingElementHandler.invoke(LocatingElementHandler.java:39)
	at jdk.proxy2/jdk.proxy2.$Proxy29.sendKeys(Unknown Source)
	at com.resumelibrary.admintest.misc.MiscPage.loginAsAdminUser(MiscPage.java:116)
	at com.resumelibrary.cucumber.stepdefinitions.admin.misc.Misc.iLoginAsAnAdminUser(Misc.java:31)
	at ✽.I login as an admin user(file:///Users/shubhamr/Desktop/rl-selenium-web/./src/test/java/resources/featurefiles/admin/account/AccountViewActiveJobs.feature:6)
</textarea>
      
      </div>
              </div>
              <div class="step skip-bg" title="com.resumelibrary.cucumber.stepdefinitions.web.candidate.Others.iNavigateToPageAdmin(java.lang.String)">
                <span>When I navigate to page on admin "Account 1478"</span>
      <div>Step skipped
      </div>
              </div>
              <div class="step skip-bg" title="com.resumelibrary.cucumber.stepdefinitions.web.misc.Misc.iShouldSeeText(java.lang.String)">
                <span>Then I should see text "Acme Company No 1728 (1478)"</span>
      <div>Step skipped
      </div>
              </div>
              <div class="step skip-bg" title="com.resumelibrary.cucumber.stepdefinitions.admin.misc.Misc.iClickActiveJobs()">
                <span>Then I click on Active Jobs</span>
      <div>Step skipped
      </div>
              </div>
              <div class="step skip-bg" title="com.resumelibrary.cucumber.stepdefinitions.web.misc.Misc.iShouldSeeText(java.lang.String)">
                <span>Then I should see text "Active Jobs for Acme Company No 1728 #1478"</span>
      <div>Step skipped
      </div>
              </div>
              <div class="step skip-bg" title="com.resumelibrary.cucumber.stepdefinitions.web.misc.Misc.iShouldSeeText(java.lang.String)">
                <span>Then I should see text "Job ID"</span>
      <div>Step skipped
      </div>
              </div>
              <div class="step skip-bg" title="com.resumelibrary.cucumber.stepdefinitions.web.misc.Misc.iShouldSeeText(java.lang.String)">
                <span>Then I should see text "Posted"</span>
      <div>Step skipped
      </div>
              </div>
              <div class="step skip-bg" title="com.resumelibrary.cucumber.stepdefinitions.web.misc.Misc.iShouldSeeText(java.lang.String)">
                <span>Then I should see text "Expiry"</span>
      <div>Step skipped
      </div>
              </div>
              <div class="step skip-bg" title="com.resumelibrary.cucumber.stepdefinitions.web.misc.Misc.iShouldSeeText(java.lang.String)">
                <span>Then I should see text "Last Updated"</span>
      <div>Step skipped
      </div>
              </div>
              <div class="step skip-bg" title="com.resumelibrary.cucumber.stepdefinitions.web.misc.Misc.iShouldSeeText(java.lang.String)">
                <span>Then I should see text "Posted By"</span>
      <div>Step skipped
      </div>
              </div>
              <div class="step skip-bg" title="com.resumelibrary.cucumber.stepdefinitions.web.misc.Misc.iShouldSeeText(java.lang.String)">
                <span>Then I should see text "Job Title"</span>
      <div>Step skipped
      </div>
              </div>
              <div class="step skip-bg" title="com.resumelibrary.cucumber.stepdefinitions.web.misc.Misc.iShouldSeeText(java.lang.String)">
                <span>Then I should see text "Views"</span>
      <div>Step skipped
      </div>
              </div>
              <div class="step skip-bg" title="com.resumelibrary.cucumber.stepdefinitions.web.misc.Misc.iShouldSeeText(java.lang.String)">
                <span>Then I should see text "Apps"</span>
      <div>Step skipped
      </div>
              </div>
              <div class="step skip-bg" title="com.resumelibrary.cucumber.stepdefinitions.web.misc.Misc.iShouldSeeText(java.lang.String)">
                <span>Then I should see text "Status"</span>
      <div>Step skipped
      </div>
              </div>
              <div class="step pass-bg" title="AFTER">
                <span>com.resumelibrary.cucumber.Hooks.tearDown(io.cucumber.java.Scenario)</span>
      <div>[--->--------------------------------------------<---]
      </div>
      <div>[--->CURRENT URL IS ----> https://www.resume-library.com/403.html<---]
      </div>
      <div>[--->BROWSER NAME   ----> chrome-100.0.4896.127<---]
      </div>
      <div>[--->CURRENT TAG IS : [@AccountViewActiveJobs, @Regression, @Admin, @ReleaseRegression1, @Recruiters, @accountViewActiveJobsOne]<---]
      </div>
      <div>[--->--------------------------------------------<---]
      </div>
      <div>Search for an account using account number and verify Active Jobs page load case 1
          <div class="row mb-3"><div class="col-md-3">
<img data-featherlight='./screenshots/embedded12.jpg' src="./screenshots/embedded12.jpg">
    
    </div></div>
</div>
      <div>
      </div>
              </div>
          </div>
        </div>
  </div>
</div>
          </div>
        </li>
        <li class="test-item"  status="fail" test-id="187"
          author=""
          tag=""
          device="">
          <div class="test-detail">
            <p class="name">Admin Account AccountViewError</p>
            <p class="text-sm">
              <span>10:04:59 pm</span> / <span>00:01:21:716</span>
              <span class="badge fail-bg log float-right">Fail</span>
            </p>
          </div>
          <div class="test-contents d-none">
<div class="detail-head">
<div class="p-v-10">
<div class="info">
<h5 class="test-status text-fail">Admin Account AccountViewError</h5>
<span class='badge badge-success'>12.13.2022 10:04:59 pm</span>
<span class='badge badge-danger'>12.13.2022 10:06:21 pm</span>
<span class='badge badge-default'>00:01:21:716</span>
&middot; <span class='uri-anchor badge badge-default'>#test-id=187</span>
<span class='badge badge-default pointer float-right ml-1 et'><i class="fa fa-chevron-down"></i></span>
<span class='badge badge-default pointer float-right ct'><i class="fa fa-chevron-up"></i></span>
</div>
<div class="m-t-10 m-l-5"></div>
</div>
</div>
<div class="accordion mt-4">
  <div class="card">
    <div class="card-header" role="tab">
      <div class="card-title">
        <div class="node" id="188"><span class="badge log fail-bg mr-2">Fail</span>Search for an account using account number 1478 and verify page load</div>
          <div class="status-avatar float-right mr-4">
            <i class="fa fa-paperclip"></i>
          </div>
      </div>
    </div>
        <div class="">
          <div class="card-body">
              <div class="step fail-bg" title="com.resumelibrary.cucumber.stepdefinitions.admin.misc.Misc.iLoginAsAnAdminUser()">
                <span>Given I login as an admin user</span>
      <div>
        <textarea disabled class="code-block">org.openqa.selenium.NoSuchElementException: no such element: Unable to locate element: {"method":"css selector","selector":"*[name='username']"}
  (Session info: chrome=100.0.4896.127)
For documentation on this error, please visit: https://selenium.dev/exceptions/#no_such_element
Build info: version: '4.3.0', revision: 'a4995e2c09*'
System info: host: 'LT-MBP-191', ip: 'fe80:0:0:0:896:f353:16e:55a9%en0', os.name: 'Mac OS X', os.arch: 'aarch64', os.version: '13.0.1', java.version: '19'
Driver info: org.openqa.selenium.remote.RemoteWebDriver
Command: [f33ac9010e279bdd64531743bb2cb14c, findElement {using=name, value=username}]
Capabilities {acceptInsecureCerts: false, browserName: chrome, browserVersion: 100.0.4896.127, chrome: {chromedriverVersion: 100.0.4896.60 (6a5d10861ce8..., userDataDir: C:\Users\ltuser\AppData\Loc...}, goog:chromeOptions: {debuggerAddress: localhost:62752}, goog:loggingPrefs: {browser: ALL}, networkConnectionEnabled: false, pageLoadStrategy: normal, performance: false, platformName: WINDOWS, proxy: Proxy(), se:cdpVersion: 100.0.4896.127, setWindowRect: true, strictFileInteractability: false, timeouts: {implicit: 0, pageLoad: 300000, script: 30000}, unhandledPromptBehavior: dismiss and notify, video: true, webauthn:extension:credBlob: true, webauthn:extension:largeBlob: true, webauthn:virtualAuthenticators: true}
Session ID: f33ac9010e279bdd64531743bb2cb14c
	at java.base/jdk.internal.reflect.DirectConstructorHandleAccessor.newInstance(DirectConstructorHandleAccessor.java:67)
	at java.base/java.lang.reflect.Constructor.newInstanceWithCaller(Constructor.java:500)
	at java.base/java.lang.reflect.Constructor.newInstance(Constructor.java:484)
	at org.openqa.selenium.remote.codec.w3c.W3CHttpResponseCodec.createException(W3CHttpResponseCodec.java:200)
	at org.openqa.selenium.remote.codec.w3c.W3CHttpResponseCodec.decode(W3CHttpResponseCodec.java:133)
	at org.openqa.selenium.remote.codec.w3c.W3CHttpResponseCodec.decode(W3CHttpResponseCodec.java:53)
	at org.openqa.selenium.remote.HttpCommandExecutor.execute(HttpCommandExecutor.java:184)
	at org.openqa.selenium.remote.TracedCommandExecutor.execute(TracedCommandExecutor.java:51)
	at org.openqa.selenium.remote.RemoteWebDriver.execute(RemoteWebDriver.java:547)
	at org.openqa.selenium.remote.ElementLocation$ElementFinder$2.findElement(ElementLocation.java:162)
	at org.openqa.selenium.remote.ElementLocation.findElement(ElementLocation.java:66)
	at org.openqa.selenium.remote.RemoteWebDriver.findElement(RemoteWebDriver.java:365)
	at org.openqa.selenium.remote.RemoteWebDriver.findElement(RemoteWebDriver.java:357)
	at org.openqa.selenium.support.pagefactory.DefaultElementLocator.findElement(DefaultElementLocator.java:70)
	at org.openqa.selenium.support.pagefactory.internal.LocatingElementHandler.invoke(LocatingElementHandler.java:39)
	at jdk.proxy2/jdk.proxy2.$Proxy29.sendKeys(Unknown Source)
	at com.resumelibrary.admintest.misc.MiscPage.loginAsAdminUser(MiscPage.java:116)
	at com.resumelibrary.cucumber.stepdefinitions.admin.misc.Misc.iLoginAsAnAdminUser(Misc.java:31)
	at ✽.I login as an admin user(file:///Users/shubhamr/Desktop/rl-selenium-web/./src/test/java/resources/featurefiles/admin/account/AccountViewError.feature:6)
</textarea>
      
      </div>
              </div>
              <div class="step skip-bg" title="com.resumelibrary.cucumber.stepdefinitions.web.candidate.Others.iNavigateToPageAdmin(java.lang.String)">
                <span>When I navigate to page on admin "Account 1478"</span>
      <div>Step skipped
      </div>
              </div>
              <div class="step skip-bg" title="com.resumelibrary.cucumber.stepdefinitions.web.misc.Misc.iShouldSeeText(java.lang.String)">
                <span>Then I should see text "Acme Company No 1728 (1478)"</span>
      <div>Step skipped
      </div>
              </div>
              <div class="step skip-bg" title="com.resumelibrary.cucumber.stepdefinitions.web.misc.Misc.iShouldSeeText(java.lang.String)">
                <span>Then I should see text "Jobs (Last 30 days)"</span>
      <div>Step skipped
      </div>
              </div>
              <div class="step skip-bg" title="com.resumelibrary.cucumber.stepdefinitions.web.misc.Misc.iShouldSeeText(java.lang.String)">
                <span>Then I should see text "Resume Search (Last 30 days)"</span>
      <div>Step skipped
      </div>
              </div>
              <div class="step skip-bg" title="com.resumelibrary.cucumber.stepdefinitions.web.misc.Misc.iShouldSeeText(java.lang.String)">
                <span>Then I should see text "Resume Alerts"</span>
      <div>Step skipped
      </div>
              </div>
              <div class="step skip-bg" title="com.resumelibrary.cucumber.stepdefinitions.web.misc.Misc.iShouldSeeText(java.lang.String)">
                <span>Then I should see text "Account Overview"</span>
      <div>Step skipped
      </div>
              </div>
              <div class="step skip-bg" title="com.resumelibrary.cucumber.stepdefinitions.web.misc.Misc.iShouldSeeText(java.lang.String)">
                <span>Then I should see text "Contact Details"</span>
      <div>Step skipped
      </div>
              </div>
              <div class="step skip-bg" title="com.resumelibrary.cucumber.stepdefinitions.web.misc.Misc.iShouldSeeText(java.lang.String)">
                <span>Then I should see text "Account Details"</span>
      <div>Step skipped
      </div>
              </div>
              <div class="step skip-bg" title="com.resumelibrary.cucumber.stepdefinitions.web.misc.Misc.iShouldSeeText(java.lang.String)">
                <span>And I should see text "Product Details"</span>
      <div>Step skipped
      </div>
              </div>
              <div class="step pass-bg" title="AFTER">
                <span>com.resumelibrary.cucumber.Hooks.tearDown(io.cucumber.java.Scenario)</span>
      <div>[--->--------------------------------------------<---]
      </div>
      <div>[--->CURRENT URL IS ----> https://www.resume-library.com/403.html<---]
      </div>
      <div>[--->BROWSER NAME   ----> chrome-100.0.4896.127<---]
      </div>
      <div>[--->CURRENT TAG IS : [@AccountView, @Regression, @Admin, @ReleaseRegression1, @Recruiters, @accountViewOne, @AdminE2E]<---]
      </div>
      <div>[--->--------------------------------------------<---]
      </div>
      <div>Search for an account using account number 1478 and verify page load
          <div class="row mb-3"><div class="col-md-3">
<img data-featherlight='./screenshots/embedded13.jpg' src="./screenshots/embedded13.jpg">
    
    </div></div>
</div>
      <div>
      </div>
              </div>
          </div>
        </div>
  </div>
</div>
          </div>
        </li>
      </ul>
    </div>
  </div>
<div class="test-content scrollable">
<div class="test-content-tools">
<ul><li><a class="back-to-test" href="#"><i class="fa fa-arrow-left"></i></a></li></ul>
</div>
<div class="test-content-detail"><div class="detail-body"></div></div>
</div></div>
<div class="test-wrapper row view exception-view attributes-view">
<div class="test-list">
<div class="test-list-tools">
<ul class="tools pull-left"><li><a href=""><span class="font-size-14">Exception</span></a></li></ul>
<ul class="tools text-right"><li><a href="#"><span class="badge badge-primary">2</span></a></li></ul>
</div>
<div class="test-list-wrapper scrollable">
<ul class="test-list-item">
<li class="test-item">
<div class="test-detail">
<span class="meta">
<span class='badge log badge-danger'>10</span>
</span>
<p class="name">org.openqa.selenium.TimeoutException</p>
<p class="duration text-sm">10 tests</p>
</div>
<div class="test-contents d-none">
<div class="info">
<h4>org.openqa.selenium.TimeoutException</h4>
<span status="fail" class='badge log badge-danger'>10 failed</span>
</div>
<table class='table table-sm mt-4'>
<thead>
<tr>
<th class="status-col">Status</th>
<th class="timestamp-col">Timestamp</th>
<th>TestName</th>
</tr>
</thead>
<tbody>
<tr class="tag-test-status" status="fail">
<td><span class="badge log fail-bg">Fail</span></td>
<td>21:59:48 pm</td>
<td>
<a href="#" class="linked" test-id='1' id='13'>Given I login as a client</a>
<div class="">
<span class="badge badge-default">Data setup for candidate tests.Posting a screening question job.Given I login as a client</span>
</div>
</td>
</tr>
<tr class="tag-test-status" status="fail">
<td><span class="badge log fail-bg">Fail</span></td>
<td>21:59:48 pm</td>
<td>
<a href="#" class="linked" test-id='1' id='16'>Given I login as a client</a>
<div class="">
<span class="badge badge-default">Data setup for candidate tests.Posting a drummer job for featured banner.Given I login as a client</span>
</div>
</td>
</tr>
<tr class="tag-test-status" status="fail">
<td><span class="badge log fail-bg">Fail</span></td>
<td>21:59:48 pm</td>
<td>
<a href="#" class="linked" test-id='1' id='12'>Given I login as a client</a>
<div class="">
<span class="badge badge-default">Data setup for candidate tests.Posting a quick apply job.Given I login as a client</span>
</div>
</td>
</tr>
<tr class="tag-test-status" status="fail">
<td><span class="badge log fail-bg">Fail</span></td>
<td>21:59:48 pm</td>
<td>
<a href="#" class="linked" test-id='1' id='11'>Given I login as a client and post a non external job</a>
<div class="">
<span class="badge badge-default">Data setup for candidate tests.Posting a non external job.Given I login as a client and post a non external job</span>
</div>
</td>
</tr>
<tr class="tag-test-status" status="fail">
<td><span class="badge log fail-bg">Fail</span></td>
<td>22:01:02 pm</td>
<td>
<a href="#" class="linked" test-id='1' id='23'>Given I login as a client</a>
<div class="">
<span class="badge badge-default">Data setup for candidate tests.Posting a 1-click apply job.Given I login as a client</span>
</div>
</td>
</tr>
<tr class="tag-test-status" status="fail">
<td><span class="badge log fail-bg">Fail</span></td>
<td>22:02:07 pm</td>
<td>
<a href="#" class="linked" test-id='1' id='77'>Given I login as a client</a>
<div class="">
<span class="badge badge-default">Data setup for candidate tests.Delete saved card.Given I login as a client</span>
</div>
</td>
</tr>
<tr class="tag-test-status" status="fail">
<td><span class="badge log fail-bg">Fail</span></td>
<td>22:02:12 pm</td>
<td>
<a href="#" class="linked" test-id='1' id='82'>Given I login as a client</a>
<div class="">
<span class="badge badge-default">Data setup for candidate tests.Delete saved search.Given I login as a client</span>
</div>
</td>
</tr>
<tr class="tag-test-status" status="fail">
<td><span class="badge log fail-bg">Fail</span></td>
<td>22:02:12 pm</td>
<td>
<a href="#" class="linked" test-id='75' id='80'>Given I navigate to page "Client Registration"</a>
<div class="">
<span class="badge badge-default">Admin Account AccountValidation.Modify an account.Given I navigate to page "Client Registration"</span>
</div>
</td>
</tr>
<tr class="tag-test-status" status="fail">
<td><span class="badge log fail-bg">Fail</span></td>
<td>22:03:04 pm</td>
<td>
<a href="#" class="linked" test-id='75' id='104'>Given I navigate to page "Client Registration"</a>
<div class="">
<span class="badge badge-default">Admin Account AccountValidation.Validate a newly created account.Given I navigate to page "Client Registration"</span>
</div>
</td>
</tr>
<tr class="tag-test-status" status="fail">
<td><span class="badge log fail-bg">Fail</span></td>
<td>22:04:04 pm</td>
<td>
<a href="#" class="linked" test-id='75' id='146'>Given I navigate to page "Client Registration"</a>
<div class="">
<span class="badge badge-default">Admin Account AccountValidation.Reject an account.Given I navigate to page "Client Registration"</span>
</div>
</td>
</tr>
</tbody>
</table>
</div>
</li>
<li class="test-item">
<div class="test-detail">
<span class="meta">
<span class='badge log badge-danger'>6</span>
</span>
<p class="name">org.openqa.selenium.NoSuchElementException</p>
<p class="duration text-sm">6 tests</p>
</div>
<div class="test-contents d-none">
<div class="info">
<h4>org.openqa.selenium.NoSuchElementException</h4>
<span status="fail" class='badge log badge-danger'>6 failed</span>
</div>
<table class='table table-sm mt-4'>
<thead>
<tr>
<th class="status-col">Status</th>
<th class="timestamp-col">Timestamp</th>
<th>TestName</th>
</tr>
</thead>
<tbody>
<tr class="tag-test-status" status="fail">
<td><span class="badge log fail-bg">Fail</span></td>
<td>21:59:48 pm</td>
<td>
<a href="#" class="linked" test-id='1' id='15'>Given I login as an admin user</a>
<div class="">
<span class="badge badge-default">Data setup for candidate tests.Verifying job posting spend type is ACCOUNT not CLIENT.Given I login as an admin user</span>
</div>
</td>
</tr>
<tr class="tag-test-status" status="fail">
<td><span class="badge log fail-bg">Fail</span></td>
<td>22:02:18 pm</td>
<td>
<a href="#" class="linked" test-id='83' id='86'>Given I login as an admin user</a>
<div class="">
<span class="badge badge-default">Admin Account AccountSearch.Search for an account using account number.Given I login as an admin user</span>
</div>
</td>
</tr>
<tr class="tag-test-status" status="fail">
<td><span class="badge log fail-bg">Fail</span></td>
<td>22:04:39 pm</td>
<td>
<a href="#" class="linked" test-id='155' id='160'>Given I login as an admin user</a>
<div class="">
<span class="badge badge-default">Admin Account AccountViewActiveJobs.Search for an account using account number and verify Active Jobs page load case 1.Given I login as an admin user</span>
</div>
</td>
</tr>
<tr class="tag-test-status" status="fail">
<td><span class="badge log fail-bg">Fail</span></td>
<td>22:04:39 pm</td>
<td>
<a href="#" class="linked" test-id='151' id='161'>Given I login as an admin user</a>
<div class="">
<span class="badge badge-default">Admin Account AccountViewApplications.Search for an account using account number and verify Applications page load2.Given I login as an admin user</span>
</div>
</td>
</tr>
<tr class="tag-test-status" status="fail">
<td><span class="badge log fail-bg">Fail</span></td>
<td>22:04:39 pm</td>
<td>
<a href="#" class="linked" test-id='151' id='159'>Given I login as an admin user</a>
<div class="">
<span class="badge badge-default">Admin Account AccountViewApplications.Search for an account using account number and verify Applications page load case 1.Given I login as an admin user</span>
</div>
</td>
</tr>
<tr class="tag-test-status" status="fail">
<td><span class="badge log fail-bg">Fail</span></td>
<td>22:05:07 pm</td>
<td>
<a href="#" class="linked" test-id='187' id='190'>Given I login as an admin user</a>
<div class="">
<span class="badge badge-default">Admin Account AccountViewError.Search for an account using account number 1478 and verify page load.Given I login as an admin user</span>
</div>
</td>
</tr>
</tbody>
</table>
</div>
</li>
</ul>
</div>
</div>
<div class="test-content scrollable">
<div class="test-content-detail">
<div class="detail-body"></div>
</div>
</div>
</div><div class="test-wrapper row view category-view attributes-view">
<div class="test-list">
<div class="test-list-tools">
<ul class="tools pull-left"><li><a href=""><span class="font-size-14">Category</span></a></li></ul>
<ul class="tools text-right"><li><a href="#"><span class="badge badge-primary">27</span></a></li></ul>
</div>
<div class="test-list-wrapper scrollable">
<ul class="test-list-item">
<li class="test-item">
<div class="test-detail">
<span class="meta">
<span class='badge log badge-danger'>1</span>
</span>
<p class="name">@1ClickApplyJobPosting</p>
<p class="duration text-sm">1 tests</p>
</div>
<div class="test-contents d-none">
<div class="info">
<h4>@1ClickApplyJobPosting</h4>
<span status="fail" class='badge log badge-danger'>1 failed</span>
</div>
<table class='table table-sm mt-4'>
<thead>
<tr>
<th class="status-col">Status</th>
<th class="timestamp-col">Timestamp</th>
<th>TestName</th>
</tr>
</thead>
<tbody>
<tr class="tag-test-status" status="fail">
<td><span class="badge log fail-bg">Fail</span></td>
<td>22:00:57 pm</td>
<td>
<a href="#" class="linked" test-id='1' id='21'>Posting a 1-click apply job</a>
<div class="">
<span class="badge badge-default">Data setup for candidate tests.Posting a 1-click apply job</span>
</div>
</td>
</tr>
</tbody>
</table>
</div>
</li>
<li class="test-item">
<div class="test-detail">
<span class="meta">
<span class='badge log badge-danger'>1</span>
</span>
<p class="name">@accountViewActiveJobsOne</p>
<p class="duration text-sm">1 tests</p>
</div>
<div class="test-contents d-none">
<div class="info">
<h4>@accountViewActiveJobsOne</h4>
<span status="fail" class='badge log badge-danger'>1 failed</span>
</div>
<table class='table table-sm mt-4'>
<thead>
<tr>
<th class="status-col">Status</th>
<th class="timestamp-col">Timestamp</th>
<th>TestName</th>
</tr>
</thead>
<tbody>
<tr class="tag-test-status" status="fail">
<td><span class="badge log fail-bg">Fail</span></td>
<td>22:04:31 pm</td>
<td>
<a href="#" class="linked" test-id='155' id='156'>Search for an account using account number and verify Active Jobs page load case 1</a>
<div class="">
<span class="badge badge-default">Admin Account AccountViewActiveJobs.Search for an account using account number and verify Active Jobs page load case 1</span>
</div>
</td>
</tr>
</tbody>
</table>
</div>
</li>
<li class="test-item">
<div class="test-detail">
<span class="meta">
<span class='badge log badge-danger'>1</span>
</span>
<p class="name">@deleteSavedSearch</p>
<p class="duration text-sm">1 tests</p>
</div>
<div class="test-contents d-none">
<div class="info">
<h4>@deleteSavedSearch</h4>
<span status="fail" class='badge log badge-danger'>1 failed</span>
</div>
<table class='table table-sm mt-4'>
<thead>
<tr>
<th class="status-col">Status</th>
<th class="timestamp-col">Timestamp</th>
<th>TestName</th>
</tr>
</thead>
<tbody>
<tr class="tag-test-status" status="fail">
<td><span class="badge log fail-bg">Fail</span></td>
<td>22:02:07 pm</td>
<td>
<a href="#" class="linked" test-id='1' id='79'>Delete saved search</a>
<div class="">
<span class="badge badge-default">Data setup for candidate tests.Delete saved search</span>
</div>
</td>
</tr>
</tbody>
</table>
</div>
</li>
<li class="test-item">
<div class="test-detail">
<span class="meta">
<span class='badge log badge-danger'>2</span>
</span>
<p class="name">@AccountViewApplications</p>
<p class="duration text-sm">2 tests</p>
</div>
<div class="test-contents d-none">
<div class="info">
<h4>@AccountViewApplications</h4>
<span status="fail" class='badge log badge-danger'>2 failed</span>
</div>
<table class='table table-sm mt-4'>
<thead>
<tr>
<th class="status-col">Status</th>
<th class="timestamp-col">Timestamp</th>
<th>TestName</th>
</tr>
</thead>
<tbody>
<tr class="tag-test-status" status="fail">
<td><span class="badge log fail-bg">Fail</span></td>
<td>22:04:16 pm</td>
<td>
<a href="#" class="linked" test-id='151' id='152'>Search for an account using account number and verify Applications page load case 1</a>
<div class="">
<span class="badge badge-default">Admin Account AccountViewApplications.Search for an account using account number and verify Applications page load case 1</span>
</div>
</td>
</tr>
<tr class="tag-test-status" status="fail">
<td><span class="badge log fail-bg">Fail</span></td>
<td>22:04:25 pm</td>
<td>
<a href="#" class="linked" test-id='151' id='154'>Search for an account using account number and verify Applications page load2</a>
<div class="">
<span class="badge badge-default">Admin Account AccountViewApplications.Search for an account using account number and verify Applications page load2</span>
</div>
</td>
</tr>
</tbody>
</table>
</div>
</li>
<li class="test-item">
<div class="test-detail">
<span class="meta">
<span class='badge log badge-danger'>8</span>
</span>
<p class="name">@Admin</p>
<p class="duration text-sm">8 tests</p>
</div>
<div class="test-contents d-none">
<div class="info">
<h4>@Admin</h4>
<span status="fail" class='badge log badge-danger'>8 failed</span>
</div>
<table class='table table-sm mt-4'>
<thead>
<tr>
<th class="status-col">Status</th>
<th class="timestamp-col">Timestamp</th>
<th>TestName</th>
</tr>
</thead>
<tbody>
<tr class="tag-test-status" status="fail">
<td><span class="badge log fail-bg">Fail</span></td>
<td>22:01:58 pm</td>
<td>
<a href="#" class="linked" test-id='75' id='76'>Modify an account</a>
<div class="">
<span class="badge badge-default">Admin Account AccountValidation.Modify an account</span>
</div>
</td>
</tr>
<tr class="tag-test-status" status="fail">
<td><span class="badge log fail-bg">Fail</span></td>
<td>22:02:12 pm</td>
<td>
<a href="#" class="linked" test-id='83' id='84'>Search for an account using account number</a>
<div class="">
<span class="badge badge-default">Admin Account AccountSearch.Search for an account using account number</span>
</div>
</td>
</tr>
<tr class="tag-test-status" status="fail">
<td><span class="badge log fail-bg">Fail</span></td>
<td>22:02:55 pm</td>
<td>
<a href="#" class="linked" test-id='75' id='102'>Validate a newly created account</a>
<div class="">
<span class="badge badge-default">Admin Account AccountValidation.Validate a newly created account</span>
</div>
</td>
</tr>
<tr class="tag-test-status" status="fail">
<td><span class="badge log fail-bg">Fail</span></td>
<td>22:03:31 pm</td>
<td>
<a href="#" class="linked" test-id='75' id='115'>Reject an account</a>
<div class="">
<span class="badge badge-default">Admin Account AccountValidation.Reject an account</span>
</div>
</td>
</tr>
<tr class="tag-test-status" status="fail">
<td><span class="badge log fail-bg">Fail</span></td>
<td>22:04:16 pm</td>
<td>
<a href="#" class="linked" test-id='151' id='152'>Search for an account using account number and verify Applications page load case 1</a>
<div class="">
<span class="badge badge-default">Admin Account AccountViewApplications.Search for an account using account number and verify Applications page load case 1</span>
</div>
</td>
</tr>
<tr class="tag-test-status" status="fail">
<td><span class="badge log fail-bg">Fail</span></td>
<td>22:04:25 pm</td>
<td>
<a href="#" class="linked" test-id='151' id='154'>Search for an account using account number and verify Applications page load2</a>
<div class="">
<span class="badge badge-default">Admin Account AccountViewApplications.Search for an account using account number and verify Applications page load2</span>
</div>
</td>
</tr>
<tr class="tag-test-status" status="fail">
<td><span class="badge log fail-bg">Fail</span></td>
<td>22:04:31 pm</td>
<td>
<a href="#" class="linked" test-id='155' id='156'>Search for an account using account number and verify Active Jobs page load case 1</a>
<div class="">
<span class="badge badge-default">Admin Account AccountViewActiveJobs.Search for an account using account number and verify Active Jobs page load case 1</span>
</div>
</td>
</tr>
<tr class="tag-test-status" status="fail">
<td><span class="badge log fail-bg">Fail</span></td>
<td>22:04:59 pm</td>
<td>
<a href="#" class="linked" test-id='187' id='188'>Search for an account using account number 1478 and verify page load</a>
<div class="">
<span class="badge badge-default">Admin Account AccountViewError.Search for an account using account number 1478 and verify page load</span>
</div>
</td>
</tr>
</tbody>
</table>
</div>
</li>
<li class="test-item">
<div class="test-detail">
<span class="meta">
<span class='badge log badge-danger'>1</span>
</span>
<p class="name">@AccountView</p>
<p class="duration text-sm">1 tests</p>
</div>
<div class="test-contents d-none">
<div class="info">
<h4>@AccountView</h4>
<span status="fail" class='badge log badge-danger'>1 failed</span>
</div>
<table class='table table-sm mt-4'>
<thead>
<tr>
<th class="status-col">Status</th>
<th class="timestamp-col">Timestamp</th>
<th>TestName</th>
</tr>
</thead>
<tbody>
<tr class="tag-test-status" status="fail">
<td><span class="badge log fail-bg">Fail</span></td>
<td>22:04:59 pm</td>
<td>
<a href="#" class="linked" test-id='187' id='188'>Search for an account using account number 1478 and verify page load</a>
<div class="">
<span class="badge badge-default">Admin Account AccountViewError.Search for an account using account number 1478 and verify page load</span>
</div>
</td>
</tr>
</tbody>
</table>
</div>
</li>
<li class="test-item">
<div class="test-detail">
<span class="meta">
<span class='badge log badge-danger'>1</span>
</span>
<p class="name">@deleteSavedCard</p>
<p class="duration text-sm">1 tests</p>
</div>
<div class="test-contents d-none">
<div class="info">
<h4>@deleteSavedCard</h4>
<span status="fail" class='badge log badge-danger'>1 failed</span>
</div>
<table class='table table-sm mt-4'>
<thead>
<tr>
<th class="status-col">Status</th>
<th class="timestamp-col">Timestamp</th>
<th>TestName</th>
</tr>
</thead>
<tbody>
<tr class="tag-test-status" status="fail">
<td><span class="badge log fail-bg">Fail</span></td>
<td>22:01:53 pm</td>
<td>
<a href="#" class="linked" test-id='1' id='73'>Delete saved card</a>
<div class="">
<span class="badge badge-default">Data setup for candidate tests.Delete saved card</span>
</div>
</td>
</tr>
</tbody>
</table>
</div>
</li>
<li class="test-item">
<div class="test-detail">
<span class="meta">
<span class='badge log badge-danger'>2</span>
</span>
<p class="name">@AccountSearch</p>
<p class="duration text-sm">2 tests</p>
</div>
<div class="test-contents d-none">
<div class="info">
<h4>@AccountSearch</h4>
<span status="fail" class='badge log badge-danger'>2 failed</span>
</div>
<table class='table table-sm mt-4'>
<thead>
<tr>
<th class="status-col">Status</th>
<th class="timestamp-col">Timestamp</th>
<th>TestName</th>
</tr>
</thead>
<tbody>
<tr class="tag-test-status" status="fail">
<td><span class="badge log fail-bg">Fail</span></td>
<td>22:02:12 pm</td>
<td>
<a href="#" class="linked" test-id='83' id='84'>Search for an account using account number</a>
<div class="">
<span class="badge badge-default">Admin Account AccountSearch.Search for an account using account number</span>
</div>
</td>
</tr>
<tr class="tag-test-status" status="fail">
<td><span class="badge log fail-bg">Fail</span></td>
<td>22:03:31 pm</td>
<td>
<a href="#" class="linked" test-id='75' id='115'>Reject an account</a>
<div class="">
<span class="badge badge-default">Admin Account AccountValidation.Reject an account</span>
</div>
</td>
</tr>
</tbody>
</table>
</div>
</li>
<li class="test-item">
<div class="test-detail">
<span class="meta">
<span class='badge log badge-danger'>1</span>
</span>
<p class="name">@accountValidation</p>
<p class="duration text-sm">1 tests</p>
</div>
<div class="test-contents d-none">
<div class="info">
<h4>@accountValidation</h4>
<span status="fail" class='badge log badge-danger'>1 failed</span>
</div>
<table class='table table-sm mt-4'>
<thead>
<tr>
<th class="status-col">Status</th>
<th class="timestamp-col">Timestamp</th>
<th>TestName</th>
</tr>
</thead>
<tbody>
<tr class="tag-test-status" status="fail">
<td><span class="badge log fail-bg">Fail</span></td>
<td>22:02:55 pm</td>
<td>
<a href="#" class="linked" test-id='75' id='102'>Validate a newly created account</a>
<div class="">
<span class="badge badge-default">Admin Account AccountValidation.Validate a newly created account</span>
</div>
</td>
</tr>
</tbody>
</table>
</div>
</li>
<li class="test-item">
<div class="test-detail">
<span class="meta">
<span class='badge log badge-danger'>1</span>
</span>
<p class="name">@accountViewApplicationsOne</p>
<p class="duration text-sm">1 tests</p>
</div>
<div class="test-contents d-none">
<div class="info">
<h4>@accountViewApplicationsOne</h4>
<span status="fail" class='badge log badge-danger'>1 failed</span>
</div>
<table class='table table-sm mt-4'>
<thead>
<tr>
<th class="status-col">Status</th>
<th class="timestamp-col">Timestamp</th>
<th>TestName</th>
</tr>
</thead>
<tbody>
<tr class="tag-test-status" status="fail">
<td><span class="badge log fail-bg">Fail</span></td>
<td>22:04:16 pm</td>
<td>
<a href="#" class="linked" test-id='151' id='152'>Search for an account using account number and verify Applications page load case 1</a>
<div class="">
<span class="badge badge-default">Admin Account AccountViewApplications.Search for an account using account number and verify Applications page load case 1</span>
</div>
</td>
</tr>
</tbody>
</table>
</div>
</li>
<li class="test-item">
<div class="test-detail">
<span class="meta">
<span class='badge log badge-danger'>1</span>
</span>
<p class="name">@featuredJobPosting</p>
<p class="duration text-sm">1 tests</p>
</div>
<div class="test-contents d-none">
<div class="info">
<h4>@featuredJobPosting</h4>
<span status="fail" class='badge log badge-danger'>1 failed</span>
</div>
<table class='table table-sm mt-4'>
<thead>
<tr>
<th class="status-col">Status</th>
<th class="timestamp-col">Timestamp</th>
<th>TestName</th>
</tr>
</thead>
<tbody>
<tr class="tag-test-status" status="fail">
<td><span class="badge log fail-bg">Fail</span></td>
<td>21:59:16 pm</td>
<td>
<a href="#" class="linked" test-id='1' id='8'>Posting a drummer job for featured banner</a>
<div class="">
<span class="badge badge-default">Data setup for candidate tests.Posting a drummer job for featured banner</span>
</div>
</td>
</tr>
</tbody>
</table>
</div>
</li>
<li class="test-item">
<div class="test-detail">
<span class="meta">
<span class='badge log badge-danger'>1</span>
</span>
<p class="name">@jobPosingSpendTypeAccount</p>
<p class="duration text-sm">1 tests</p>
</div>
<div class="test-contents d-none">
<div class="info">
<h4>@jobPosingSpendTypeAccount</h4>
<span status="fail" class='badge log badge-danger'>1 failed</span>
</div>
<table class='table table-sm mt-4'>
<thead>
<tr>
<th class="status-col">Status</th>
<th class="timestamp-col">Timestamp</th>
<th>TestName</th>
</tr>
</thead>
<tbody>
<tr class="tag-test-status" status="fail">
<td><span class="badge log fail-bg">Fail</span></td>
<td>21:59:28 pm</td>
<td>
<a href="#" class="linked" test-id='1' id='9'>Verifying job posting spend type is ACCOUNT not CLIENT</a>
<div class="">
<span class="badge badge-default">Data setup for candidate tests.Verifying job posting spend type is ACCOUNT not CLIENT</span>
</div>
</td>
</tr>
</tbody>
</table>
</div>
</li>
<li class="test-item">
<div class="test-detail">
<span class="meta">
<span class='badge log badge-danger'>16</span>
</span>
<p class="name">@Recruiters</p>
<p class="duration text-sm">16 tests</p>
</div>
<div class="test-contents d-none">
<div class="info">
<h4>@Recruiters</h4>
<span status="fail" class='badge log badge-danger'>16 failed</span>
</div>
<table class='table table-sm mt-4'>
<thead>
<tr>
<th class="status-col">Status</th>
<th class="timestamp-col">Timestamp</th>
<th>TestName</th>
</tr>
</thead>
<tbody>
<tr class="tag-test-status" status="fail">
<td><span class="badge log fail-bg">Fail</span></td>
<td>21:58:54 pm</td>
<td>
<a href="#" class="linked" test-id='1' id='2'>Posting a non external job</a>
<div class="">
<span class="badge badge-default">Data setup for candidate tests.Posting a non external job</span>
</div>
</td>
</tr>
<tr class="tag-test-status" status="fail">
<td><span class="badge log fail-bg">Fail</span></td>
<td>21:59:01 pm</td>
<td>
<a href="#" class="linked" test-id='1' id='3'>Posting a screening question job</a>
<div class="">
<span class="badge badge-default">Data setup for candidate tests.Posting a screening question job</span>
</div>
</td>
</tr>
<tr class="tag-test-status" status="fail">
<td><span class="badge log fail-bg">Fail</span></td>
<td>21:59:07 pm</td>
<td>
<a href="#" class="linked" test-id='1' id='4'>Posting a quick apply job</a>
<div class="">
<span class="badge badge-default">Data setup for candidate tests.Posting a quick apply job</span>
</div>
</td>
</tr>
<tr class="tag-test-status" status="fail">
<td><span class="badge log fail-bg">Fail</span></td>
<td>21:59:16 pm</td>
<td>
<a href="#" class="linked" test-id='1' id='8'>Posting a drummer job for featured banner</a>
<div class="">
<span class="badge badge-default">Data setup for candidate tests.Posting a drummer job for featured banner</span>
</div>
</td>
</tr>
<tr class="tag-test-status" status="fail">
<td><span class="badge log fail-bg">Fail</span></td>
<td>21:59:28 pm</td>
<td>
<a href="#" class="linked" test-id='1' id='9'>Verifying job posting spend type is ACCOUNT not CLIENT</a>
<div class="">
<span class="badge badge-default">Data setup for candidate tests.Verifying job posting spend type is ACCOUNT not CLIENT</span>
</div>
</td>
</tr>
<tr class="tag-test-status" status="fail">
<td><span class="badge log fail-bg">Fail</span></td>
<td>22:00:57 pm</td>
<td>
<a href="#" class="linked" test-id='1' id='21'>Posting a 1-click apply job</a>
<div class="">
<span class="badge badge-default">Data setup for candidate tests.Posting a 1-click apply job</span>
</div>
</td>
</tr>
<tr class="tag-test-status" status="fail">
<td><span class="badge log fail-bg">Fail</span></td>
<td>22:01:53 pm</td>
<td>
<a href="#" class="linked" test-id='1' id='73'>Delete saved card</a>
<div class="">
<span class="badge badge-default">Data setup for candidate tests.Delete saved card</span>
</div>
</td>
</tr>
<tr class="tag-test-status" status="fail">
<td><span class="badge log fail-bg">Fail</span></td>
<td>22:01:58 pm</td>
<td>
<a href="#" class="linked" test-id='75' id='76'>Modify an account</a>
<div class="">
<span class="badge badge-default">Admin Account AccountValidation.Modify an account</span>
</div>
</td>
</tr>
<tr class="tag-test-status" status="fail">
<td><span class="badge log fail-bg">Fail</span></td>
<td>22:02:07 pm</td>
<td>
<a href="#" class="linked" test-id='1' id='79'>Delete saved search</a>
<div class="">
<span class="badge badge-default">Data setup for candidate tests.Delete saved search</span>
</div>
</td>
</tr>
<tr class="tag-test-status" status="fail">
<td><span class="badge log fail-bg">Fail</span></td>
<td>22:02:12 pm</td>
<td>
<a href="#" class="linked" test-id='83' id='84'>Search for an account using account number</a>
<div class="">
<span class="badge badge-default">Admin Account AccountSearch.Search for an account using account number</span>
</div>
</td>
</tr>
<tr class="tag-test-status" status="fail">
<td><span class="badge log fail-bg">Fail</span></td>
<td>22:02:55 pm</td>
<td>
<a href="#" class="linked" test-id='75' id='102'>Validate a newly created account</a>
<div class="">
<span class="badge badge-default">Admin Account AccountValidation.Validate a newly created account</span>
</div>
</td>
</tr>
<tr class="tag-test-status" status="fail">
<td><span class="badge log fail-bg">Fail</span></td>
<td>22:03:31 pm</td>
<td>
<a href="#" class="linked" test-id='75' id='115'>Reject an account</a>
<div class="">
<span class="badge badge-default">Admin Account AccountValidation.Reject an account</span>
</div>
</td>
</tr>
<tr class="tag-test-status" status="fail">
<td><span class="badge log fail-bg">Fail</span></td>
<td>22:04:16 pm</td>
<td>
<a href="#" class="linked" test-id='151' id='152'>Search for an account using account number and verify Applications page load case 1</a>
<div class="">
<span class="badge badge-default">Admin Account AccountViewApplications.Search for an account using account number and verify Applications page load case 1</span>
</div>
</td>
</tr>
<tr class="tag-test-status" status="fail">
<td><span class="badge log fail-bg">Fail</span></td>
<td>22:04:25 pm</td>
<td>
<a href="#" class="linked" test-id='151' id='154'>Search for an account using account number and verify Applications page load2</a>
<div class="">
<span class="badge badge-default">Admin Account AccountViewApplications.Search for an account using account number and verify Applications page load2</span>
</div>
</td>
</tr>
<tr class="tag-test-status" status="fail">
<td><span class="badge log fail-bg">Fail</span></td>
<td>22:04:31 pm</td>
<td>
<a href="#" class="linked" test-id='155' id='156'>Search for an account using account number and verify Active Jobs page load case 1</a>
<div class="">
<span class="badge badge-default">Admin Account AccountViewActiveJobs.Search for an account using account number and verify Active Jobs page load case 1</span>
</div>
</td>
</tr>
<tr class="tag-test-status" status="fail">
<td><span class="badge log fail-bg">Fail</span></td>
<td>22:04:59 pm</td>
<td>
<a href="#" class="linked" test-id='187' id='188'>Search for an account using account number 1478 and verify page load</a>
<div class="">
<span class="badge badge-default">Admin Account AccountViewError.Search for an account using account number 1478 and verify page load</span>
</div>
</td>
</tr>
</tbody>
</table>
</div>
</li>
<li class="test-item">
<div class="test-detail">
<span class="meta">
<span class='badge log badge-danger'>1</span>
</span>
<p class="name">@screeningQuestionJobPosting</p>
<p class="duration text-sm">1 tests</p>
</div>
<div class="test-contents d-none">
<div class="info">
<h4>@screeningQuestionJobPosting</h4>
<span status="fail" class='badge log badge-danger'>1 failed</span>
</div>
<table class='table table-sm mt-4'>
<thead>
<tr>
<th class="status-col">Status</th>
<th class="timestamp-col">Timestamp</th>
<th>TestName</th>
</tr>
</thead>
<tbody>
<tr class="tag-test-status" status="fail">
<td><span class="badge log fail-bg">Fail</span></td>
<td>21:59:01 pm</td>
<td>
<a href="#" class="linked" test-id='1' id='3'>Posting a screening question job</a>
<div class="">
<span class="badge badge-default">Data setup for candidate tests.Posting a screening question job</span>
</div>
</td>
</tr>
</tbody>
</table>
</div>
</li>
<li class="test-item">
<div class="test-detail">
<span class="meta">
<span class='badge log badge-danger'>3</span>
</span>
<p class="name">@AdminE2E</p>
<p class="duration text-sm">3 tests</p>
</div>
<div class="test-contents d-none">
<div class="info">
<h4>@AdminE2E</h4>
<span status="fail" class='badge log badge-danger'>3 failed</span>
</div>
<table class='table table-sm mt-4'>
<thead>
<tr>
<th class="status-col">Status</th>
<th class="timestamp-col">Timestamp</th>
<th>TestName</th>
</tr>
</thead>
<tbody>
<tr class="tag-test-status" status="fail">
<td><span class="badge log fail-bg">Fail</span></td>
<td>22:02:12 pm</td>
<td>
<a href="#" class="linked" test-id='83' id='84'>Search for an account using account number</a>
<div class="">
<span class="badge badge-default">Admin Account AccountSearch.Search for an account using account number</span>
</div>
</td>
</tr>
<tr class="tag-test-status" status="fail">
<td><span class="badge log fail-bg">Fail</span></td>
<td>22:03:31 pm</td>
<td>
<a href="#" class="linked" test-id='75' id='115'>Reject an account</a>
<div class="">
<span class="badge badge-default">Admin Account AccountValidation.Reject an account</span>
</div>
</td>
</tr>
<tr class="tag-test-status" status="fail">
<td><span class="badge log fail-bg">Fail</span></td>
<td>22:04:59 pm</td>
<td>
<a href="#" class="linked" test-id='187' id='188'>Search for an account using account number 1478 and verify page load</a>
<div class="">
<span class="badge badge-default">Admin Account AccountViewError.Search for an account using account number 1478 and verify page load</span>
</div>
</td>
</tr>
</tbody>
</table>
</div>
</li>
<li class="test-item">
<div class="test-detail">
<span class="meta">
<span class='badge log badge-danger'>16</span>
</span>
<p class="name">@Regression</p>
<p class="duration text-sm">16 tests</p>
</div>
<div class="test-contents d-none">
<div class="info">
<h4>@Regression</h4>
<span status="fail" class='badge log badge-danger'>16 failed</span>
</div>
<table class='table table-sm mt-4'>
<thead>
<tr>
<th class="status-col">Status</th>
<th class="timestamp-col">Timestamp</th>
<th>TestName</th>
</tr>
</thead>
<tbody>
<tr class="tag-test-status" status="fail">
<td><span class="badge log fail-bg">Fail</span></td>
<td>21:58:54 pm</td>
<td>
<a href="#" class="linked" test-id='1' id='2'>Posting a non external job</a>
<div class="">
<span class="badge badge-default">Data setup for candidate tests.Posting a non external job</span>
</div>
</td>
</tr>
<tr class="tag-test-status" status="fail">
<td><span class="badge log fail-bg">Fail</span></td>
<td>21:59:01 pm</td>
<td>
<a href="#" class="linked" test-id='1' id='3'>Posting a screening question job</a>
<div class="">
<span class="badge badge-default">Data setup for candidate tests.Posting a screening question job</span>
</div>
</td>
</tr>
<tr class="tag-test-status" status="fail">
<td><span class="badge log fail-bg">Fail</span></td>
<td>21:59:07 pm</td>
<td>
<a href="#" class="linked" test-id='1' id='4'>Posting a quick apply job</a>
<div class="">
<span class="badge badge-default">Data setup for candidate tests.Posting a quick apply job</span>
</div>
</td>
</tr>
<tr class="tag-test-status" status="fail">
<td><span class="badge log fail-bg">Fail</span></td>
<td>21:59:16 pm</td>
<td>
<a href="#" class="linked" test-id='1' id='8'>Posting a drummer job for featured banner</a>
<div class="">
<span class="badge badge-default">Data setup for candidate tests.Posting a drummer job for featured banner</span>
</div>
</td>
</tr>
<tr class="tag-test-status" status="fail">
<td><span class="badge log fail-bg">Fail</span></td>
<td>21:59:28 pm</td>
<td>
<a href="#" class="linked" test-id='1' id='9'>Verifying job posting spend type is ACCOUNT not CLIENT</a>
<div class="">
<span class="badge badge-default">Data setup for candidate tests.Verifying job posting spend type is ACCOUNT not CLIENT</span>
</div>
</td>
</tr>
<tr class="tag-test-status" status="fail">
<td><span class="badge log fail-bg">Fail</span></td>
<td>22:00:57 pm</td>
<td>
<a href="#" class="linked" test-id='1' id='21'>Posting a 1-click apply job</a>
<div class="">
<span class="badge badge-default">Data setup for candidate tests.Posting a 1-click apply job</span>
</div>
</td>
</tr>
<tr class="tag-test-status" status="fail">
<td><span class="badge log fail-bg">Fail</span></td>
<td>22:01:53 pm</td>
<td>
<a href="#" class="linked" test-id='1' id='73'>Delete saved card</a>
<div class="">
<span class="badge badge-default">Data setup for candidate tests.Delete saved card</span>
</div>
</td>
</tr>
<tr class="tag-test-status" status="fail">
<td><span class="badge log fail-bg">Fail</span></td>
<td>22:01:58 pm</td>
<td>
<a href="#" class="linked" test-id='75' id='76'>Modify an account</a>
<div class="">
<span class="badge badge-default">Admin Account AccountValidation.Modify an account</span>
</div>
</td>
</tr>
<tr class="tag-test-status" status="fail">
<td><span class="badge log fail-bg">Fail</span></td>
<td>22:02:07 pm</td>
<td>
<a href="#" class="linked" test-id='1' id='79'>Delete saved search</a>
<div class="">
<span class="badge badge-default">Data setup for candidate tests.Delete saved search</span>
</div>
</td>
</tr>
<tr class="tag-test-status" status="fail">
<td><span class="badge log fail-bg">Fail</span></td>
<td>22:02:12 pm</td>
<td>
<a href="#" class="linked" test-id='83' id='84'>Search for an account using account number</a>
<div class="">
<span class="badge badge-default">Admin Account AccountSearch.Search for an account using account number</span>
</div>
</td>
</tr>
<tr class="tag-test-status" status="fail">
<td><span class="badge log fail-bg">Fail</span></td>
<td>22:02:55 pm</td>
<td>
<a href="#" class="linked" test-id='75' id='102'>Validate a newly created account</a>
<div class="">
<span class="badge badge-default">Admin Account AccountValidation.Validate a newly created account</span>
</div>
</td>
</tr>
<tr class="tag-test-status" status="fail">
<td><span class="badge log fail-bg">Fail</span></td>
<td>22:03:31 pm</td>
<td>
<a href="#" class="linked" test-id='75' id='115'>Reject an account</a>
<div class="">
<span class="badge badge-default">Admin Account AccountValidation.Reject an account</span>
</div>
</td>
</tr>
<tr class="tag-test-status" status="fail">
<td><span class="badge log fail-bg">Fail</span></td>
<td>22:04:16 pm</td>
<td>
<a href="#" class="linked" test-id='151' id='152'>Search for an account using account number and verify Applications page load case 1</a>
<div class="">
<span class="badge badge-default">Admin Account AccountViewApplications.Search for an account using account number and verify Applications page load case 1</span>
</div>
</td>
</tr>
<tr class="tag-test-status" status="fail">
<td><span class="badge log fail-bg">Fail</span></td>
<td>22:04:25 pm</td>
<td>
<a href="#" class="linked" test-id='151' id='154'>Search for an account using account number and verify Applications page load2</a>
<div class="">
<span class="badge badge-default">Admin Account AccountViewApplications.Search for an account using account number and verify Applications page load2</span>
</div>
</td>
</tr>
<tr class="tag-test-status" status="fail">
<td><span class="badge log fail-bg">Fail</span></td>
<td>22:04:31 pm</td>
<td>
<a href="#" class="linked" test-id='155' id='156'>Search for an account using account number and verify Active Jobs page load case 1</a>
<div class="">
<span class="badge badge-default">Admin Account AccountViewActiveJobs.Search for an account using account number and verify Active Jobs page load case 1</span>
</div>
</td>
</tr>
<tr class="tag-test-status" status="fail">
<td><span class="badge log fail-bg">Fail</span></td>
<td>22:04:59 pm</td>
<td>
<a href="#" class="linked" test-id='187' id='188'>Search for an account using account number 1478 and verify page load</a>
<div class="">
<span class="badge badge-default">Admin Account AccountViewError.Search for an account using account number 1478 and verify page load</span>
</div>
</td>
</tr>
</tbody>
</table>
</div>
</li>
<li class="test-item">
<div class="test-detail">
<span class="meta">
<span class='badge log badge-danger'>1</span>
</span>
<p class="name">@accountModify</p>
<p class="duration text-sm">1 tests</p>
</div>
<div class="test-contents d-none">
<div class="info">
<h4>@accountModify</h4>
<span status="fail" class='badge log badge-danger'>1 failed</span>
</div>
<table class='table table-sm mt-4'>
<thead>
<tr>
<th class="status-col">Status</th>
<th class="timestamp-col">Timestamp</th>
<th>TestName</th>
</tr>
</thead>
<tbody>
<tr class="tag-test-status" status="fail">
<td><span class="badge log fail-bg">Fail</span></td>
<td>22:01:58 pm</td>
<td>
<a href="#" class="linked" test-id='75' id='76'>Modify an account</a>
<div class="">
<span class="badge badge-default">Admin Account AccountValidation.Modify an account</span>
</div>
</td>
</tr>
</tbody>
</table>
</div>
</li>
<li class="test-item">
<div class="test-detail">
<span class="meta">
<span class='badge log badge-danger'>1</span>
</span>
<p class="name">@accountViewApplicationsTwo</p>
<p class="duration text-sm">1 tests</p>
</div>
<div class="test-contents d-none">
<div class="info">
<h4>@accountViewApplicationsTwo</h4>
<span status="fail" class='badge log badge-danger'>1 failed</span>
</div>
<table class='table table-sm mt-4'>
<thead>
<tr>
<th class="status-col">Status</th>
<th class="timestamp-col">Timestamp</th>
<th>TestName</th>
</tr>
</thead>
<tbody>
<tr class="tag-test-status" status="fail">
<td><span class="badge log fail-bg">Fail</span></td>
<td>22:04:25 pm</td>
<td>
<a href="#" class="linked" test-id='151' id='154'>Search for an account using account number and verify Applications page load2</a>
<div class="">
<span class="badge badge-default">Admin Account AccountViewApplications.Search for an account using account number and verify Applications page load2</span>
</div>
</td>
</tr>
</tbody>
</table>
</div>
</li>
<li class="test-item">
<div class="test-detail">
<span class="meta">
<span class='badge log badge-danger'>1</span>
</span>
<p class="name">@nonExternalJobPosting</p>
<p class="duration text-sm">1 tests</p>
</div>
<div class="test-contents d-none">
<div class="info">
<h4>@nonExternalJobPosting</h4>
<span status="fail" class='badge log badge-danger'>1 failed</span>
</div>
<table class='table table-sm mt-4'>
<thead>
<tr>
<th class="status-col">Status</th>
<th class="timestamp-col">Timestamp</th>
<th>TestName</th>
</tr>
</thead>
<tbody>
<tr class="tag-test-status" status="fail">
<td><span class="badge log fail-bg">Fail</span></td>
<td>21:58:54 pm</td>
<td>
<a href="#" class="linked" test-id='1' id='2'>Posting a non external job</a>
<div class="">
<span class="badge badge-default">Data setup for candidate tests.Posting a non external job</span>
</div>
</td>
</tr>
</tbody>
</table>
</div>
</li>
<li class="test-item">
<div class="test-detail">
<span class="meta">
<span class='badge log badge-danger'>9</span>
</span>
<p class="name">@DataSetupForAllTests</p>
<p class="duration text-sm">9 tests</p>
</div>
<div class="test-contents d-none">
<div class="info">
<h4>@DataSetupForAllTests</h4>
<span status="fail" class='badge log badge-danger'>9 failed</span>
</div>
<table class='table table-sm mt-4'>
<thead>
<tr>
<th class="status-col">Status</th>
<th class="timestamp-col">Timestamp</th>
<th>TestName</th>
</tr>
</thead>
<tbody>
<tr class="tag-test-status" status="fail">
<td><span class="badge log fail-bg">Fail</span></td>
<td>21:58:54 pm</td>
<td>
<a href="#" class="linked" test-id='1' id='2'>Posting a non external job</a>
<div class="">
<span class="badge badge-default">Data setup for candidate tests.Posting a non external job</span>
</div>
</td>
</tr>
<tr class="tag-test-status" status="fail">
<td><span class="badge log fail-bg">Fail</span></td>
<td>21:59:01 pm</td>
<td>
<a href="#" class="linked" test-id='1' id='3'>Posting a screening question job</a>
<div class="">
<span class="badge badge-default">Data setup for candidate tests.Posting a screening question job</span>
</div>
</td>
</tr>
<tr class="tag-test-status" status="fail">
<td><span class="badge log fail-bg">Fail</span></td>
<td>21:59:07 pm</td>
<td>
<a href="#" class="linked" test-id='1' id='4'>Posting a quick apply job</a>
<div class="">
<span class="badge badge-default">Data setup for candidate tests.Posting a quick apply job</span>
</div>
</td>
</tr>
<tr class="tag-test-status" status="fail">
<td><span class="badge log fail-bg">Fail</span></td>
<td>21:59:16 pm</td>
<td>
<a href="#" class="linked" test-id='1' id='8'>Posting a drummer job for featured banner</a>
<div class="">
<span class="badge badge-default">Data setup for candidate tests.Posting a drummer job for featured banner</span>
</div>
</td>
</tr>
<tr class="tag-test-status" status="fail">
<td><span class="badge log fail-bg">Fail</span></td>
<td>21:59:28 pm</td>
<td>
<a href="#" class="linked" test-id='1' id='9'>Verifying job posting spend type is ACCOUNT not CLIENT</a>
<div class="">
<span class="badge badge-default">Data setup for candidate tests.Verifying job posting spend type is ACCOUNT not CLIENT</span>
</div>
</td>
</tr>
<tr class="tag-test-status" status="fail">
<td><span class="badge log fail-bg">Fail</span></td>
<td>22:00:57 pm</td>
<td>
<a href="#" class="linked" test-id='1' id='21'>Posting a 1-click apply job</a>
<div class="">
<span class="badge badge-default">Data setup for candidate tests.Posting a 1-click apply job</span>
</div>
</td>
</tr>
<tr class="tag-test-status" status="fail">
<td><span class="badge log fail-bg">Fail</span></td>
<td>22:01:53 pm</td>
<td>
<a href="#" class="linked" test-id='1' id='73'>Delete saved card</a>
<div class="">
<span class="badge badge-default">Data setup for candidate tests.Delete saved card</span>
</div>
</td>
</tr>
<tr class="tag-test-status" status="fail">
<td><span class="badge log fail-bg">Fail</span></td>
<td>22:02:07 pm</td>
<td>
<a href="#" class="linked" test-id='1' id='79'>Delete saved search</a>
<div class="">
<span class="badge badge-default">Data setup for candidate tests.Delete saved search</span>
</div>
</td>
</tr>
<tr class="tag-test-status" status="fail">
<td><span class="badge log fail-bg">Fail</span></td>
<td>22:04:25 pm</td>
<td>
<a href="#" class="linked" test-id='151' id='154'>Search for an account using account number and verify Applications page load2</a>
<div class="">
<span class="badge badge-default">Admin Account AccountViewApplications.Search for an account using account number and verify Applications page load2</span>
</div>
</td>
</tr>
</tbody>
</table>
</div>
</li>
<li class="test-item">
<div class="test-detail">
<span class="meta">
<span class='badge log badge-danger'>3</span>
</span>
<p class="name">@AdminAccountValidation</p>
<p class="duration text-sm">3 tests</p>
</div>
<div class="test-contents d-none">
<div class="info">
<h4>@AdminAccountValidation</h4>
<span status="fail" class='badge log badge-danger'>3 failed</span>
</div>
<table class='table table-sm mt-4'>
<thead>
<tr>
<th class="status-col">Status</th>
<th class="timestamp-col">Timestamp</th>
<th>TestName</th>
</tr>
</thead>
<tbody>
<tr class="tag-test-status" status="fail">
<td><span class="badge log fail-bg">Fail</span></td>
<td>22:01:58 pm</td>
<td>
<a href="#" class="linked" test-id='75' id='76'>Modify an account</a>
<div class="">
<span class="badge badge-default">Admin Account AccountValidation.Modify an account</span>
</div>
</td>
</tr>
<tr class="tag-test-status" status="fail">
<td><span class="badge log fail-bg">Fail</span></td>
<td>22:02:55 pm</td>
<td>
<a href="#" class="linked" test-id='75' id='102'>Validate a newly created account</a>
<div class="">
<span class="badge badge-default">Admin Account AccountValidation.Validate a newly created account</span>
</div>
</td>
</tr>
<tr class="tag-test-status" status="fail">
<td><span class="badge log fail-bg">Fail</span></td>
<td>22:03:31 pm</td>
<td>
<a href="#" class="linked" test-id='75' id='115'>Reject an account</a>
<div class="">
<span class="badge badge-default">Admin Account AccountValidation.Reject an account</span>
</div>
</td>
</tr>
</tbody>
</table>
</div>
</li>
<li class="test-item">
<div class="test-detail">
<span class="meta">
<span class='badge log badge-danger'>1</span>
</span>
<p class="name">@accountRejection</p>
<p class="duration text-sm">1 tests</p>
</div>
<div class="test-contents d-none">
<div class="info">
<h4>@accountRejection</h4>
<span status="fail" class='badge log badge-danger'>1 failed</span>
</div>
<table class='table table-sm mt-4'>
<thead>
<tr>
<th class="status-col">Status</th>
<th class="timestamp-col">Timestamp</th>
<th>TestName</th>
</tr>
</thead>
<tbody>
<tr class="tag-test-status" status="fail">
<td><span class="badge log fail-bg">Fail</span></td>
<td>22:03:31 pm</td>
<td>
<a href="#" class="linked" test-id='75' id='115'>Reject an account</a>
<div class="">
<span class="badge badge-default">Admin Account AccountValidation.Reject an account</span>
</div>
</td>
</tr>
</tbody>
</table>
</div>
</li>
<li class="test-item">
<div class="test-detail">
<span class="meta">
<span class='badge log badge-danger'>1</span>
</span>
<p class="name">@accountViewOne</p>
<p class="duration text-sm">1 tests</p>
</div>
<div class="test-contents d-none">
<div class="info">
<h4>@accountViewOne</h4>
<span status="fail" class='badge log badge-danger'>1 failed</span>
</div>
<table class='table table-sm mt-4'>
<thead>
<tr>
<th class="status-col">Status</th>
<th class="timestamp-col">Timestamp</th>
<th>TestName</th>
</tr>
</thead>
<tbody>
<tr class="tag-test-status" status="fail">
<td><span class="badge log fail-bg">Fail</span></td>
<td>22:04:59 pm</td>
<td>
<a href="#" class="linked" test-id='187' id='188'>Search for an account using account number 1478 and verify page load</a>
<div class="">
<span class="badge badge-default">Admin Account AccountViewError.Search for an account using account number 1478 and verify page load</span>
</div>
</td>
</tr>
</tbody>
</table>
</div>
</li>
<li class="test-item">
<div class="test-detail">
<span class="meta">
<span class='badge log badge-danger'>1</span>
</span>
<p class="name">@AccountViewActiveJobs</p>
<p class="duration text-sm">1 tests</p>
</div>
<div class="test-contents d-none">
<div class="info">
<h4>@AccountViewActiveJobs</h4>
<span status="fail" class='badge log badge-danger'>1 failed</span>
</div>
<table class='table table-sm mt-4'>
<thead>
<tr>
<th class="status-col">Status</th>
<th class="timestamp-col">Timestamp</th>
<th>TestName</th>
</tr>
</thead>
<tbody>
<tr class="tag-test-status" status="fail">
<td><span class="badge log fail-bg">Fail</span></td>
<td>22:04:31 pm</td>
<td>
<a href="#" class="linked" test-id='155' id='156'>Search for an account using account number and verify Active Jobs page load case 1</a>
<div class="">
<span class="badge badge-default">Admin Account AccountViewActiveJobs.Search for an account using account number and verify Active Jobs page load case 1</span>
</div>
</td>
</tr>
</tbody>
</table>
</div>
</li>
<li class="test-item">
<div class="test-detail">
<span class="meta">
<span class='badge log badge-danger'>9</span>
</span>
<p class="name">@Web</p>
<p class="duration text-sm">9 tests</p>
</div>
<div class="test-contents d-none">
<div class="info">
<h4>@Web</h4>
<span status="fail" class='badge log badge-danger'>9 failed</span>
</div>
<table class='table table-sm mt-4'>
<thead>
<tr>
<th class="status-col">Status</th>
<th class="timestamp-col">Timestamp</th>
<th>TestName</th>
</tr>
</thead>
<tbody>
<tr class="tag-test-status" status="fail">
<td><span class="badge log fail-bg">Fail</span></td>
<td>21:58:54 pm</td>
<td>
<a href="#" class="linked" test-id='1' id='2'>Posting a non external job</a>
<div class="">
<span class="badge badge-default">Data setup for candidate tests.Posting a non external job</span>
</div>
</td>
</tr>
<tr class="tag-test-status" status="fail">
<td><span class="badge log fail-bg">Fail</span></td>
<td>21:59:01 pm</td>
<td>
<a href="#" class="linked" test-id='1' id='3'>Posting a screening question job</a>
<div class="">
<span class="badge badge-default">Data setup for candidate tests.Posting a screening question job</span>
</div>
</td>
</tr>
<tr class="tag-test-status" status="fail">
<td><span class="badge log fail-bg">Fail</span></td>
<td>21:59:07 pm</td>
<td>
<a href="#" class="linked" test-id='1' id='4'>Posting a quick apply job</a>
<div class="">
<span class="badge badge-default">Data setup for candidate tests.Posting a quick apply job</span>
</div>
</td>
</tr>
<tr class="tag-test-status" status="fail">
<td><span class="badge log fail-bg">Fail</span></td>
<td>21:59:16 pm</td>
<td>
<a href="#" class="linked" test-id='1' id='8'>Posting a drummer job for featured banner</a>
<div class="">
<span class="badge badge-default">Data setup for candidate tests.Posting a drummer job for featured banner</span>
</div>
</td>
</tr>
<tr class="tag-test-status" status="fail">
<td><span class="badge log fail-bg">Fail</span></td>
<td>21:59:28 pm</td>
<td>
<a href="#" class="linked" test-id='1' id='9'>Verifying job posting spend type is ACCOUNT not CLIENT</a>
<div class="">
<span class="badge badge-default">Data setup for candidate tests.Verifying job posting spend type is ACCOUNT not CLIENT</span>
</div>
</td>
</tr>
<tr class="tag-test-status" status="fail">
<td><span class="badge log fail-bg">Fail</span></td>
<td>22:00:57 pm</td>
<td>
<a href="#" class="linked" test-id='1' id='21'>Posting a 1-click apply job</a>
<div class="">
<span class="badge badge-default">Data setup for candidate tests.Posting a 1-click apply job</span>
</div>
</td>
</tr>
<tr class="tag-test-status" status="fail">
<td><span class="badge log fail-bg">Fail</span></td>
<td>22:01:53 pm</td>
<td>
<a href="#" class="linked" test-id='1' id='73'>Delete saved card</a>
<div class="">
<span class="badge badge-default">Data setup for candidate tests.Delete saved card</span>
</div>
</td>
</tr>
<tr class="tag-test-status" status="fail">
<td><span class="badge log fail-bg">Fail</span></td>
<td>22:02:07 pm</td>
<td>
<a href="#" class="linked" test-id='1' id='79'>Delete saved search</a>
<div class="">
<span class="badge badge-default">Data setup for candidate tests.Delete saved search</span>
</div>
</td>
</tr>
<tr class="tag-test-status" status="fail">
<td><span class="badge log fail-bg">Fail</span></td>
<td>22:04:25 pm</td>
<td>
<a href="#" class="linked" test-id='151' id='154'>Search for an account using account number and verify Applications page load2</a>
<div class="">
<span class="badge badge-default">Admin Account AccountViewApplications.Search for an account using account number and verify Applications page load2</span>
</div>
</td>
</tr>
</tbody>
</table>
</div>
</li>
<li class="test-item">
<div class="test-detail">
<span class="meta">
<span class='badge log badge-danger'>15</span>
</span>
<p class="name">@ReleaseRegression1</p>
<p class="duration text-sm">15 tests</p>
</div>
<div class="test-contents d-none">
<div class="info">
<h4>@ReleaseRegression1</h4>
<span status="fail" class='badge log badge-danger'>15 failed</span>
</div>
<table class='table table-sm mt-4'>
<thead>
<tr>
<th class="status-col">Status</th>
<th class="timestamp-col">Timestamp</th>
<th>TestName</th>
</tr>
</thead>
<tbody>
<tr class="tag-test-status" status="fail">
<td><span class="badge log fail-bg">Fail</span></td>
<td>21:58:54 pm</td>
<td>
<a href="#" class="linked" test-id='1' id='2'>Posting a non external job</a>
<div class="">
<span class="badge badge-default">Data setup for candidate tests.Posting a non external job</span>
</div>
</td>
</tr>
<tr class="tag-test-status" status="fail">
<td><span class="badge log fail-bg">Fail</span></td>
<td>21:59:01 pm</td>
<td>
<a href="#" class="linked" test-id='1' id='3'>Posting a screening question job</a>
<div class="">
<span class="badge badge-default">Data setup for candidate tests.Posting a screening question job</span>
</div>
</td>
</tr>
<tr class="tag-test-status" status="fail">
<td><span class="badge log fail-bg">Fail</span></td>
<td>21:59:07 pm</td>
<td>
<a href="#" class="linked" test-id='1' id='4'>Posting a quick apply job</a>
<div class="">
<span class="badge badge-default">Data setup for candidate tests.Posting a quick apply job</span>
</div>
</td>
</tr>
<tr class="tag-test-status" status="fail">
<td><span class="badge log fail-bg">Fail</span></td>
<td>21:59:16 pm</td>
<td>
<a href="#" class="linked" test-id='1' id='8'>Posting a drummer job for featured banner</a>
<div class="">
<span class="badge badge-default">Data setup for candidate tests.Posting a drummer job for featured banner</span>
</div>
</td>
</tr>
<tr class="tag-test-status" status="fail">
<td><span class="badge log fail-bg">Fail</span></td>
<td>21:59:28 pm</td>
<td>
<a href="#" class="linked" test-id='1' id='9'>Verifying job posting spend type is ACCOUNT not CLIENT</a>
<div class="">
<span class="badge badge-default">Data setup for candidate tests.Verifying job posting spend type is ACCOUNT not CLIENT</span>
</div>
</td>
</tr>
<tr class="tag-test-status" status="fail">
<td><span class="badge log fail-bg">Fail</span></td>
<td>22:00:57 pm</td>
<td>
<a href="#" class="linked" test-id='1' id='21'>Posting a 1-click apply job</a>
<div class="">
<span class="badge badge-default">Data setup for candidate tests.Posting a 1-click apply job</span>
</div>
</td>
</tr>
<tr class="tag-test-status" status="fail">
<td><span class="badge log fail-bg">Fail</span></td>
<td>22:01:53 pm</td>
<td>
<a href="#" class="linked" test-id='1' id='73'>Delete saved card</a>
<div class="">
<span class="badge badge-default">Data setup for candidate tests.Delete saved card</span>
</div>
</td>
</tr>
<tr class="tag-test-status" status="fail">
<td><span class="badge log fail-bg">Fail</span></td>
<td>22:01:58 pm</td>
<td>
<a href="#" class="linked" test-id='75' id='76'>Modify an account</a>
<div class="">
<span class="badge badge-default">Admin Account AccountValidation.Modify an account</span>
</div>
</td>
</tr>
<tr class="tag-test-status" status="fail">
<td><span class="badge log fail-bg">Fail</span></td>
<td>22:02:07 pm</td>
<td>
<a href="#" class="linked" test-id='1' id='79'>Delete saved search</a>
<div class="">
<span class="badge badge-default">Data setup for candidate tests.Delete saved search</span>
</div>
</td>
</tr>
<tr class="tag-test-status" status="fail">
<td><span class="badge log fail-bg">Fail</span></td>
<td>22:02:12 pm</td>
<td>
<a href="#" class="linked" test-id='83' id='84'>Search for an account using account number</a>
<div class="">
<span class="badge badge-default">Admin Account AccountSearch.Search for an account using account number</span>
</div>
</td>
</tr>
<tr class="tag-test-status" status="fail">
<td><span class="badge log fail-bg">Fail</span></td>
<td>22:02:55 pm</td>
<td>
<a href="#" class="linked" test-id='75' id='102'>Validate a newly created account</a>
<div class="">
<span class="badge badge-default">Admin Account AccountValidation.Validate a newly created account</span>
</div>
</td>
</tr>
<tr class="tag-test-status" status="fail">
<td><span class="badge log fail-bg">Fail</span></td>
<td>22:03:31 pm</td>
<td>
<a href="#" class="linked" test-id='75' id='115'>Reject an account</a>
<div class="">
<span class="badge badge-default">Admin Account AccountValidation.Reject an account</span>
</div>
</td>
</tr>
<tr class="tag-test-status" status="fail">
<td><span class="badge log fail-bg">Fail</span></td>
<td>22:04:25 pm</td>
<td>
<a href="#" class="linked" test-id='151' id='154'>Search for an account using account number and verify Applications page load2</a>
<div class="">
<span class="badge badge-default">Admin Account AccountViewApplications.Search for an account using account number and verify Applications page load2</span>
</div>
</td>
</tr>
<tr class="tag-test-status" status="fail">
<td><span class="badge log fail-bg">Fail</span></td>
<td>22:04:31 pm</td>
<td>
<a href="#" class="linked" test-id='155' id='156'>Search for an account using account number and verify Active Jobs page load case 1</a>
<div class="">
<span class="badge badge-default">Admin Account AccountViewActiveJobs.Search for an account using account number and verify Active Jobs page load case 1</span>
</div>
</td>
</tr>
<tr class="tag-test-status" status="fail">
<td><span class="badge log fail-bg">Fail</span></td>
<td>22:04:59 pm</td>
<td>
<a href="#" class="linked" test-id='187' id='188'>Search for an account using account number 1478 and verify page load</a>
<div class="">
<span class="badge badge-default">Admin Account AccountViewError.Search for an account using account number 1478 and verify page load</span>
</div>
</td>
</tr>
</tbody>
</table>
</div>
</li>
<li class="test-item">
<div class="test-detail">
<span class="meta">
<span class='badge log badge-danger'>1</span>
</span>
<p class="name">@quickApplyJobPosting</p>
<p class="duration text-sm">1 tests</p>
</div>
<div class="test-contents d-none">
<div class="info">
<h4>@quickApplyJobPosting</h4>
<span status="fail" class='badge log badge-danger'>1 failed</span>
</div>
<table class='table table-sm mt-4'>
<thead>
<tr>
<th class="status-col">Status</th>
<th class="timestamp-col">Timestamp</th>
<th>TestName</th>
</tr>
</thead>
<tbody>
<tr class="tag-test-status" status="fail">
<td><span class="badge log fail-bg">Fail</span></td>
<td>21:59:07 pm</td>
<td>
<a href="#" class="linked" test-id='1' id='4'>Posting a quick apply job</a>
<div class="">
<span class="badge badge-default">Data setup for candidate tests.Posting a quick apply job</span>
</div>
</td>
</tr>
</tbody>
</table>
</div>
</li>
</ul>
</div>
</div>
<div class="test-content scrollable">
<div class="test-content-detail">
<div class="detail-body"></div>
</div>
</div>
</div><div class="container-fluid p-4 view dashboard-view">
<div class="row">
<div class="col-md-3">
<div class="card"><div class="card-body">
<p class="m-b-0">Started</p>
<h3>Dec 13, 2022 09:58:53 pm</h3>
</div></div>
</div>
<div class="col-md-3">
<div class="card"><div class="card-body">
<p class="m-b-0">Ended</p>
<h3>Dec 13, 2022 10:06:28 pm</h3>
</div></div>
</div>
<div class="col-md-3">
<div class="card"><div class="card-body">
<p class="m-b-0 text-pass">Features Passed</p>
<h3>0</h3>
</div></div>
</div>
<div class="col-md-3">
<div class="card"><div class="card-body">
<p class="m-b-0 text-fail">Features Failed</p>
<h3>6</h3>
</div></div>
</div>
</div>
<div class="row">
<div class="col-md-4">
<div class="card">
<div class="card-header">
<h6 class="card-title">Features</h6>
</div>
<div class="card-body">
<div class="">
<canvas id='parent-analysis' width='115' height='90'></canvas>
</div>
</div>
<div class="card-footer">
<div><small data-tooltip='0%'>
<b>0</b> features passed
</small>
</div>
<div>
<small data-tooltip='100%'><b>6</b> features failed,
<b>0</b> skipped, <b data-tooltip='0%'>0</b> others
</small>
</div>
</div>
</div>
</div>
<div class="col-md-4">
<div class="card">
<div class="card-header">
<h6 class="card-title">Scenarios</h6>
</div>
<div class="card-body">
<div class="">
<canvas id='child-analysis' width='115' height='90'></canvas>
</div>
</div>
<div class="card-footer">
<div><small data-tooltip='0%'><b>0</b> scenarios passed</small></div>
<div>
<small data-tooltip='100%'><b>16</b> scenarios failed,
<b>0</b> skipped, <b data-tooltip='%'>0</b> others
</small>
</div>
</div>
</div>
</div>
<div class="col-md-4">
<div class="card">
<div class="card-header">
<h6 class="card-title">Steps</h6>
</div>
<div class="card-body">
<div class="">
<canvas id='grandchild-analysis' width='115' height='90'></canvas>
</div>
</div>
<div class="card-footer">
<div><small data-tooltip='6%'><b>16</b> steps passed</small></div>
<div>
<small data-tooltip='6%'><b>16</b> steps failed,
<b>198</b> skipped, <b data-tooltip='%'>0</b> others
</small>
</div>
</div>
</div>
</div>
</div>
<div class="row"><div class="col-md-12">
<div class="card"><div class="card-header"><p>Timeline</p></div>
<div class="card-body pt-0"><div>
<canvas id="timeline" height="120"></canvas>
</div></div>
</div>
</div></div>
<script>
var timeline = {
"Data setup for candidate tests":319.911,"Admin Account AccountValidation":260.176,"Admin Account AccountSearch":77.455,"Admin Account AccountViewApplications":129.319,"Admin Account AccountViewActiveJobs":105.261,"Admin Account AccountViewError":81.716
};
</script>
<div class="row">
<div class="col-lg-6 col-md-12 category-container">
<div class="card">
<div class="card-header"><p>Tags</p></div>
<div class="card-body pb-0 pt-0"><table class="table table-sm table-bordered">
<thead><tr class="bg-gray"><th>Name</th><th>Passed</th><th>Failed</th><th>Skipped</th><th>Others</th><th>Passed %</th></tr></thead><tbody>
<tr>
<td>@1ClickApplyJobPosting</td>
<td>0</td>
<td>1</td>
<td>0</td>
<td>0</td>
<td>0%</td>
</tr>
<tr>
<td>@accountViewActiveJobsOne</td>
<td>0</td>
<td>1</td>
<td>0</td>
<td>0</td>
<td>0%</td>
</tr>
<tr>
<td>@deleteSavedSearch</td>
<td>0</td>
<td>1</td>
<td>0</td>
<td>0</td>
<td>0%</td>
</tr>
<tr>
<td>@AccountViewApplications</td>
<td>0</td>
<td>2</td>
<td>0</td>
<td>0</td>
<td>0%</td>
</tr>
<tr>
<td>@Admin</td>
<td>0</td>
<td>8</td>
<td>0</td>
<td>0</td>
<td>0%</td>
</tr>
<tr>
<td>@AccountView</td>
<td>0</td>
<td>1</td>
<td>0</td>
<td>0</td>
<td>0%</td>
</tr>
<tr>
<td>@deleteSavedCard</td>
<td>0</td>
<td>1</td>
<td>0</td>
<td>0</td>
<td>0%</td>
</tr>
<tr>
<td>@AccountSearch</td>
<td>0</td>
<td>2</td>
<td>0</td>
<td>0</td>
<td>0%</td>
</tr>
<tr>
<td>@accountValidation</td>
<td>0</td>
<td>1</td>
<td>0</td>
<td>0</td>
<td>0%</td>
</tr>
<tr>
<td>@accountViewApplicationsOne</td>
<td>0</td>
<td>1</td>
<td>0</td>
<td>0</td>
<td>0%</td>
</tr>
<tr>
<td>@featuredJobPosting</td>
<td>0</td>
<td>1</td>
<td>0</td>
<td>0</td>
<td>0%</td>
</tr>
<tr>
<td>@jobPosingSpendTypeAccount</td>
<td>0</td>
<td>1</td>
<td>0</td>
<td>0</td>
<td>0%</td>
</tr>
<tr>
<td>@Recruiters</td>
<td>0</td>
<td>16</td>
<td>0</td>
<td>0</td>
<td>0%</td>
</tr>
<tr>
<td>@screeningQuestionJobPosting</td>
<td>0</td>
<td>1</td>
<td>0</td>
<td>0</td>
<td>0%</td>
</tr>
<tr>
<td>@AdminE2E</td>
<td>0</td>
<td>3</td>
<td>0</td>
<td>0</td>
<td>0%</td>
</tr>
<tr>
<td>@Regression</td>
<td>0</td>
<td>16</td>
<td>0</td>
<td>0</td>
<td>0%</td>
</tr>
<tr>
<td>@accountModify</td>
<td>0</td>
<td>1</td>
<td>0</td>
<td>0</td>
<td>0%</td>
</tr>
<tr>
<td>@accountViewApplicationsTwo</td>
<td>0</td>
<td>1</td>
<td>0</td>
<td>0</td>
<td>0%</td>
</tr>
<tr>
<td>@nonExternalJobPosting</td>
<td>0</td>
<td>1</td>
<td>0</td>
<td>0</td>
<td>0%</td>
</tr>
<tr>
<td>@DataSetupForAllTests</td>
<td>0</td>
<td>9</td>
<td>0</td>
<td>0</td>
<td>0%</td>
</tr>
<tr>
<td>@AdminAccountValidation</td>
<td>0</td>
<td>3</td>
<td>0</td>
<td>0</td>
<td>0%</td>
</tr>
<tr>
<td>@accountRejection</td>
<td>0</td>
<td>1</td>
<td>0</td>
<td>0</td>
<td>0%</td>
</tr>
<tr>
<td>@accountViewOne</td>
<td>0</td>
<td>1</td>
<td>0</td>
<td>0</td>
<td>0%</td>
</tr>
<tr>
<td>@AccountViewActiveJobs</td>
<td>0</td>
<td>1</td>
<td>0</td>
<td>0</td>
<td>0%</td>
</tr>
<tr>
<td>@Web</td>
<td>0</td>
<td>9</td>
<td>0</td>
<td>0</td>
<td>0%</td>
</tr>
<tr>
<td>@ReleaseRegression1</td>
<td>0</td>
<td>15</td>
<td>0</td>
<td>0</td>
<td>0%</td>
</tr>
<tr>
<td>@quickApplyJobPosting</td>
<td>0</td>
<td>1</td>
<td>0</td>
<td>0</td>
<td>0%</td>
</tr>
</tbody>
</table></div>
</div>
</div>
</div>
</div>
<script>
var statusGroup = {
parentCount: 5,
passParent: 0,
failParent: 6,
warningParent: 0,
skipParent: 0,
childCount: 5,
passChild: 0,
failChild: 16,
warningChild: 0,
skipChild: 0,
infoChild: 0,
grandChildCount: 5,
passGrandChild: 16,
failGrandChild: 16,
warningGrandChild: 0,
skipGrandChild: 198,
infoGrandChild: 0,
eventsCount: 5,
};
</script>        </div>
      </div>
    </div>
  </div>
<script src="https://cdn.jsdelivr.net/gh/extent-framework/extent-github-cdn@d6562a79075e061305ccfdb82f01e5e195e2d307/spark/js/spark-script.js"></script>
<script type="text/javascript"></script></body>
</html>